07-Apr-2020 13:52:20.804 정보 [main] org.apache.catalina.startup.VersionLoggerListener.log 서버 버전 이름:        Apache Tomcat/8.5.51
07-Apr-2020 13:52:20.804 정보 [main] org.apache.catalina.startup.VersionLoggerListener.log Server 빌드 시각:          Feb 5 2020 22:26:25 UTC
07-Apr-2020 13:52:20.804 정보 [main] org.apache.catalina.startup.VersionLoggerListener.log Server 버전 번호:         8.5.51.0
07-Apr-2020 13:52:20.804 정보 [main] org.apache.catalina.startup.VersionLoggerListener.log 운영체제 이름:               Windows 7
07-Apr-2020 13:52:20.804 정보 [main] org.apache.catalina.startup.VersionLoggerListener.log 운영체제 버전:            6.1
07-Apr-2020 13:52:20.820 정보 [main] org.apache.catalina.startup.VersionLoggerListener.log 아키텍처:          amd64
07-Apr-2020 13:52:20.820 정보 [main] org.apache.catalina.startup.VersionLoggerListener.log 자바 홈:             C:\Program Files\Java\jre1.8.0_212
07-Apr-2020 13:52:20.820 정보 [main] org.apache.catalina.startup.VersionLoggerListener.log JVM 버전:           1.8.0_212-b10
07-Apr-2020 13:52:20.820 정보 [main] org.apache.catalina.startup.VersionLoggerListener.log JVM 벤더:            Oracle Corporation
07-Apr-2020 13:52:20.820 정보 [main] org.apache.catalina.startup.VersionLoggerListener.log CATALINA_BASE:         D:\htmlstudy\tomcat
07-Apr-2020 13:52:20.820 정보 [main] org.apache.catalina.startup.VersionLoggerListener.log CATALINA_HOME:         D:\htmlstudy\tomcat
07-Apr-2020 13:52:20.820 정보 [main] org.apache.catalina.startup.VersionLoggerListener.log 명령 행 아규먼트: -Djava.util.logging.config.file=D:\htmlstudy\tomcat\conf\logging.properties
07-Apr-2020 13:52:20.820 정보 [main] org.apache.catalina.startup.VersionLoggerListener.log 명령 행 아규먼트: -Djava.util.logging.manager=org.apache.juli.ClassLoaderLogManager
07-Apr-2020 13:52:20.820 정보 [main] org.apache.catalina.startup.VersionLoggerListener.log 명령 행 아규먼트: -Djdk.tls.ephemeralDHKeySize=2048
07-Apr-2020 13:52:20.820 정보 [main] org.apache.catalina.startup.VersionLoggerListener.log 명령 행 아규먼트: -Djava.protocol.handler.pkgs=org.apache.catalina.webresources
07-Apr-2020 13:52:20.820 정보 [main] org.apache.catalina.startup.VersionLoggerListener.log 명령 행 아규먼트: -Dignore.endorsed.dirs=
07-Apr-2020 13:52:20.835 정보 [main] org.apache.catalina.startup.VersionLoggerListener.log 명령 행 아규먼트: -Dcatalina.base=D:\htmlstudy\tomcat
07-Apr-2020 13:52:20.835 정보 [main] org.apache.catalina.startup.VersionLoggerListener.log 명령 행 아규먼트: -Dcatalina.home=D:\htmlstudy\tomcat
07-Apr-2020 13:52:20.835 정보 [main] org.apache.catalina.startup.VersionLoggerListener.log 명령 행 아규먼트: -Djava.io.tmpdir=D:\htmlstudy\tomcat\temp
07-Apr-2020 13:52:20.835 정보 [main] org.apache.catalina.core.AprLifecycleListener.lifecycleEvent APR 버전 [1.7.0]을(를) 사용한, APR 기반 Apache Tomcat Native 라이브러리 [1.2.23]을(를) 로드했습니다.
07-Apr-2020 13:52:20.835 정보 [main] org.apache.catalina.core.AprLifecycleListener.lifecycleEvent APR 용량정보들: IPv6 [true], sendfile [true], accept filters [false], random [true].
07-Apr-2020 13:52:20.835 정보 [main] org.apache.catalina.core.AprLifecycleListener.lifecycleEvent APR/OpenSSL 설정: useAprConnector [false], useOpenSSL [true]
07-Apr-2020 13:52:20.867 정보 [main] org.apache.catalina.core.AprLifecycleListener.initializeSSL OpenSSL이 성공적으로 초기화되었습니다: [OpenSSL 1.1.1c  28 May 2019]
07-Apr-2020 13:52:21.023 정보 [main] org.apache.coyote.AbstractProtocol.init 프로토콜 핸들러 ["http-nio-8090"]을(를) 초기화합니다.
07-Apr-2020 13:52:21.069 정보 [main] org.apache.tomcat.util.net.NioSelectorPool.getSharedSelector Using a shared selector for servlet write/read
07-Apr-2020 13:52:21.085 정보 [main] org.apache.catalina.startup.Catalina.load Initialization processed in 708 ms
07-Apr-2020 13:52:21.132 정보 [main] org.apache.catalina.core.StandardService.startInternal 서비스 [Catalina]을(를) 시작합니다.
07-Apr-2020 13:52:21.132 정보 [main] org.apache.catalina.core.StandardEngine.startInternal Starting Servlet Engine: Apache Tomcat/8.5.51
07-Apr-2020 13:52:21.163 정보 [localhost-startStop-1] org.apache.catalina.startup.HostConfig.deployDirectory 웹 애플리케이션 디렉토리 [D:\htmlstudy\tomcat\webapps\board]을(를) 배치합니다.
07-Apr-2020 13:52:21.647 정보 [localhost-startStop-1] org.apache.jasper.servlet.TldScanner.scanJars 적어도 하나의 JAR가 TLD들을 찾기 위해 스캔되었으나 아무 것도 찾지 못했습니다. 스캔했으나 TLD가 없는 JAR들의 전체 목록을 보시려면, 로그 레벨을 디버그 레벨로 설정하십시오. 스캔 과정에서 불필요한 JAR들을 건너뛰면, 시스템 시작 시간과 JSP 컴파일 시간을 단축시킬 수 있습니다.
07-Apr-2020 13:52:21.709 정보 [localhost-startStop-1] org.apache.catalina.startup.HostConfig.deployDirectory 웹 애플리케이션 디렉토리 [D:\htmlstudy\tomcat\webapps\board]에 대한 배치가 [546] 밀리초에 완료되었습니다.
07-Apr-2020 13:52:21.709 정보 [localhost-startStop-1] org.apache.catalina.startup.HostConfig.deployDirectory 웹 애플리케이션 디렉토리 [D:\htmlstudy\tomcat\webapps\docs]을(를) 배치합니다.
07-Apr-2020 13:52:21.912 정보 [localhost-startStop-1] org.apache.jasper.servlet.TldScanner.scanJars 적어도 하나의 JAR가 TLD들을 찾기 위해 스캔되었으나 아무 것도 찾지 못했습니다. 스캔했으나 TLD가 없는 JAR들의 전체 목록을 보시려면, 로그 레벨을 디버그 레벨로 설정하십시오. 스캔 과정에서 불필요한 JAR들을 건너뛰면, 시스템 시작 시간과 JSP 컴파일 시간을 단축시킬 수 있습니다.
07-Apr-2020 13:52:21.912 정보 [localhost-startStop-1] org.apache.catalina.startup.HostConfig.deployDirectory 웹 애플리케이션 디렉토리 [D:\htmlstudy\tomcat\webapps\docs]에 대한 배치가 [203] 밀리초에 완료되었습니다.
07-Apr-2020 13:52:21.912 정보 [localhost-startStop-1] org.apache.catalina.startup.HostConfig.deployDirectory 웹 애플리케이션 디렉토리 [D:\htmlstudy\tomcat\webapps\examples]을(를) 배치합니다.
07-Apr-2020 13:52:22.255 정보 [localhost-startStop-1] org.apache.jasper.servlet.TldScanner.scanJars 적어도 하나의 JAR가 TLD들을 찾기 위해 스캔되었으나 아무 것도 찾지 못했습니다. 스캔했으나 TLD가 없는 JAR들의 전체 목록을 보시려면, 로그 레벨을 디버그 레벨로 설정하십시오. 스캔 과정에서 불필요한 JAR들을 건너뛰면, 시스템 시작 시간과 JSP 컴파일 시간을 단축시킬 수 있습니다.
07-Apr-2020 13:52:22.286 정보 [localhost-startStop-1] org.apache.catalina.startup.HostConfig.deployDirectory 웹 애플리케이션 디렉토리 [D:\htmlstudy\tomcat\webapps\examples]에 대한 배치가 [374] 밀리초에 완료되었습니다.
07-Apr-2020 13:52:22.286 정보 [localhost-startStop-1] org.apache.catalina.startup.HostConfig.deployDirectory 웹 애플리케이션 디렉토리 [D:\htmlstudy\tomcat\webapps\host-manager]을(를) 배치합니다.
07-Apr-2020 13:52:22.442 정보 [localhost-startStop-1] org.apache.jasper.servlet.TldScanner.scanJars 적어도 하나의 JAR가 TLD들을 찾기 위해 스캔되었으나 아무 것도 찾지 못했습니다. 스캔했으나 TLD가 없는 JAR들의 전체 목록을 보시려면, 로그 레벨을 디버그 레벨로 설정하십시오. 스캔 과정에서 불필요한 JAR들을 건너뛰면, 시스템 시작 시간과 JSP 컴파일 시간을 단축시킬 수 있습니다.
07-Apr-2020 13:52:22.442 정보 [localhost-startStop-1] org.apache.catalina.startup.HostConfig.deployDirectory 웹 애플리케이션 디렉토리 [D:\htmlstudy\tomcat\webapps\host-manager]에 대한 배치가 [156] 밀리초에 완료되었습니다.
07-Apr-2020 13:52:22.442 정보 [localhost-startStop-1] org.apache.catalina.startup.HostConfig.deployDirectory 웹 애플리케이션 디렉토리 [D:\htmlstudy\tomcat\webapps\manager]을(를) 배치합니다.
07-Apr-2020 13:52:22.598 정보 [localhost-startStop-1] org.apache.jasper.servlet.TldScanner.scanJars 적어도 하나의 JAR가 TLD들을 찾기 위해 스캔되었으나 아무 것도 찾지 못했습니다. 스캔했으나 TLD가 없는 JAR들의 전체 목록을 보시려면, 로그 레벨을 디버그 레벨로 설정하십시오. 스캔 과정에서 불필요한 JAR들을 건너뛰면, 시스템 시작 시간과 JSP 컴파일 시간을 단축시킬 수 있습니다.
07-Apr-2020 13:52:22.614 정보 [localhost-startStop-1] org.apache.catalina.startup.HostConfig.deployDirectory 웹 애플리케이션 디렉토리 [D:\htmlstudy\tomcat\webapps\manager]에 대한 배치가 [172] 밀리초에 완료되었습니다.
07-Apr-2020 13:52:22.614 정보 [localhost-startStop-1] org.apache.catalina.startup.HostConfig.deployDirectory 웹 애플리케이션 디렉토리 [D:\htmlstudy\tomcat\webapps\reuse]을(를) 배치합니다.
07-Apr-2020 13:52:22.770 정보 [localhost-startStop-1] org.apache.jasper.servlet.TldScanner.scanJars 적어도 하나의 JAR가 TLD들을 찾기 위해 스캔되었으나 아무 것도 찾지 못했습니다. 스캔했으나 TLD가 없는 JAR들의 전체 목록을 보시려면, 로그 레벨을 디버그 레벨로 설정하십시오. 스캔 과정에서 불필요한 JAR들을 건너뛰면, 시스템 시작 시간과 JSP 컴파일 시간을 단축시킬 수 있습니다.
07-Apr-2020 13:52:22.785 정보 [localhost-startStop-1] org.apache.catalina.startup.HostConfig.deployDirectory 웹 애플리케이션 디렉토리 [D:\htmlstudy\tomcat\webapps\reuse]에 대한 배치가 [171] 밀리초에 완료되었습니다.
07-Apr-2020 13:52:22.785 정보 [localhost-startStop-1] org.apache.catalina.startup.HostConfig.deployDirectory 웹 애플리케이션 디렉토리 [D:\htmlstudy\tomcat\webapps\ROOT]을(를) 배치합니다.
07-Apr-2020 13:52:22.973 정보 [localhost-startStop-1] org.apache.jasper.servlet.TldScanner.scanJars 적어도 하나의 JAR가 TLD들을 찾기 위해 스캔되었으나 아무 것도 찾지 못했습니다. 스캔했으나 TLD가 없는 JAR들의 전체 목록을 보시려면, 로그 레벨을 디버그 레벨로 설정하십시오. 스캔 과정에서 불필요한 JAR들을 건너뛰면, 시스템 시작 시간과 JSP 컴파일 시간을 단축시킬 수 있습니다.
07-Apr-2020 13:52:22.988 정보 [localhost-startStop-1] org.apache.catalina.startup.HostConfig.deployDirectory 웹 애플리케이션 디렉토리 [D:\htmlstudy\tomcat\webapps\ROOT]에 대한 배치가 [203] 밀리초에 완료되었습니다.
07-Apr-2020 13:52:23.035 정보 [main] org.apache.coyote.AbstractProtocol.start 프로토콜 핸들러 ["http-nio-8090"]을(를) 시작합니다.
07-Apr-2020 13:52:23.035 정보 [main] org.apache.catalina.startup.Catalina.start Server startup in 1960 ms
07-Apr-2020 14:13:04.443 정보 [main] org.apache.catalina.startup.VersionLoggerListener.log 서버 버전 이름:        Apache Tomcat/8.5.51
07-Apr-2020 14:13:04.459 정보 [main] org.apache.catalina.startup.VersionLoggerListener.log Server 빌드 시각:          Feb 5 2020 22:26:25 UTC
07-Apr-2020 14:13:04.459 정보 [main] org.apache.catalina.startup.VersionLoggerListener.log Server 버전 번호:         8.5.51.0
07-Apr-2020 14:13:04.459 정보 [main] org.apache.catalina.startup.VersionLoggerListener.log 운영체제 이름:               Windows 7
07-Apr-2020 14:13:04.459 정보 [main] org.apache.catalina.startup.VersionLoggerListener.log 운영체제 버전:            6.1
07-Apr-2020 14:13:04.459 정보 [main] org.apache.catalina.startup.VersionLoggerListener.log 아키텍처:          amd64
07-Apr-2020 14:13:04.459 정보 [main] org.apache.catalina.startup.VersionLoggerListener.log 자바 홈:             C:\Program Files\Java\jre1.8.0_212
07-Apr-2020 14:13:04.459 정보 [main] org.apache.catalina.startup.VersionLoggerListener.log JVM 버전:           1.8.0_212-b10
07-Apr-2020 14:13:04.459 정보 [main] org.apache.catalina.startup.VersionLoggerListener.log JVM 벤더:            Oracle Corporation
07-Apr-2020 14:13:04.474 정보 [main] org.apache.catalina.startup.VersionLoggerListener.log CATALINA_BASE:         D:\htmlstudy\tomcat
07-Apr-2020 14:13:04.474 정보 [main] org.apache.catalina.startup.VersionLoggerListener.log CATALINA_HOME:         D:\htmlstudy\tomcat
07-Apr-2020 14:13:04.474 정보 [main] org.apache.catalina.startup.VersionLoggerListener.log 명령 행 아규먼트: -Djava.util.logging.config.file=D:\htmlstudy\tomcat\conf\logging.properties
07-Apr-2020 14:13:04.474 정보 [main] org.apache.catalina.startup.VersionLoggerListener.log 명령 행 아규먼트: -Djava.util.logging.manager=org.apache.juli.ClassLoaderLogManager
07-Apr-2020 14:13:04.474 정보 [main] org.apache.catalina.startup.VersionLoggerListener.log 명령 행 아규먼트: -Djdk.tls.ephemeralDHKeySize=2048
07-Apr-2020 14:13:04.474 정보 [main] org.apache.catalina.startup.VersionLoggerListener.log 명령 행 아규먼트: -Djava.protocol.handler.pkgs=org.apache.catalina.webresources
07-Apr-2020 14:13:04.474 정보 [main] org.apache.catalina.startup.VersionLoggerListener.log 명령 행 아규먼트: -Dignore.endorsed.dirs=
07-Apr-2020 14:13:04.474 정보 [main] org.apache.catalina.startup.VersionLoggerListener.log 명령 행 아규먼트: -Dcatalina.base=D:\htmlstudy\tomcat
07-Apr-2020 14:13:04.474 정보 [main] org.apache.catalina.startup.VersionLoggerListener.log 명령 행 아규먼트: -Dcatalina.home=D:\htmlstudy\tomcat
07-Apr-2020 14:13:04.474 정보 [main] org.apache.catalina.startup.VersionLoggerListener.log 명령 행 아규먼트: -Djava.io.tmpdir=D:\htmlstudy\tomcat\temp
07-Apr-2020 14:13:04.474 정보 [main] org.apache.catalina.core.AprLifecycleListener.lifecycleEvent APR 버전 [1.7.0]을(를) 사용한, APR 기반 Apache Tomcat Native 라이브러리 [1.2.23]을(를) 로드했습니다.
07-Apr-2020 14:13:04.490 정보 [main] org.apache.catalina.core.AprLifecycleListener.lifecycleEvent APR 용량정보들: IPv6 [true], sendfile [true], accept filters [false], random [true].
07-Apr-2020 14:13:04.490 정보 [main] org.apache.catalina.core.AprLifecycleListener.lifecycleEvent APR/OpenSSL 설정: useAprConnector [false], useOpenSSL [true]
07-Apr-2020 14:13:04.490 정보 [main] org.apache.catalina.core.AprLifecycleListener.initializeSSL OpenSSL이 성공적으로 초기화되었습니다: [OpenSSL 1.1.1c  28 May 2019]
07-Apr-2020 14:13:04.599 정보 [main] org.apache.coyote.AbstractProtocol.init 프로토콜 핸들러 ["http-nio-8090"]을(를) 초기화합니다.
07-Apr-2020 14:13:04.646 정보 [main] org.apache.tomcat.util.net.NioSelectorPool.getSharedSelector Using a shared selector for servlet write/read
07-Apr-2020 14:13:04.646 정보 [main] org.apache.catalina.startup.Catalina.load Initialization processed in 472 ms
07-Apr-2020 14:13:04.677 정보 [main] org.apache.catalina.core.StandardService.startInternal 서비스 [Catalina]을(를) 시작합니다.
07-Apr-2020 14:13:04.677 정보 [main] org.apache.catalina.core.StandardEngine.startInternal Starting Servlet Engine: Apache Tomcat/8.5.51
07-Apr-2020 14:13:04.677 정보 [localhost-startStop-1] org.apache.catalina.startup.HostConfig.deployDirectory 웹 애플리케이션 디렉토리 [D:\htmlstudy\tomcat\webapps\board]을(를) 배치합니다.
07-Apr-2020 14:13:05.020 정보 [localhost-startStop-1] org.apache.jasper.servlet.TldScanner.scanJars 적어도 하나의 JAR가 TLD들을 찾기 위해 스캔되었으나 아무 것도 찾지 못했습니다. 스캔했으나 TLD가 없는 JAR들의 전체 목록을 보시려면, 로그 레벨을 디버그 레벨로 설정하십시오. 스캔 과정에서 불필요한 JAR들을 건너뛰면, 시스템 시작 시간과 JSP 컴파일 시간을 단축시킬 수 있습니다.
07-Apr-2020 14:13:05.051 정보 [localhost-startStop-1] org.apache.catalina.startup.HostConfig.deployDirectory 웹 애플리케이션 디렉토리 [D:\htmlstudy\tomcat\webapps\board]에 대한 배치가 [374] 밀리초에 완료되었습니다.
07-Apr-2020 14:13:05.067 정보 [localhost-startStop-1] org.apache.catalina.startup.HostConfig.deployDirectory 웹 애플리케이션 디렉토리 [D:\htmlstudy\tomcat\webapps\docs]을(를) 배치합니다.
07-Apr-2020 14:13:05.239 정보 [localhost-startStop-1] org.apache.jasper.servlet.TldScanner.scanJars 적어도 하나의 JAR가 TLD들을 찾기 위해 스캔되었으나 아무 것도 찾지 못했습니다. 스캔했으나 TLD가 없는 JAR들의 전체 목록을 보시려면, 로그 레벨을 디버그 레벨로 설정하십시오. 스캔 과정에서 불필요한 JAR들을 건너뛰면, 시스템 시작 시간과 JSP 컴파일 시간을 단축시킬 수 있습니다.
07-Apr-2020 14:13:05.239 정보 [localhost-startStop-1] org.apache.catalina.startup.HostConfig.deployDirectory 웹 애플리케이션 디렉토리 [D:\htmlstudy\tomcat\webapps\docs]에 대한 배치가 [172] 밀리초에 완료되었습니다.
07-Apr-2020 14:13:05.254 정보 [localhost-startStop-1] org.apache.catalina.startup.HostConfig.deployDirectory 웹 애플리케이션 디렉토리 [D:\htmlstudy\tomcat\webapps\examples]을(를) 배치합니다.
07-Apr-2020 14:13:05.504 정보 [localhost-startStop-1] org.apache.jasper.servlet.TldScanner.scanJars 적어도 하나의 JAR가 TLD들을 찾기 위해 스캔되었으나 아무 것도 찾지 못했습니다. 스캔했으나 TLD가 없는 JAR들의 전체 목록을 보시려면, 로그 레벨을 디버그 레벨로 설정하십시오. 스캔 과정에서 불필요한 JAR들을 건너뛰면, 시스템 시작 시간과 JSP 컴파일 시간을 단축시킬 수 있습니다.
07-Apr-2020 14:13:05.551 정보 [localhost-startStop-1] org.apache.catalina.startup.HostConfig.deployDirectory 웹 애플리케이션 디렉토리 [D:\htmlstudy\tomcat\webapps\examples]에 대한 배치가 [297] 밀리초에 완료되었습니다.
07-Apr-2020 14:13:05.551 정보 [localhost-startStop-1] org.apache.catalina.startup.HostConfig.deployDirectory 웹 애플리케이션 디렉토리 [D:\htmlstudy\tomcat\webapps\host-manager]을(를) 배치합니다.
07-Apr-2020 14:13:05.722 정보 [localhost-startStop-1] org.apache.jasper.servlet.TldScanner.scanJars 적어도 하나의 JAR가 TLD들을 찾기 위해 스캔되었으나 아무 것도 찾지 못했습니다. 스캔했으나 TLD가 없는 JAR들의 전체 목록을 보시려면, 로그 레벨을 디버그 레벨로 설정하십시오. 스캔 과정에서 불필요한 JAR들을 건너뛰면, 시스템 시작 시간과 JSP 컴파일 시간을 단축시킬 수 있습니다.
07-Apr-2020 14:13:05.722 정보 [localhost-startStop-1] org.apache.catalina.startup.HostConfig.deployDirectory 웹 애플리케이션 디렉토리 [D:\htmlstudy\tomcat\webapps\host-manager]에 대한 배치가 [171] 밀리초에 완료되었습니다.
07-Apr-2020 14:13:05.722 정보 [localhost-startStop-1] org.apache.catalina.startup.HostConfig.deployDirectory 웹 애플리케이션 디렉토리 [D:\htmlstudy\tomcat\webapps\manager]을(를) 배치합니다.
07-Apr-2020 14:13:05.878 정보 [localhost-startStop-1] org.apache.jasper.servlet.TldScanner.scanJars 적어도 하나의 JAR가 TLD들을 찾기 위해 스캔되었으나 아무 것도 찾지 못했습니다. 스캔했으나 TLD가 없는 JAR들의 전체 목록을 보시려면, 로그 레벨을 디버그 레벨로 설정하십시오. 스캔 과정에서 불필요한 JAR들을 건너뛰면, 시스템 시작 시간과 JSP 컴파일 시간을 단축시킬 수 있습니다.
07-Apr-2020 14:13:05.878 정보 [localhost-startStop-1] org.apache.catalina.startup.HostConfig.deployDirectory 웹 애플리케이션 디렉토리 [D:\htmlstudy\tomcat\webapps\manager]에 대한 배치가 [156] 밀리초에 완료되었습니다.
07-Apr-2020 14:13:05.894 정보 [localhost-startStop-1] org.apache.catalina.startup.HostConfig.deployDirectory 웹 애플리케이션 디렉토리 [D:\htmlstudy\tomcat\webapps\ROOT]을(를) 배치합니다.
07-Apr-2020 14:13:06.050 정보 [localhost-startStop-1] org.apache.jasper.servlet.TldScanner.scanJars 적어도 하나의 JAR가 TLD들을 찾기 위해 스캔되었으나 아무 것도 찾지 못했습니다. 스캔했으나 TLD가 없는 JAR들의 전체 목록을 보시려면, 로그 레벨을 디버그 레벨로 설정하십시오. 스캔 과정에서 불필요한 JAR들을 건너뛰면, 시스템 시작 시간과 JSP 컴파일 시간을 단축시킬 수 있습니다.
07-Apr-2020 14:13:06.050 정보 [localhost-startStop-1] org.apache.catalina.startup.HostConfig.deployDirectory 웹 애플리케이션 디렉토리 [D:\htmlstudy\tomcat\webapps\ROOT]에 대한 배치가 [156] 밀리초에 완료되었습니다.
07-Apr-2020 14:13:06.065 정보 [main] org.apache.coyote.AbstractProtocol.start 프로토콜 핸들러 ["http-nio-8090"]을(를) 시작합니다.
07-Apr-2020 14:13:06.065 정보 [main] org.apache.catalina.startup.Catalina.start Server startup in 1415 ms
07-Apr-2020 15:35:36.921 정보 [main] org.apache.catalina.startup.VersionLoggerListener.log 서버 버전 이름:        Apache Tomcat/8.5.51
07-Apr-2020 15:35:36.921 정보 [main] org.apache.catalina.startup.VersionLoggerListener.log Server 빌드 시각:          Feb 5 2020 22:26:25 UTC
07-Apr-2020 15:35:36.921 정보 [main] org.apache.catalina.startup.VersionLoggerListener.log Server 버전 번호:         8.5.51.0
07-Apr-2020 15:35:36.921 정보 [main] org.apache.catalina.startup.VersionLoggerListener.log 운영체제 이름:               Windows 7
07-Apr-2020 15:35:36.921 정보 [main] org.apache.catalina.startup.VersionLoggerListener.log 운영체제 버전:            6.1
07-Apr-2020 15:35:36.937 정보 [main] org.apache.catalina.startup.VersionLoggerListener.log 아키텍처:          amd64
07-Apr-2020 15:35:36.937 정보 [main] org.apache.catalina.startup.VersionLoggerListener.log 자바 홈:             C:\Program Files\Java\jre1.8.0_212
07-Apr-2020 15:35:36.937 정보 [main] org.apache.catalina.startup.VersionLoggerListener.log JVM 버전:           1.8.0_212-b10
07-Apr-2020 15:35:36.937 정보 [main] org.apache.catalina.startup.VersionLoggerListener.log JVM 벤더:            Oracle Corporation
07-Apr-2020 15:35:36.937 정보 [main] org.apache.catalina.startup.VersionLoggerListener.log CATALINA_BASE:         D:\htmlstudy\tomcat
07-Apr-2020 15:35:36.937 정보 [main] org.apache.catalina.startup.VersionLoggerListener.log CATALINA_HOME:         D:\htmlstudy\tomcat
07-Apr-2020 15:35:36.937 정보 [main] org.apache.catalina.startup.VersionLoggerListener.log 명령 행 아규먼트: -Djava.util.logging.config.file=D:\htmlstudy\tomcat\conf\logging.properties
07-Apr-2020 15:35:36.937 정보 [main] org.apache.catalina.startup.VersionLoggerListener.log 명령 행 아규먼트: -Djava.util.logging.manager=org.apache.juli.ClassLoaderLogManager
07-Apr-2020 15:35:36.937 정보 [main] org.apache.catalina.startup.VersionLoggerListener.log 명령 행 아규먼트: -Djdk.tls.ephemeralDHKeySize=2048
07-Apr-2020 15:35:36.937 정보 [main] org.apache.catalina.startup.VersionLoggerListener.log 명령 행 아규먼트: -Djava.protocol.handler.pkgs=org.apache.catalina.webresources
07-Apr-2020 15:35:36.937 정보 [main] org.apache.catalina.startup.VersionLoggerListener.log 명령 행 아규먼트: -Dignore.endorsed.dirs=
07-Apr-2020 15:35:36.937 정보 [main] org.apache.catalina.startup.VersionLoggerListener.log 명령 행 아규먼트: -Dcatalina.base=D:\htmlstudy\tomcat
07-Apr-2020 15:35:36.937 정보 [main] org.apache.catalina.startup.VersionLoggerListener.log 명령 행 아규먼트: -Dcatalina.home=D:\htmlstudy\tomcat
07-Apr-2020 15:35:36.937 정보 [main] org.apache.catalina.startup.VersionLoggerListener.log 명령 행 아규먼트: -Djava.io.tmpdir=D:\htmlstudy\tomcat\temp
07-Apr-2020 15:35:36.952 정보 [main] org.apache.catalina.core.AprLifecycleListener.lifecycleEvent APR 버전 [1.7.0]을(를) 사용한, APR 기반 Apache Tomcat Native 라이브러리 [1.2.23]을(를) 로드했습니다.
07-Apr-2020 15:35:36.952 정보 [main] org.apache.catalina.core.AprLifecycleListener.lifecycleEvent APR 용량정보들: IPv6 [true], sendfile [true], accept filters [false], random [true].
07-Apr-2020 15:35:36.952 정보 [main] org.apache.catalina.core.AprLifecycleListener.lifecycleEvent APR/OpenSSL 설정: useAprConnector [false], useOpenSSL [true]
07-Apr-2020 15:35:36.952 정보 [main] org.apache.catalina.core.AprLifecycleListener.initializeSSL OpenSSL이 성공적으로 초기화되었습니다: [OpenSSL 1.1.1c  28 May 2019]
07-Apr-2020 15:35:37.077 정보 [main] org.apache.coyote.AbstractProtocol.init 프로토콜 핸들러 ["http-nio-8090"]을(를) 초기화합니다.
07-Apr-2020 15:35:37.108 정보 [main] org.apache.tomcat.util.net.NioSelectorPool.getSharedSelector Using a shared selector for servlet write/read
07-Apr-2020 15:35:37.124 정보 [main] org.apache.catalina.startup.Catalina.load Initialization processed in 452 ms
07-Apr-2020 15:35:37.139 정보 [main] org.apache.catalina.core.StandardService.startInternal 서비스 [Catalina]을(를) 시작합니다.
07-Apr-2020 15:35:37.139 정보 [main] org.apache.catalina.core.StandardEngine.startInternal Starting Servlet Engine: Apache Tomcat/8.5.51
07-Apr-2020 15:35:37.155 정보 [localhost-startStop-1] org.apache.catalina.startup.HostConfig.deployDirectory 웹 애플리케이션 디렉토리 [D:\htmlstudy\tomcat\webapps\board]을(를) 배치합니다.
07-Apr-2020 15:35:37.545 정보 [localhost-startStop-1] org.apache.jasper.servlet.TldScanner.scanJars 적어도 하나의 JAR가 TLD들을 찾기 위해 스캔되었으나 아무 것도 찾지 못했습니다. 스캔했으나 TLD가 없는 JAR들의 전체 목록을 보시려면, 로그 레벨을 디버그 레벨로 설정하십시오. 스캔 과정에서 불필요한 JAR들을 건너뛰면, 시스템 시작 시간과 JSP 컴파일 시간을 단축시킬 수 있습니다.
07-Apr-2020 15:35:37.576 정보 [localhost-startStop-1] org.apache.catalina.startup.HostConfig.deployDirectory 웹 애플리케이션 디렉토리 [D:\htmlstudy\tomcat\webapps\board]에 대한 배치가 [421] 밀리초에 완료되었습니다.
07-Apr-2020 15:35:37.576 정보 [localhost-startStop-1] org.apache.catalina.startup.HostConfig.deployDirectory 웹 애플리케이션 디렉토리 [D:\htmlstudy\tomcat\webapps\docs]을(를) 배치합니다.
07-Apr-2020 15:35:37.763 정보 [localhost-startStop-1] org.apache.jasper.servlet.TldScanner.scanJars 적어도 하나의 JAR가 TLD들을 찾기 위해 스캔되었으나 아무 것도 찾지 못했습니다. 스캔했으나 TLD가 없는 JAR들의 전체 목록을 보시려면, 로그 레벨을 디버그 레벨로 설정하십시오. 스캔 과정에서 불필요한 JAR들을 건너뛰면, 시스템 시작 시간과 JSP 컴파일 시간을 단축시킬 수 있습니다.
07-Apr-2020 15:35:37.779 정보 [localhost-startStop-1] org.apache.catalina.startup.HostConfig.deployDirectory 웹 애플리케이션 디렉토리 [D:\htmlstudy\tomcat\webapps\docs]에 대한 배치가 [203] 밀리초에 완료되었습니다.
07-Apr-2020 15:35:37.779 정보 [localhost-startStop-1] org.apache.catalina.startup.HostConfig.deployDirectory 웹 애플리케이션 디렉토리 [D:\htmlstudy\tomcat\webapps\examples]을(를) 배치합니다.
07-Apr-2020 15:35:38.044 정보 [localhost-startStop-1] org.apache.jasper.servlet.TldScanner.scanJars 적어도 하나의 JAR가 TLD들을 찾기 위해 스캔되었으나 아무 것도 찾지 못했습니다. 스캔했으나 TLD가 없는 JAR들의 전체 목록을 보시려면, 로그 레벨을 디버그 레벨로 설정하십시오. 스캔 과정에서 불필요한 JAR들을 건너뛰면, 시스템 시작 시간과 JSP 컴파일 시간을 단축시킬 수 있습니다.
07-Apr-2020 15:35:38.075 정보 [localhost-startStop-1] org.apache.catalina.startup.HostConfig.deployDirectory 웹 애플리케이션 디렉토리 [D:\htmlstudy\tomcat\webapps\examples]에 대한 배치가 [296] 밀리초에 완료되었습니다.
07-Apr-2020 15:35:38.075 정보 [localhost-startStop-1] org.apache.catalina.startup.HostConfig.deployDirectory 웹 애플리케이션 디렉토리 [D:\htmlstudy\tomcat\webapps\host-manager]을(를) 배치합니다.
07-Apr-2020 15:35:38.231 정보 [localhost-startStop-1] org.apache.jasper.servlet.TldScanner.scanJars 적어도 하나의 JAR가 TLD들을 찾기 위해 스캔되었으나 아무 것도 찾지 못했습니다. 스캔했으나 TLD가 없는 JAR들의 전체 목록을 보시려면, 로그 레벨을 디버그 레벨로 설정하십시오. 스캔 과정에서 불필요한 JAR들을 건너뛰면, 시스템 시작 시간과 JSP 컴파일 시간을 단축시킬 수 있습니다.
07-Apr-2020 15:35:38.231 정보 [localhost-startStop-1] org.apache.catalina.startup.HostConfig.deployDirectory 웹 애플리케이션 디렉토리 [D:\htmlstudy\tomcat\webapps\host-manager]에 대한 배치가 [156] 밀리초에 완료되었습니다.
07-Apr-2020 15:35:38.247 정보 [localhost-startStop-1] org.apache.catalina.startup.HostConfig.deployDirectory 웹 애플리케이션 디렉토리 [D:\htmlstudy\tomcat\webapps\manager]을(를) 배치합니다.
07-Apr-2020 15:35:38.403 정보 [localhost-startStop-1] org.apache.jasper.servlet.TldScanner.scanJars 적어도 하나의 JAR가 TLD들을 찾기 위해 스캔되었으나 아무 것도 찾지 못했습니다. 스캔했으나 TLD가 없는 JAR들의 전체 목록을 보시려면, 로그 레벨을 디버그 레벨로 설정하십시오. 스캔 과정에서 불필요한 JAR들을 건너뛰면, 시스템 시작 시간과 JSP 컴파일 시간을 단축시킬 수 있습니다.
07-Apr-2020 15:35:38.419 정보 [localhost-startStop-1] org.apache.catalina.startup.HostConfig.deployDirectory 웹 애플리케이션 디렉토리 [D:\htmlstudy\tomcat\webapps\manager]에 대한 배치가 [172] 밀리초에 완료되었습니다.
07-Apr-2020 15:35:38.419 정보 [localhost-startStop-1] org.apache.catalina.startup.HostConfig.deployDirectory 웹 애플리케이션 디렉토리 [D:\htmlstudy\tomcat\webapps\ROOT]을(를) 배치합니다.
07-Apr-2020 15:35:38.590 정보 [localhost-startStop-1] org.apache.jasper.servlet.TldScanner.scanJars 적어도 하나의 JAR가 TLD들을 찾기 위해 스캔되었으나 아무 것도 찾지 못했습니다. 스캔했으나 TLD가 없는 JAR들의 전체 목록을 보시려면, 로그 레벨을 디버그 레벨로 설정하십시오. 스캔 과정에서 불필요한 JAR들을 건너뛰면, 시스템 시작 시간과 JSP 컴파일 시간을 단축시킬 수 있습니다.
07-Apr-2020 15:35:38.606 정보 [localhost-startStop-1] org.apache.catalina.startup.HostConfig.deployDirectory 웹 애플리케이션 디렉토리 [D:\htmlstudy\tomcat\webapps\ROOT]에 대한 배치가 [187] 밀리초에 완료되었습니다.
07-Apr-2020 15:35:38.606 정보 [main] org.apache.coyote.AbstractProtocol.start 프로토콜 핸들러 ["http-nio-8090"]을(를) 시작합니다.
07-Apr-2020 15:35:38.621 정보 [main] org.apache.catalina.startup.Catalina.start Server startup in 1487 ms
