22-Apr-2020 16:35:49.195 정보 [main] org.apache.catalina.startup.VersionLoggerListener.log 서버 버전 이름:        Apache Tomcat/8.5.51
22-Apr-2020 16:35:49.202 정보 [main] org.apache.catalina.startup.VersionLoggerListener.log Server 빌드 시각:          Feb 5 2020 22:26:25 UTC
22-Apr-2020 16:35:49.203 정보 [main] org.apache.catalina.startup.VersionLoggerListener.log Server 버전 번호:         8.5.51.0
22-Apr-2020 16:35:49.204 정보 [main] org.apache.catalina.startup.VersionLoggerListener.log 운영체제 이름:               Windows 7
22-Apr-2020 16:35:49.205 정보 [main] org.apache.catalina.startup.VersionLoggerListener.log 운영체제 버전:            6.1
22-Apr-2020 16:35:49.207 정보 [main] org.apache.catalina.startup.VersionLoggerListener.log 아키텍처:          amd64
22-Apr-2020 16:35:49.208 정보 [main] org.apache.catalina.startup.VersionLoggerListener.log 자바 홈:             C:\Program Files\Java\jre1.8.0_212
22-Apr-2020 16:35:49.209 정보 [main] org.apache.catalina.startup.VersionLoggerListener.log JVM 버전:           1.8.0_212-b10
22-Apr-2020 16:35:49.210 정보 [main] org.apache.catalina.startup.VersionLoggerListener.log JVM 벤더:            Oracle Corporation
22-Apr-2020 16:35:49.211 정보 [main] org.apache.catalina.startup.VersionLoggerListener.log CATALINA_BASE:         D:\tomcat
22-Apr-2020 16:35:49.213 정보 [main] org.apache.catalina.startup.VersionLoggerListener.log CATALINA_HOME:         D:\tomcat
22-Apr-2020 16:35:49.214 정보 [main] org.apache.catalina.startup.VersionLoggerListener.log 명령 행 아규먼트: -Djava.util.logging.config.file=D:\tomcat\conf\logging.properties
22-Apr-2020 16:35:49.216 정보 [main] org.apache.catalina.startup.VersionLoggerListener.log 명령 행 아규먼트: -Djava.util.logging.manager=org.apache.juli.ClassLoaderLogManager
22-Apr-2020 16:35:49.217 정보 [main] org.apache.catalina.startup.VersionLoggerListener.log 명령 행 아규먼트: -Djdk.tls.ephemeralDHKeySize=2048
22-Apr-2020 16:35:49.218 정보 [main] org.apache.catalina.startup.VersionLoggerListener.log 명령 행 아규먼트: -Djava.protocol.handler.pkgs=org.apache.catalina.webresources
22-Apr-2020 16:35:49.220 정보 [main] org.apache.catalina.startup.VersionLoggerListener.log 명령 행 아규먼트: -Dignore.endorsed.dirs=
22-Apr-2020 16:35:49.221 정보 [main] org.apache.catalina.startup.VersionLoggerListener.log 명령 행 아규먼트: -Dcatalina.base=D:\tomcat
22-Apr-2020 16:35:49.222 정보 [main] org.apache.catalina.startup.VersionLoggerListener.log 명령 행 아규먼트: -Dcatalina.home=D:\tomcat
22-Apr-2020 16:35:49.224 정보 [main] org.apache.catalina.startup.VersionLoggerListener.log 명령 행 아규먼트: -Djava.io.tmpdir=D:\tomcat\temp
22-Apr-2020 16:35:49.225 정보 [main] org.apache.catalina.core.AprLifecycleListener.lifecycleEvent APR 버전 [1.7.0]을(를) 사용한, APR 기반 Apache Tomcat Native 라이브러리 [1.2.23]을(를) 로드했습니다.
22-Apr-2020 16:35:49.227 정보 [main] org.apache.catalina.core.AprLifecycleListener.lifecycleEvent APR 용량정보들: IPv6 [true], sendfile [true], accept filters [false], random [true].
22-Apr-2020 16:35:49.229 정보 [main] org.apache.catalina.core.AprLifecycleListener.lifecycleEvent APR/OpenSSL 설정: useAprConnector [false], useOpenSSL [true]
22-Apr-2020 16:35:49.273 정보 [main] org.apache.catalina.core.AprLifecycleListener.initializeSSL OpenSSL이 성공적으로 초기화되었습니다: [OpenSSL 1.1.1c  28 May 2019]
22-Apr-2020 16:35:49.426 정보 [main] org.apache.coyote.AbstractProtocol.init 프로토콜 핸들러 ["http-nio-8090"]을(를) 초기화합니다.
22-Apr-2020 16:35:49.482 정보 [main] org.apache.tomcat.util.net.NioSelectorPool.getSharedSelector Using a shared selector for servlet write/read
22-Apr-2020 16:35:49.506 정보 [main] org.apache.catalina.startup.Catalina.load Initialization processed in 756 ms
22-Apr-2020 16:35:49.551 정보 [main] org.apache.catalina.core.StandardService.startInternal 서비스 [Catalina]을(를) 시작합니다.
22-Apr-2020 16:35:49.553 정보 [main] org.apache.catalina.core.StandardEngine.startInternal Starting Servlet Engine: Apache Tomcat/8.5.51
22-Apr-2020 16:35:49.561 정보 [localhost-startStop-1] org.apache.catalina.startup.HostConfig.deployDirectory 웹 애플리케이션 디렉토리 [D:\tomcat\webapps\board]을(를) 배치합니다.
22-Apr-2020 16:35:50.208 정보 [localhost-startStop-1] org.apache.jasper.servlet.TldScanner.scanJars 적어도 하나의 JAR가 TLD들을 찾기 위해 스캔되었으나 아무 것도 찾지 못했습니다. 스캔했으나 TLD가 없는 JAR들의 전체 목록을 보시려면, 로그 레벨을 디버그 레벨로 설정하십시오. 스캔 과정에서 불필요한 JAR들을 건너뛰면, 시스템 시작 시간과 JSP 컴파일 시간을 단축시킬 수 있습니다.
22-Apr-2020 16:35:50.293 정보 [localhost-startStop-1] org.apache.catalina.startup.HostConfig.deployDirectory 웹 애플리케이션 디렉토리 [D:\tomcat\webapps\board]에 대한 배치가 [730] 밀리초에 완료되었습니다.
22-Apr-2020 16:35:50.295 정보 [localhost-startStop-1] org.apache.catalina.startup.HostConfig.deployDirectory 웹 애플리케이션 디렉토리 [D:\tomcat\webapps\docs]을(를) 배치합니다.
22-Apr-2020 16:35:50.557 정보 [localhost-startStop-1] org.apache.jasper.servlet.TldScanner.scanJars 적어도 하나의 JAR가 TLD들을 찾기 위해 스캔되었으나 아무 것도 찾지 못했습니다. 스캔했으나 TLD가 없는 JAR들의 전체 목록을 보시려면, 로그 레벨을 디버그 레벨로 설정하십시오. 스캔 과정에서 불필요한 JAR들을 건너뛰면, 시스템 시작 시간과 JSP 컴파일 시간을 단축시킬 수 있습니다.
22-Apr-2020 16:35:50.561 정보 [localhost-startStop-1] org.apache.catalina.startup.HostConfig.deployDirectory 웹 애플리케이션 디렉토리 [D:\tomcat\webapps\docs]에 대한 배치가 [266] 밀리초에 완료되었습니다.
22-Apr-2020 16:35:50.563 정보 [localhost-startStop-1] org.apache.catalina.startup.HostConfig.deployDirectory 웹 애플리케이션 디렉토리 [D:\tomcat\webapps\examples]을(를) 배치합니다.
22-Apr-2020 16:35:50.980 정보 [localhost-startStop-1] org.apache.jasper.servlet.TldScanner.scanJars 적어도 하나의 JAR가 TLD들을 찾기 위해 스캔되었으나 아무 것도 찾지 못했습니다. 스캔했으나 TLD가 없는 JAR들의 전체 목록을 보시려면, 로그 레벨을 디버그 레벨로 설정하십시오. 스캔 과정에서 불필요한 JAR들을 건너뛰면, 시스템 시작 시간과 JSP 컴파일 시간을 단축시킬 수 있습니다.
22-Apr-2020 16:35:51.012 정보 [localhost-startStop-1] org.apache.catalina.startup.HostConfig.deployDirectory 웹 애플리케이션 디렉토리 [D:\tomcat\webapps\examples]에 대한 배치가 [449] 밀리초에 완료되었습니다.
22-Apr-2020 16:35:51.015 정보 [localhost-startStop-1] org.apache.catalina.startup.HostConfig.deployDirectory 웹 애플리케이션 디렉토리 [D:\tomcat\webapps\host-manager]을(를) 배치합니다.
22-Apr-2020 16:35:51.260 정보 [localhost-startStop-1] org.apache.jasper.servlet.TldScanner.scanJars 적어도 하나의 JAR가 TLD들을 찾기 위해 스캔되었으나 아무 것도 찾지 못했습니다. 스캔했으나 TLD가 없는 JAR들의 전체 목록을 보시려면, 로그 레벨을 디버그 레벨로 설정하십시오. 스캔 과정에서 불필요한 JAR들을 건너뛰면, 시스템 시작 시간과 JSP 컴파일 시간을 단축시킬 수 있습니다.
22-Apr-2020 16:35:51.266 정보 [localhost-startStop-1] org.apache.catalina.startup.HostConfig.deployDirectory 웹 애플리케이션 디렉토리 [D:\tomcat\webapps\host-manager]에 대한 배치가 [251] 밀리초에 완료되었습니다.
22-Apr-2020 16:35:51.269 정보 [localhost-startStop-1] org.apache.catalina.startup.HostConfig.deployDirectory 웹 애플리케이션 디렉토리 [D:\tomcat\webapps\manager]을(를) 배치합니다.
22-Apr-2020 16:35:51.539 정보 [localhost-startStop-1] org.apache.jasper.servlet.TldScanner.scanJars 적어도 하나의 JAR가 TLD들을 찾기 위해 스캔되었으나 아무 것도 찾지 못했습니다. 스캔했으나 TLD가 없는 JAR들의 전체 목록을 보시려면, 로그 레벨을 디버그 레벨로 설정하십시오. 스캔 과정에서 불필요한 JAR들을 건너뛰면, 시스템 시작 시간과 JSP 컴파일 시간을 단축시킬 수 있습니다.
22-Apr-2020 16:35:51.545 정보 [localhost-startStop-1] org.apache.catalina.startup.HostConfig.deployDirectory 웹 애플리케이션 디렉토리 [D:\tomcat\webapps\manager]에 대한 배치가 [276] 밀리초에 완료되었습니다.
22-Apr-2020 16:35:51.548 정보 [localhost-startStop-1] org.apache.catalina.startup.HostConfig.deployDirectory 웹 애플리케이션 디렉토리 [D:\tomcat\webapps\ROOT]을(를) 배치합니다.
22-Apr-2020 16:35:51.824 정보 [localhost-startStop-1] org.apache.jasper.servlet.TldScanner.scanJars 적어도 하나의 JAR가 TLD들을 찾기 위해 스캔되었으나 아무 것도 찾지 못했습니다. 스캔했으나 TLD가 없는 JAR들의 전체 목록을 보시려면, 로그 레벨을 디버그 레벨로 설정하십시오. 스캔 과정에서 불필요한 JAR들을 건너뛰면, 시스템 시작 시간과 JSP 컴파일 시간을 단축시킬 수 있습니다.
22-Apr-2020 16:35:51.829 정보 [localhost-startStop-1] org.apache.catalina.startup.HostConfig.deployDirectory 웹 애플리케이션 디렉토리 [D:\tomcat\webapps\ROOT]에 대한 배치가 [281] 밀리초에 완료되었습니다.
22-Apr-2020 16:35:51.833 정보 [main] org.apache.coyote.AbstractProtocol.start 프로토콜 핸들러 ["http-nio-8090"]을(를) 시작합니다.
22-Apr-2020 16:35:51.853 정보 [main] org.apache.catalina.startup.Catalina.start Server startup in 2346 ms
