26-Feb-2020 09:13:51.591 정보 [main] org.apache.catalina.startup.VersionLoggerListener.log 서버 버전 이름:        Apache Tomcat/8.5.51
26-Feb-2020 09:13:51.591 정보 [main] org.apache.catalina.startup.VersionLoggerListener.log Server 빌드 시각:          Feb 5 2020 22:26:25 UTC
26-Feb-2020 09:13:51.591 정보 [main] org.apache.catalina.startup.VersionLoggerListener.log Server 버전 번호:         8.5.51.0
26-Feb-2020 09:13:51.591 정보 [main] org.apache.catalina.startup.VersionLoggerListener.log 운영체제 이름:               Windows 7
26-Feb-2020 09:13:51.591 정보 [main] org.apache.catalina.startup.VersionLoggerListener.log 운영체제 버전:            6.1
26-Feb-2020 09:13:51.591 정보 [main] org.apache.catalina.startup.VersionLoggerListener.log 아키텍처:          amd64
26-Feb-2020 09:13:51.607 정보 [main] org.apache.catalina.startup.VersionLoggerListener.log 자바 홈:             C:\Program Files\Java\jre1.8.0_212
26-Feb-2020 09:13:51.607 정보 [main] org.apache.catalina.startup.VersionLoggerListener.log JVM 버전:           1.8.0_212-b10
26-Feb-2020 09:13:51.607 정보 [main] org.apache.catalina.startup.VersionLoggerListener.log JVM 벤더:            Oracle Corporation
26-Feb-2020 09:13:51.607 정보 [main] org.apache.catalina.startup.VersionLoggerListener.log CATALINA_BASE:         D:\htmlstudy\tomcat
26-Feb-2020 09:13:51.607 정보 [main] org.apache.catalina.startup.VersionLoggerListener.log CATALINA_HOME:         D:\htmlstudy\tomcat
26-Feb-2020 09:13:51.607 정보 [main] org.apache.catalina.startup.VersionLoggerListener.log 명령 행 아규먼트: -Djava.util.logging.config.file=D:\htmlstudy\tomcat\conf\logging.properties
26-Feb-2020 09:13:51.607 정보 [main] org.apache.catalina.startup.VersionLoggerListener.log 명령 행 아규먼트: -Djava.util.logging.manager=org.apache.juli.ClassLoaderLogManager
26-Feb-2020 09:13:51.607 정보 [main] org.apache.catalina.startup.VersionLoggerListener.log 명령 행 아규먼트: -Djdk.tls.ephemeralDHKeySize=2048
26-Feb-2020 09:13:51.607 정보 [main] org.apache.catalina.startup.VersionLoggerListener.log 명령 행 아규먼트: -Djava.protocol.handler.pkgs=org.apache.catalina.webresources
26-Feb-2020 09:13:51.607 정보 [main] org.apache.catalina.startup.VersionLoggerListener.log 명령 행 아규먼트: -Dignore.endorsed.dirs=
26-Feb-2020 09:13:51.607 정보 [main] org.apache.catalina.startup.VersionLoggerListener.log 명령 행 아규먼트: -Dcatalina.base=D:\htmlstudy\tomcat
26-Feb-2020 09:13:51.607 정보 [main] org.apache.catalina.startup.VersionLoggerListener.log 명령 행 아규먼트: -Dcatalina.home=D:\htmlstudy\tomcat
26-Feb-2020 09:13:51.607 정보 [main] org.apache.catalina.startup.VersionLoggerListener.log 명령 행 아규먼트: -Djava.io.tmpdir=D:\htmlstudy\tomcat\temp
26-Feb-2020 09:13:51.607 정보 [main] org.apache.catalina.core.AprLifecycleListener.lifecycleEvent APR 버전 [1.7.0]을(를) 사용한, APR 기반 Apache Tomcat Native 라이브러리 [1.2.23]을(를) 로드했습니다.
26-Feb-2020 09:13:51.607 정보 [main] org.apache.catalina.core.AprLifecycleListener.lifecycleEvent APR 용량정보들: IPv6 [true], sendfile [true], accept filters [false], random [true].
26-Feb-2020 09:13:51.607 정보 [main] org.apache.catalina.core.AprLifecycleListener.lifecycleEvent APR/OpenSSL 설정: useAprConnector [false], useOpenSSL [true]
26-Feb-2020 09:13:51.622 정보 [main] org.apache.catalina.core.AprLifecycleListener.initializeSSL OpenSSL이 성공적으로 초기화되었습니다: [OpenSSL 1.1.1c  28 May 2019]
26-Feb-2020 09:13:51.700 정보 [main] org.apache.coyote.AbstractProtocol.init 프로토콜 핸들러 ["http-nio-8080"]을(를) 초기화합니다.
26-Feb-2020 09:13:51.778 정보 [main] org.apache.tomcat.util.net.NioSelectorPool.getSharedSelector Using a shared selector for servlet write/read
26-Feb-2020 09:13:51.778 정보 [main] org.apache.catalina.startup.Catalina.load Initialization processed in 450 ms
26-Feb-2020 09:13:51.809 정보 [main] org.apache.catalina.core.StandardService.startInternal 서비스 [Catalina]을(를) 시작합니다.
26-Feb-2020 09:13:51.809 정보 [main] org.apache.catalina.core.StandardEngine.startInternal Starting Servlet Engine: Apache Tomcat/8.5.51
26-Feb-2020 09:13:51.809 정보 [localhost-startStop-1] org.apache.catalina.startup.HostConfig.deployDirectory 웹 애플리케이션 디렉토리 [D:\htmlstudy\tomcat\webapps\docs]을(를) 배치합니다.
26-Feb-2020 09:13:51.981 정보 [localhost-startStop-1] org.apache.catalina.startup.HostConfig.deployDirectory 웹 애플리케이션 디렉토리 [D:\htmlstudy\tomcat\webapps\docs]에 대한 배치가 [172] 밀리초에 완료되었습니다.
26-Feb-2020 09:13:51.981 정보 [localhost-startStop-1] org.apache.catalina.startup.HostConfig.deployDirectory 웹 애플리케이션 디렉토리 [D:\htmlstudy\tomcat\webapps\examples]을(를) 배치합니다.
26-Feb-2020 09:13:52.184 정보 [localhost-startStop-1] org.apache.catalina.startup.HostConfig.deployDirectory 웹 애플리케이션 디렉토리 [D:\htmlstudy\tomcat\webapps\examples]에 대한 배치가 [203] 밀리초에 완료되었습니다.
26-Feb-2020 09:13:52.184 정보 [localhost-startStop-1] org.apache.catalina.startup.HostConfig.deployDirectory 웹 애플리케이션 디렉토리 [D:\htmlstudy\tomcat\webapps\host-manager]을(를) 배치합니다.
26-Feb-2020 09:13:52.199 정보 [localhost-startStop-1] org.apache.catalina.startup.HostConfig.deployDirectory 웹 애플리케이션 디렉토리 [D:\htmlstudy\tomcat\webapps\host-manager]에 대한 배치가 [15] 밀리초에 완료되었습니다.
26-Feb-2020 09:13:52.199 정보 [localhost-startStop-1] org.apache.catalina.startup.HostConfig.deployDirectory 웹 애플리케이션 디렉토리 [D:\htmlstudy\tomcat\webapps\manager]을(를) 배치합니다.
26-Feb-2020 09:13:52.215 정보 [localhost-startStop-1] org.apache.catalina.startup.HostConfig.deployDirectory 웹 애플리케이션 디렉토리 [D:\htmlstudy\tomcat\webapps\manager]에 대한 배치가 [16] 밀리초에 완료되었습니다.
26-Feb-2020 09:13:52.215 정보 [localhost-startStop-1] org.apache.catalina.startup.HostConfig.deployDirectory 웹 애플리케이션 디렉토리 [D:\htmlstudy\tomcat\webapps\ROOT]을(를) 배치합니다.
26-Feb-2020 09:13:52.231 정보 [localhost-startStop-1] org.apache.catalina.startup.HostConfig.deployDirectory 웹 애플리케이션 디렉토리 [D:\htmlstudy\tomcat\webapps\ROOT]에 대한 배치가 [16] 밀리초에 완료되었습니다.
26-Feb-2020 09:13:52.231 정보 [main] org.apache.coyote.AbstractProtocol.start 프로토콜 핸들러 ["http-nio-8080"]을(를) 시작합니다.
26-Feb-2020 09:13:52.246 정보 [main] org.apache.catalina.startup.Catalina.start Server startup in 455 ms
