16-Jun-2020 08:55:33.258 정보 [main] org.apache.catalina.startup.VersionLoggerListener.log 서버 버전 이름:        Apache Tomcat/8.5.51
16-Jun-2020 08:55:33.274 정보 [main] org.apache.catalina.startup.VersionLoggerListener.log Server 빌드 시각:          Feb 5 2020 22:26:25 UTC
16-Jun-2020 08:55:33.274 정보 [main] org.apache.catalina.startup.VersionLoggerListener.log Server 버전 번호:         8.5.51.0
16-Jun-2020 08:55:33.274 정보 [main] org.apache.catalina.startup.VersionLoggerListener.log 운영체제 이름:               Windows 7
16-Jun-2020 08:55:33.274 정보 [main] org.apache.catalina.startup.VersionLoggerListener.log 운영체제 버전:            6.1
16-Jun-2020 08:55:33.274 정보 [main] org.apache.catalina.startup.VersionLoggerListener.log 아키텍처:          amd64
16-Jun-2020 08:55:33.274 정보 [main] org.apache.catalina.startup.VersionLoggerListener.log 자바 홈:             C:\Program Files\Java\jre1.8.0_212
16-Jun-2020 08:55:33.274 정보 [main] org.apache.catalina.startup.VersionLoggerListener.log JVM 버전:           1.8.0_212-b10
16-Jun-2020 08:55:33.274 정보 [main] org.apache.catalina.startup.VersionLoggerListener.log JVM 벤더:            Oracle Corporation
16-Jun-2020 08:55:33.274 정보 [main] org.apache.catalina.startup.VersionLoggerListener.log CATALINA_BASE:         D:\tomcat
16-Jun-2020 08:55:33.274 정보 [main] org.apache.catalina.startup.VersionLoggerListener.log CATALINA_HOME:         D:\tomcat
16-Jun-2020 08:55:33.274 정보 [main] org.apache.catalina.startup.VersionLoggerListener.log 명령 행 아규먼트: -Djava.util.logging.config.file=D:\tomcat\conf\logging.properties
16-Jun-2020 08:55:33.274 정보 [main] org.apache.catalina.startup.VersionLoggerListener.log 명령 행 아규먼트: -Djava.util.logging.manager=org.apache.juli.ClassLoaderLogManager
16-Jun-2020 08:55:33.289 정보 [main] org.apache.catalina.startup.VersionLoggerListener.log 명령 행 아규먼트: -Djdk.tls.ephemeralDHKeySize=2048
16-Jun-2020 08:55:33.289 정보 [main] org.apache.catalina.startup.VersionLoggerListener.log 명령 행 아규먼트: -Djava.protocol.handler.pkgs=org.apache.catalina.webresources
16-Jun-2020 08:55:33.289 정보 [main] org.apache.catalina.startup.VersionLoggerListener.log 명령 행 아규먼트: -Dignore.endorsed.dirs=
16-Jun-2020 08:55:33.289 정보 [main] org.apache.catalina.startup.VersionLoggerListener.log 명령 행 아규먼트: -Dcatalina.base=D:\tomcat
16-Jun-2020 08:55:33.289 정보 [main] org.apache.catalina.startup.VersionLoggerListener.log 명령 행 아규먼트: -Dcatalina.home=D:\tomcat
16-Jun-2020 08:55:33.289 정보 [main] org.apache.catalina.startup.VersionLoggerListener.log 명령 행 아규먼트: -Djava.io.tmpdir=D:\tomcat\temp
16-Jun-2020 08:55:33.289 정보 [main] org.apache.catalina.core.AprLifecycleListener.lifecycleEvent APR 버전 [1.7.0]을(를) 사용한, APR 기반 Apache Tomcat Native 라이브러리 [1.2.23]을(를) 로드했습니다.
16-Jun-2020 08:55:33.289 정보 [main] org.apache.catalina.core.AprLifecycleListener.lifecycleEvent APR 용량정보들: IPv6 [true], sendfile [true], accept filters [false], random [true].
16-Jun-2020 08:55:33.289 정보 [main] org.apache.catalina.core.AprLifecycleListener.lifecycleEvent APR/OpenSSL 설정: useAprConnector [false], useOpenSSL [true]
16-Jun-2020 08:55:33.430 정보 [main] org.apache.catalina.core.AprLifecycleListener.initializeSSL OpenSSL이 성공적으로 초기화되었습니다: [OpenSSL 1.1.1c  28 May 2019]
16-Jun-2020 08:55:33.742 정보 [main] org.apache.coyote.AbstractProtocol.init 프로토콜 핸들러 ["http-nio-8090"]을(를) 초기화합니다.
16-Jun-2020 08:55:33.804 정보 [main] org.apache.tomcat.util.net.NioSelectorPool.getSharedSelector Using a shared selector for servlet write/read
16-Jun-2020 08:55:33.820 정보 [main] org.apache.catalina.startup.Catalina.load Initialization processed in 1047 ms
16-Jun-2020 08:55:33.851 정보 [main] org.apache.catalina.core.StandardService.startInternal 서비스 [Catalina]을(를) 시작합니다.
16-Jun-2020 08:55:33.851 정보 [main] org.apache.catalina.core.StandardEngine.startInternal Starting Servlet Engine: Apache Tomcat/8.5.51
16-Jun-2020 08:55:33.882 정보 [localhost-startStop-1] org.apache.catalina.startup.HostConfig.deployDirectory 웹 애플리케이션 디렉토리 [D:\tomcat\webapps\docs]을(를) 배치합니다.
16-Jun-2020 08:55:34.771 정보 [localhost-startStop-1] org.apache.jasper.servlet.TldScanner.scanJars 적어도 하나의 JAR가 TLD들을 찾기 위해 스캔되었으나 아무 것도 찾지 못했습니다. 스캔했으나 TLD가 없는 JAR들의 전체 목록을 보시려면, 로그 레벨을 디버그 레벨로 설정하십시오. 스캔 과정에서 불필요한 JAR들을 건너뛰면, 시스템 시작 시간과 JSP 컴파일 시간을 단축시킬 수 있습니다.
16-Jun-2020 08:55:34.818 정보 [localhost-startStop-1] org.apache.catalina.startup.HostConfig.deployDirectory 웹 애플리케이션 디렉토리 [D:\tomcat\webapps\docs]에 대한 배치가 [936] 밀리초에 완료되었습니다.
16-Jun-2020 08:55:34.834 정보 [localhost-startStop-1] org.apache.catalina.startup.HostConfig.deployDirectory 웹 애플리케이션 디렉토리 [D:\tomcat\webapps\examples]을(를) 배치합니다.
16-Jun-2020 08:55:35.442 정보 [localhost-startStop-1] org.apache.jasper.servlet.TldScanner.scanJars 적어도 하나의 JAR가 TLD들을 찾기 위해 스캔되었으나 아무 것도 찾지 못했습니다. 스캔했으나 TLD가 없는 JAR들의 전체 목록을 보시려면, 로그 레벨을 디버그 레벨로 설정하십시오. 스캔 과정에서 불필요한 JAR들을 건너뛰면, 시스템 시작 시간과 JSP 컴파일 시간을 단축시킬 수 있습니다.
16-Jun-2020 08:55:35.489 정보 [localhost-startStop-1] org.apache.catalina.startup.HostConfig.deployDirectory 웹 애플리케이션 디렉토리 [D:\tomcat\webapps\examples]에 대한 배치가 [655] 밀리초에 완료되었습니다.
16-Jun-2020 08:55:35.505 정보 [localhost-startStop-1] org.apache.catalina.startup.HostConfig.deployDirectory 웹 애플리케이션 디렉토리 [D:\tomcat\webapps\host-manager]을(를) 배치합니다.
16-Jun-2020 08:55:35.863 정보 [localhost-startStop-1] org.apache.jasper.servlet.TldScanner.scanJars 적어도 하나의 JAR가 TLD들을 찾기 위해 스캔되었으나 아무 것도 찾지 못했습니다. 스캔했으나 TLD가 없는 JAR들의 전체 목록을 보시려면, 로그 레벨을 디버그 레벨로 설정하십시오. 스캔 과정에서 불필요한 JAR들을 건너뛰면, 시스템 시작 시간과 JSP 컴파일 시간을 단축시킬 수 있습니다.
16-Jun-2020 08:55:35.863 정보 [localhost-startStop-1] org.apache.catalina.startup.HostConfig.deployDirectory 웹 애플리케이션 디렉토리 [D:\tomcat\webapps\host-manager]에 대한 배치가 [374] 밀리초에 완료되었습니다.
16-Jun-2020 08:55:35.863 정보 [localhost-startStop-1] org.apache.catalina.startup.HostConfig.deployDirectory 웹 애플리케이션 디렉토리 [D:\tomcat\webapps\manager]을(를) 배치합니다.
16-Jun-2020 08:55:36.269 정보 [localhost-startStop-1] org.apache.jasper.servlet.TldScanner.scanJars 적어도 하나의 JAR가 TLD들을 찾기 위해 스캔되었으나 아무 것도 찾지 못했습니다. 스캔했으나 TLD가 없는 JAR들의 전체 목록을 보시려면, 로그 레벨을 디버그 레벨로 설정하십시오. 스캔 과정에서 불필요한 JAR들을 건너뛰면, 시스템 시작 시간과 JSP 컴파일 시간을 단축시킬 수 있습니다.
16-Jun-2020 08:55:36.285 정보 [localhost-startStop-1] org.apache.catalina.startup.HostConfig.deployDirectory 웹 애플리케이션 디렉토리 [D:\tomcat\webapps\manager]에 대한 배치가 [422] 밀리초에 완료되었습니다.
16-Jun-2020 08:55:36.285 정보 [localhost-startStop-1] org.apache.catalina.startup.HostConfig.deployDirectory 웹 애플리케이션 디렉토리 [D:\tomcat\webapps\ROOT]을(를) 배치합니다.
16-Jun-2020 08:55:36.597 정보 [localhost-startStop-1] org.apache.jasper.servlet.TldScanner.scanJars 적어도 하나의 JAR가 TLD들을 찾기 위해 스캔되었으나 아무 것도 찾지 못했습니다. 스캔했으나 TLD가 없는 JAR들의 전체 목록을 보시려면, 로그 레벨을 디버그 레벨로 설정하십시오. 스캔 과정에서 불필요한 JAR들을 건너뛰면, 시스템 시작 시간과 JSP 컴파일 시간을 단축시킬 수 있습니다.
16-Jun-2020 08:55:36.612 정보 [localhost-startStop-1] org.apache.catalina.startup.HostConfig.deployDirectory 웹 애플리케이션 디렉토리 [D:\tomcat\webapps\ROOT]에 대한 배치가 [327] 밀리초에 완료되었습니다.
16-Jun-2020 08:55:36.612 정보 [main] org.apache.coyote.AbstractProtocol.start 프로토콜 핸들러 ["http-nio-8090"]을(를) 시작합니다.
16-Jun-2020 08:55:36.628 정보 [main] org.apache.catalina.startup.Catalina.start Server startup in 2804 ms
16-Jun-2020 09:26:32.279 정보 [main] org.apache.catalina.startup.VersionLoggerListener.log 서버 버전 이름:        Apache Tomcat/8.5.51
16-Jun-2020 09:26:32.279 정보 [main] org.apache.catalina.startup.VersionLoggerListener.log Server 빌드 시각:          Feb 5 2020 22:26:25 UTC
16-Jun-2020 09:26:32.279 정보 [main] org.apache.catalina.startup.VersionLoggerListener.log Server 버전 번호:         8.5.51.0
16-Jun-2020 09:26:32.279 정보 [main] org.apache.catalina.startup.VersionLoggerListener.log 운영체제 이름:               Windows 7
16-Jun-2020 09:26:32.279 정보 [main] org.apache.catalina.startup.VersionLoggerListener.log 운영체제 버전:            6.1
16-Jun-2020 09:26:32.279 정보 [main] org.apache.catalina.startup.VersionLoggerListener.log 아키텍처:          amd64
16-Jun-2020 09:26:32.279 정보 [main] org.apache.catalina.startup.VersionLoggerListener.log 자바 홈:             C:\Program Files\Java\jre1.8.0_212
16-Jun-2020 09:26:32.294 정보 [main] org.apache.catalina.startup.VersionLoggerListener.log JVM 버전:           1.8.0_212-b10
16-Jun-2020 09:26:32.294 정보 [main] org.apache.catalina.startup.VersionLoggerListener.log JVM 벤더:            Oracle Corporation
16-Jun-2020 09:26:32.294 정보 [main] org.apache.catalina.startup.VersionLoggerListener.log CATALINA_BASE:         D:\tomcat
16-Jun-2020 09:26:32.294 정보 [main] org.apache.catalina.startup.VersionLoggerListener.log CATALINA_HOME:         D:\tomcat
16-Jun-2020 09:26:32.294 정보 [main] org.apache.catalina.startup.VersionLoggerListener.log 명령 행 아규먼트: -Djava.util.logging.config.file=D:\tomcat\conf\logging.properties
16-Jun-2020 09:26:32.294 정보 [main] org.apache.catalina.startup.VersionLoggerListener.log 명령 행 아규먼트: -Djava.util.logging.manager=org.apache.juli.ClassLoaderLogManager
16-Jun-2020 09:26:32.294 정보 [main] org.apache.catalina.startup.VersionLoggerListener.log 명령 행 아규먼트: -Djdk.tls.ephemeralDHKeySize=2048
16-Jun-2020 09:26:32.294 정보 [main] org.apache.catalina.startup.VersionLoggerListener.log 명령 행 아규먼트: -Djava.protocol.handler.pkgs=org.apache.catalina.webresources
16-Jun-2020 09:26:32.294 정보 [main] org.apache.catalina.startup.VersionLoggerListener.log 명령 행 아규먼트: -Dignore.endorsed.dirs=
16-Jun-2020 09:26:32.294 정보 [main] org.apache.catalina.startup.VersionLoggerListener.log 명령 행 아규먼트: -Dcatalina.base=D:\tomcat
16-Jun-2020 09:26:32.294 정보 [main] org.apache.catalina.startup.VersionLoggerListener.log 명령 행 아규먼트: -Dcatalina.home=D:\tomcat
16-Jun-2020 09:26:32.294 정보 [main] org.apache.catalina.startup.VersionLoggerListener.log 명령 행 아규먼트: -Djava.io.tmpdir=D:\tomcat\temp
16-Jun-2020 09:26:32.294 정보 [main] org.apache.catalina.core.AprLifecycleListener.lifecycleEvent APR 버전 [1.7.0]을(를) 사용한, APR 기반 Apache Tomcat Native 라이브러리 [1.2.23]을(를) 로드했습니다.
16-Jun-2020 09:26:32.310 정보 [main] org.apache.catalina.core.AprLifecycleListener.lifecycleEvent APR 용량정보들: IPv6 [true], sendfile [true], accept filters [false], random [true].
16-Jun-2020 09:26:32.310 정보 [main] org.apache.catalina.core.AprLifecycleListener.lifecycleEvent APR/OpenSSL 설정: useAprConnector [false], useOpenSSL [true]
16-Jun-2020 09:26:32.310 정보 [main] org.apache.catalina.core.AprLifecycleListener.initializeSSL OpenSSL이 성공적으로 초기화되었습니다: [OpenSSL 1.1.1c  28 May 2019]
16-Jun-2020 09:26:32.419 정보 [main] org.apache.coyote.AbstractProtocol.init 프로토콜 핸들러 ["http-nio-8090"]을(를) 초기화합니다.
16-Jun-2020 09:26:32.482 정보 [main] org.apache.tomcat.util.net.NioSelectorPool.getSharedSelector Using a shared selector for servlet write/read
16-Jun-2020 09:26:32.482 정보 [main] org.apache.catalina.startup.Catalina.load Initialization processed in 445 ms
16-Jun-2020 09:26:32.497 정보 [main] org.apache.catalina.core.StandardService.startInternal 서비스 [Catalina]을(를) 시작합니다.
16-Jun-2020 09:26:32.513 정보 [main] org.apache.catalina.core.StandardEngine.startInternal Starting Servlet Engine: Apache Tomcat/8.5.51
16-Jun-2020 09:26:32.513 정보 [localhost-startStop-1] org.apache.catalina.startup.HostConfig.deployDirectory 웹 애플리케이션 디렉토리 [D:\tomcat\webapps\docs]을(를) 배치합니다.
16-Jun-2020 09:26:33.059 정보 [localhost-startStop-1] org.apache.jasper.servlet.TldScanner.scanJars 적어도 하나의 JAR가 TLD들을 찾기 위해 스캔되었으나 아무 것도 찾지 못했습니다. 스캔했으나 TLD가 없는 JAR들의 전체 목록을 보시려면, 로그 레벨을 디버그 레벨로 설정하십시오. 스캔 과정에서 불필요한 JAR들을 건너뛰면, 시스템 시작 시간과 JSP 컴파일 시간을 단축시킬 수 있습니다.
16-Jun-2020 09:26:33.106 정보 [localhost-startStop-1] org.apache.catalina.startup.HostConfig.deployDirectory 웹 애플리케이션 디렉토리 [D:\tomcat\webapps\docs]에 대한 배치가 [593] 밀리초에 완료되었습니다.
16-Jun-2020 09:26:33.106 정보 [localhost-startStop-1] org.apache.catalina.startup.HostConfig.deployDirectory 웹 애플리케이션 디렉토리 [D:\tomcat\webapps\examples]을(를) 배치합니다.
16-Jun-2020 09:26:33.511 정보 [localhost-startStop-1] org.apache.jasper.servlet.TldScanner.scanJars 적어도 하나의 JAR가 TLD들을 찾기 위해 스캔되었으나 아무 것도 찾지 못했습니다. 스캔했으나 TLD가 없는 JAR들의 전체 목록을 보시려면, 로그 레벨을 디버그 레벨로 설정하십시오. 스캔 과정에서 불필요한 JAR들을 건너뛰면, 시스템 시작 시간과 JSP 컴파일 시간을 단축시킬 수 있습니다.
16-Jun-2020 09:26:33.542 정보 [localhost-startStop-1] org.apache.catalina.startup.HostConfig.deployDirectory 웹 애플리케이션 디렉토리 [D:\tomcat\webapps\examples]에 대한 배치가 [436] 밀리초에 완료되었습니다.
16-Jun-2020 09:26:33.542 정보 [localhost-startStop-1] org.apache.catalina.startup.HostConfig.deployDirectory 웹 애플리케이션 디렉토리 [D:\tomcat\webapps\host-manager]을(를) 배치합니다.
16-Jun-2020 09:26:33.901 정보 [localhost-startStop-1] org.apache.jasper.servlet.TldScanner.scanJars 적어도 하나의 JAR가 TLD들을 찾기 위해 스캔되었으나 아무 것도 찾지 못했습니다. 스캔했으나 TLD가 없는 JAR들의 전체 목록을 보시려면, 로그 레벨을 디버그 레벨로 설정하십시오. 스캔 과정에서 불필요한 JAR들을 건너뛰면, 시스템 시작 시간과 JSP 컴파일 시간을 단축시킬 수 있습니다.
16-Jun-2020 09:26:33.901 정보 [localhost-startStop-1] org.apache.catalina.startup.HostConfig.deployDirectory 웹 애플리케이션 디렉토리 [D:\tomcat\webapps\host-manager]에 대한 배치가 [359] 밀리초에 완료되었습니다.
16-Jun-2020 09:26:33.917 정보 [localhost-startStop-1] org.apache.catalina.startup.HostConfig.deployDirectory 웹 애플리케이션 디렉토리 [D:\tomcat\webapps\manager]을(를) 배치합니다.
16-Jun-2020 09:26:34.307 정보 [localhost-startStop-1] org.apache.jasper.servlet.TldScanner.scanJars 적어도 하나의 JAR가 TLD들을 찾기 위해 스캔되었으나 아무 것도 찾지 못했습니다. 스캔했으나 TLD가 없는 JAR들의 전체 목록을 보시려면, 로그 레벨을 디버그 레벨로 설정하십시오. 스캔 과정에서 불필요한 JAR들을 건너뛰면, 시스템 시작 시간과 JSP 컴파일 시간을 단축시킬 수 있습니다.
16-Jun-2020 09:26:34.307 정보 [localhost-startStop-1] org.apache.catalina.startup.HostConfig.deployDirectory 웹 애플리케이션 디렉토리 [D:\tomcat\webapps\manager]에 대한 배치가 [390] 밀리초에 완료되었습니다.
16-Jun-2020 09:26:34.322 정보 [localhost-startStop-1] org.apache.catalina.startup.HostConfig.deployDirectory 웹 애플리케이션 디렉토리 [D:\tomcat\webapps\ROOT]을(를) 배치합니다.
16-Jun-2020 09:26:34.712 정보 [localhost-startStop-1] org.apache.jasper.servlet.TldScanner.scanJars 적어도 하나의 JAR가 TLD들을 찾기 위해 스캔되었으나 아무 것도 찾지 못했습니다. 스캔했으나 TLD가 없는 JAR들의 전체 목록을 보시려면, 로그 레벨을 디버그 레벨로 설정하십시오. 스캔 과정에서 불필요한 JAR들을 건너뛰면, 시스템 시작 시간과 JSP 컴파일 시간을 단축시킬 수 있습니다.
16-Jun-2020 09:26:34.712 정보 [localhost-startStop-1] org.apache.catalina.startup.HostConfig.deployDirectory 웹 애플리케이션 디렉토리 [D:\tomcat\webapps\ROOT]에 대한 배치가 [390] 밀리초에 완료되었습니다.
16-Jun-2020 09:26:34.728 정보 [main] org.apache.coyote.AbstractProtocol.start 프로토콜 핸들러 ["http-nio-8090"]을(를) 시작합니다.
16-Jun-2020 09:26:34.728 정보 [main] org.apache.catalina.startup.Catalina.start Server startup in 2246 ms
16-Jun-2020 09:27:34.806 정보 [localhost-startStop-2] org.apache.catalina.startup.HostConfig.deployDirectory 웹 애플리케이션 디렉토리 [D:\tomcat\webapps\새 폴더]을(를) 배치합니다.
16-Jun-2020 09:27:35.056 정보 [localhost-startStop-2] org.apache.jasper.servlet.TldScanner.scanJars 적어도 하나의 JAR가 TLD들을 찾기 위해 스캔되었으나 아무 것도 찾지 못했습니다. 스캔했으나 TLD가 없는 JAR들의 전체 목록을 보시려면, 로그 레벨을 디버그 레벨로 설정하십시오. 스캔 과정에서 불필요한 JAR들을 건너뛰면, 시스템 시작 시간과 JSP 컴파일 시간을 단축시킬 수 있습니다.
16-Jun-2020 09:27:35.071 정보 [localhost-startStop-2] org.apache.catalina.startup.HostConfig.deployDirectory 웹 애플리케이션 디렉토리 [D:\tomcat\webapps\새 폴더]에 대한 배치가 [265] 밀리초에 완료되었습니다.
16-Jun-2020 09:27:45.590 정보 [ContainerBackgroundProcessor[StandardEngine[Catalina]]] org.apache.catalina.startup.HostConfig.undeploy 컨텍스트 [/새 폴더]의 배치를 제거합니다.
16-Jun-2020 09:27:45.636 정보 [localhost-startStop-3] org.apache.catalina.startup.HostConfig.deployDirectory 웹 애플리케이션 디렉토리 [D:\tomcat\webapps\bbs]을(를) 배치합니다.
16-Jun-2020 09:27:45.964 정보 [localhost-startStop-3] org.apache.jasper.servlet.TldScanner.scanJars 적어도 하나의 JAR가 TLD들을 찾기 위해 스캔되었으나 아무 것도 찾지 못했습니다. 스캔했으나 TLD가 없는 JAR들의 전체 목록을 보시려면, 로그 레벨을 디버그 레벨로 설정하십시오. 스캔 과정에서 불필요한 JAR들을 건너뛰면, 시스템 시작 시간과 JSP 컴파일 시간을 단축시킬 수 있습니다.
16-Jun-2020 09:27:45.964 정보 [localhost-startStop-3] org.apache.catalina.startup.HostConfig.deployDirectory 웹 애플리케이션 디렉토리 [D:\tomcat\webapps\bbs]에 대한 배치가 [328] 밀리초에 완료되었습니다.
