11-Mar-2020 17:06:42.716 정보 [localhost-startStop-1] org.apache.catalina.core.ApplicationContext.log ContextListener: contextInitialized()
11-Mar-2020 17:06:42.716 정보 [localhost-startStop-1] org.apache.catalina.core.ApplicationContext.log SessionListener: contextInitialized()
11-Mar-2020 17:06:42.716 정보 [localhost-startStop-1] org.apache.catalina.core.ApplicationContext.log ContextListener: attributeAdded('StockTicker', 'async.Stockticker@5e7facf4')
11-Mar-2020 17:15:29.713 정보 [localhost-startStop-1] org.apache.catalina.core.ApplicationContext.log ContextListener: contextInitialized()
11-Mar-2020 17:15:29.713 정보 [localhost-startStop-1] org.apache.catalina.core.ApplicationContext.log SessionListener: contextInitialized()
11-Mar-2020 17:15:29.713 정보 [localhost-startStop-1] org.apache.catalina.core.ApplicationContext.log ContextListener: attributeAdded('StockTicker', 'async.Stockticker@628fed2b')
11-Mar-2020 17:39:45.105 심각 [http-nio-80-exec-9] org.apache.catalina.core.StandardWrapperValve.invoke 경로 []의 컨텍스트 내의 서블릿 [jsp]을(를) 위한 Servlet.service() 호출이, 근본 원인(root cause)과 함께, 예외 [JSP를 위한 클래스를 컴파일할 수 없습니다.: 

JSP 파일 [/hi.jsp]의 [6] 행에서 오류가 발생했습니다.
sf cannot be resolved to a variable
3: 
4: <%
5: 
6: sf = new SimpleDateFormat("yyyy년MM월dd일 E요일 a hh:mm:ss");
7: 
8: today = sf.format(now);
9: 


JSP 파일 [/hi.jsp]의 [6] 행에서 오류가 발생했습니다.
SimpleDateFormat cannot be resolved to a type
3: 
4: <%
5: 
6: sf = new SimpleDateFormat("yyyy년MM월dd일 E요일 a hh:mm:ss");
7: 
8: today = sf.format(now);
9: 


JSP 파일 [/hi.jsp]의 [8] 행에서 오류가 발생했습니다.
today cannot be resolved to a variable
5: 
6: sf = new SimpleDateFormat("yyyy년MM월dd일 E요일 a hh:mm:ss");
7: 
8: today = sf.format(now);
9: 
10: %>
11: 


JSP 파일 [/hi.jsp]의 [8] 행에서 오류가 발생했습니다.
sf cannot be resolved
5: 
6: sf = new SimpleDateFormat("yyyy년MM월dd일 E요일 a hh:mm:ss");
7: 
8: today = sf.format(now);
9: 
10: %>
11: 


JSP 파일 [/hi.jsp]의 [8] 행에서 오류가 발생했습니다.
now cannot be resolved to a variable
5: 
6: sf = new SimpleDateFormat("yyyy년MM월dd일 E요일 a hh:mm:ss");
7: 
8: today = sf.format(now);
9: 
10: %>
11: 


JSP 파일 [/hi.jsp]의 [12] 행에서 오류가 발생했습니다.
today cannot be resolved to a variable
9: 
10: %>
11: 
12: <%=today %><br>
13: 
14: 
15: 


Stacktrace:]을(를) 발생시켰습니다.
	org.apache.jasper.JasperException: JSP를 위한 클래스를 컴파일할 수 없습니다.: 

JSP 파일 [/hi.jsp]의 [6] 행에서 오류가 발생했습니다.
sf cannot be resolved to a variable
3: 
4: <%
5: 
6: sf = new SimpleDateFormat("yyyy년MM월dd일 E요일 a hh:mm:ss");
7: 
8: today = sf.format(now);
9: 


JSP 파일 [/hi.jsp]의 [6] 행에서 오류가 발생했습니다.
SimpleDateFormat cannot be resolved to a type
3: 
4: <%
5: 
6: sf = new SimpleDateFormat("yyyy년MM월dd일 E요일 a hh:mm:ss");
7: 
8: today = sf.format(now);
9: 


JSP 파일 [/hi.jsp]의 [8] 행에서 오류가 발생했습니다.
today cannot be resolved to a variable
5: 
6: sf = new SimpleDateFormat("yyyy년MM월dd일 E요일 a hh:mm:ss");
7: 
8: today = sf.format(now);
9: 
10: %>
11: 


JSP 파일 [/hi.jsp]의 [8] 행에서 오류가 발생했습니다.
sf cannot be resolved
5: 
6: sf = new SimpleDateFormat("yyyy년MM월dd일 E요일 a hh:mm:ss");
7: 
8: today = sf.format(now);
9: 
10: %>
11: 


JSP 파일 [/hi.jsp]의 [8] 행에서 오류가 발생했습니다.
now cannot be resolved to a variable
5: 
6: sf = new SimpleDateFormat("yyyy년MM월dd일 E요일 a hh:mm:ss");
7: 
8: today = sf.format(now);
9: 
10: %>
11: 


JSP 파일 [/hi.jsp]의 [12] 행에서 오류가 발생했습니다.
today cannot be resolved to a variable
9: 
10: %>
11: 
12: <%=today %><br>
13: 
14: 
15: 


Stacktrace:
		at org.apache.jasper.compiler.DefaultErrorHandler.javacError(DefaultErrorHandler.java:102)
		at org.apache.jasper.compiler.ErrorDispatcher.javacError(ErrorDispatcher.java:212)
		at org.apache.jasper.compiler.JDTCompiler.generateClass(JDTCompiler.java:552)
		at org.apache.jasper.compiler.Compiler.compile(Compiler.java:381)
		at org.apache.jasper.compiler.Compiler.compile(Compiler.java:351)
		at org.apache.jasper.compiler.Compiler.compile(Compiler.java:335)
		at org.apache.jasper.JspCompilationContext.compile(JspCompilationContext.java:597)
		at org.apache.jasper.servlet.JspServletWrapper.service(JspServletWrapper.java:399)
		at org.apache.jasper.servlet.JspServlet.serviceJspFile(JspServlet.java:386)
		at org.apache.jasper.servlet.JspServlet.service(JspServlet.java:330)
		at javax.servlet.http.HttpServlet.service(HttpServlet.java:741)
		at org.apache.catalina.core.ApplicationFilterChain.internalDoFilter(ApplicationFilterChain.java:231)
		at org.apache.catalina.core.ApplicationFilterChain.doFilter(ApplicationFilterChain.java:166)
		at org.apache.tomcat.websocket.server.WsFilter.doFilter(WsFilter.java:52)
		at org.apache.catalina.core.ApplicationFilterChain.internalDoFilter(ApplicationFilterChain.java:193)
		at org.apache.catalina.core.ApplicationFilterChain.doFilter(ApplicationFilterChain.java:166)
		at org.apache.catalina.core.StandardWrapperValve.invoke(StandardWrapperValve.java:199)
		at org.apache.catalina.core.StandardContextValve.invoke(StandardContextValve.java:96)
		at org.apache.catalina.authenticator.AuthenticatorBase.invoke(AuthenticatorBase.java:543)
		at org.apache.catalina.core.StandardHostValve.invoke(StandardHostValve.java:139)
		at org.apache.catalina.valves.ErrorReportValve.invoke(ErrorReportValve.java:81)
		at org.apache.catalina.valves.AbstractAccessLogValve.invoke(AbstractAccessLogValve.java:688)
		at org.apache.catalina.core.StandardEngineValve.invoke(StandardEngineValve.java:87)
		at org.apache.catalina.connector.CoyoteAdapter.service(CoyoteAdapter.java:343)
		at org.apache.coyote.http11.Http11Processor.service(Http11Processor.java:609)
		at org.apache.coyote.AbstractProcessorLight.process(AbstractProcessorLight.java:65)
		at org.apache.coyote.AbstractProtocol$ConnectionHandler.process(AbstractProtocol.java:818)
		at org.apache.tomcat.util.net.NioEndpoint$SocketProcessor.doRun(NioEndpoint.java:1623)
		at org.apache.tomcat.util.net.SocketProcessorBase.run(SocketProcessorBase.java:49)
		at java.util.concurrent.ThreadPoolExecutor.runWorker(Unknown Source)
		at java.util.concurrent.ThreadPoolExecutor$Worker.run(Unknown Source)
		at org.apache.tomcat.util.threads.TaskThread$WrappingRunnable.run(TaskThread.java:61)
		at java.lang.Thread.run(Unknown Source)
11-Mar-2020 17:39:50.549 심각 [http-nio-80-exec-4] org.apache.catalina.core.StandardWrapperValve.invoke 경로 []의 컨텍스트 내의 서블릿 [jsp]을(를) 위한 Servlet.service() 호출이, 근본 원인(root cause)과 함께, 예외 [JSP를 위한 클래스를 컴파일할 수 없습니다.: 

JSP 파일 [/hi.jsp]의 [6] 행에서 오류가 발생했습니다.
sf cannot be resolved to a variable
3: 
4: <%
5: 
6: sf = new SimpleDateFormat("yyyy년MM월dd일 E요일 a hh:mm:ss");
7: 
8: today = sf.format(now);
9: 


JSP 파일 [/hi.jsp]의 [6] 행에서 오류가 발생했습니다.
SimpleDateFormat cannot be resolved to a type
3: 
4: <%
5: 
6: sf = new SimpleDateFormat("yyyy년MM월dd일 E요일 a hh:mm:ss");
7: 
8: today = sf.format(now);
9: 


JSP 파일 [/hi.jsp]의 [8] 행에서 오류가 발생했습니다.
today cannot be resolved to a variable
5: 
6: sf = new SimpleDateFormat("yyyy년MM월dd일 E요일 a hh:mm:ss");
7: 
8: today = sf.format(now);
9: 
10: %>
11: 


JSP 파일 [/hi.jsp]의 [8] 행에서 오류가 발생했습니다.
sf cannot be resolved
5: 
6: sf = new SimpleDateFormat("yyyy년MM월dd일 E요일 a hh:mm:ss");
7: 
8: today = sf.format(now);
9: 
10: %>
11: 


JSP 파일 [/hi.jsp]의 [8] 행에서 오류가 발생했습니다.
now cannot be resolved to a variable
5: 
6: sf = new SimpleDateFormat("yyyy년MM월dd일 E요일 a hh:mm:ss");
7: 
8: today = sf.format(now);
9: 
10: %>
11: 


JSP 파일 [/hi.jsp]의 [12] 행에서 오류가 발생했습니다.
today cannot be resolved to a variable
9: 
10: %>
11: 
12: <%=today %><br>
13: 
14: 
15: 


Stacktrace:]을(를) 발생시켰습니다.
	org.apache.jasper.JasperException: JSP를 위한 클래스를 컴파일할 수 없습니다.: 

JSP 파일 [/hi.jsp]의 [6] 행에서 오류가 발생했습니다.
sf cannot be resolved to a variable
3: 
4: <%
5: 
6: sf = new SimpleDateFormat("yyyy년MM월dd일 E요일 a hh:mm:ss");
7: 
8: today = sf.format(now);
9: 


JSP 파일 [/hi.jsp]의 [6] 행에서 오류가 발생했습니다.
SimpleDateFormat cannot be resolved to a type
3: 
4: <%
5: 
6: sf = new SimpleDateFormat("yyyy년MM월dd일 E요일 a hh:mm:ss");
7: 
8: today = sf.format(now);
9: 


JSP 파일 [/hi.jsp]의 [8] 행에서 오류가 발생했습니다.
today cannot be resolved to a variable
5: 
6: sf = new SimpleDateFormat("yyyy년MM월dd일 E요일 a hh:mm:ss");
7: 
8: today = sf.format(now);
9: 
10: %>
11: 


JSP 파일 [/hi.jsp]의 [8] 행에서 오류가 발생했습니다.
sf cannot be resolved
5: 
6: sf = new SimpleDateFormat("yyyy년MM월dd일 E요일 a hh:mm:ss");
7: 
8: today = sf.format(now);
9: 
10: %>
11: 


JSP 파일 [/hi.jsp]의 [8] 행에서 오류가 발생했습니다.
now cannot be resolved to a variable
5: 
6: sf = new SimpleDateFormat("yyyy년MM월dd일 E요일 a hh:mm:ss");
7: 
8: today = sf.format(now);
9: 
10: %>
11: 


JSP 파일 [/hi.jsp]의 [12] 행에서 오류가 발생했습니다.
today cannot be resolved to a variable
9: 
10: %>
11: 
12: <%=today %><br>
13: 
14: 
15: 


Stacktrace:
		at org.apache.jasper.compiler.DefaultErrorHandler.javacError(DefaultErrorHandler.java:102)
		at org.apache.jasper.compiler.ErrorDispatcher.javacError(ErrorDispatcher.java:212)
		at org.apache.jasper.compiler.JDTCompiler.generateClass(JDTCompiler.java:552)
		at org.apache.jasper.compiler.Compiler.compile(Compiler.java:381)
		at org.apache.jasper.compiler.Compiler.compile(Compiler.java:351)
		at org.apache.jasper.compiler.Compiler.compile(Compiler.java:335)
		at org.apache.jasper.JspCompilationContext.compile(JspCompilationContext.java:597)
		at org.apache.jasper.servlet.JspServletWrapper.service(JspServletWrapper.java:399)
		at org.apache.jasper.servlet.JspServlet.serviceJspFile(JspServlet.java:386)
		at org.apache.jasper.servlet.JspServlet.service(JspServlet.java:330)
		at javax.servlet.http.HttpServlet.service(HttpServlet.java:741)
		at org.apache.catalina.core.ApplicationFilterChain.internalDoFilter(ApplicationFilterChain.java:231)
		at org.apache.catalina.core.ApplicationFilterChain.doFilter(ApplicationFilterChain.java:166)
		at org.apache.tomcat.websocket.server.WsFilter.doFilter(WsFilter.java:52)
		at org.apache.catalina.core.ApplicationFilterChain.internalDoFilter(ApplicationFilterChain.java:193)
		at org.apache.catalina.core.ApplicationFilterChain.doFilter(ApplicationFilterChain.java:166)
		at org.apache.catalina.core.StandardWrapperValve.invoke(StandardWrapperValve.java:199)
		at org.apache.catalina.core.StandardContextValve.invoke(StandardContextValve.java:96)
		at org.apache.catalina.authenticator.AuthenticatorBase.invoke(AuthenticatorBase.java:543)
		at org.apache.catalina.core.StandardHostValve.invoke(StandardHostValve.java:139)
		at org.apache.catalina.valves.ErrorReportValve.invoke(ErrorReportValve.java:81)
		at org.apache.catalina.valves.AbstractAccessLogValve.invoke(AbstractAccessLogValve.java:688)
		at org.apache.catalina.core.StandardEngineValve.invoke(StandardEngineValve.java:87)
		at org.apache.catalina.connector.CoyoteAdapter.service(CoyoteAdapter.java:343)
		at org.apache.coyote.http11.Http11Processor.service(Http11Processor.java:609)
		at org.apache.coyote.AbstractProcessorLight.process(AbstractProcessorLight.java:65)
		at org.apache.coyote.AbstractProtocol$ConnectionHandler.process(AbstractProtocol.java:818)
		at org.apache.tomcat.util.net.NioEndpoint$SocketProcessor.doRun(NioEndpoint.java:1623)
		at org.apache.tomcat.util.net.SocketProcessorBase.run(SocketProcessorBase.java:49)
		at java.util.concurrent.ThreadPoolExecutor.runWorker(Unknown Source)
		at java.util.concurrent.ThreadPoolExecutor$Worker.run(Unknown Source)
		at org.apache.tomcat.util.threads.TaskThread$WrappingRunnable.run(TaskThread.java:61)
		at java.lang.Thread.run(Unknown Source)
11-Mar-2020 17:40:11.718 심각 [http-nio-80-exec-9] org.apache.catalina.core.StandardWrapperValve.invoke 경로 []의 컨텍스트 내의 서블릿 [jsp]을(를) 위한 Servlet.service() 호출이, 근본 원인(root cause)과 함께, 예외 [JSP를 위한 클래스를 컴파일할 수 없습니다.: 

JSP 파일 [/hi.jsp]의 [5] 행에서 오류가 발생했습니다.
SimpleDateFormat cannot be resolved to a type
2: <font color="blue">Today is 2020.03.10</font>
3: 
4: <%
5: SimpleDateFormat  sf = new SimpleDateFormat("yyyy년MM월dd일 E요일 a hh:mm:ss");
6: today = sf.format(now);
7: %>
8: <%=today %>


JSP 파일 [/hi.jsp]의 [5] 행에서 오류가 발생했습니다.
SimpleDateFormat cannot be resolved to a type
2: <font color="blue">Today is 2020.03.10</font>
3: 
4: <%
5: SimpleDateFormat  sf = new SimpleDateFormat("yyyy년MM월dd일 E요일 a hh:mm:ss");
6: today = sf.format(now);
7: %>
8: <%=today %>


JSP 파일 [/hi.jsp]의 [6] 행에서 오류가 발생했습니다.
today cannot be resolved to a variable
3: 
4: <%
5: SimpleDateFormat  sf = new SimpleDateFormat("yyyy년MM월dd일 E요일 a hh:mm:ss");
6: today = sf.format(now);
7: %>
8: <%=today %>
9: <br>


JSP 파일 [/hi.jsp]의 [6] 행에서 오류가 발생했습니다.
now cannot be resolved to a variable
3: 
4: <%
5: SimpleDateFormat  sf = new SimpleDateFormat("yyyy년MM월dd일 E요일 a hh:mm:ss");
6: today = sf.format(now);
7: %>
8: <%=today %>
9: <br>


JSP 파일 [/hi.jsp]의 [8] 행에서 오류가 발생했습니다.
today cannot be resolved to a variable
5: SimpleDateFormat  sf = new SimpleDateFormat("yyyy년MM월dd일 E요일 a hh:mm:ss");
6: today = sf.format(now);
7: %>
8: <%=today %>
9: <br>
10: 
11: 


Stacktrace:]을(를) 발생시켰습니다.
	org.apache.jasper.JasperException: JSP를 위한 클래스를 컴파일할 수 없습니다.: 

JSP 파일 [/hi.jsp]의 [5] 행에서 오류가 발생했습니다.
SimpleDateFormat cannot be resolved to a type
2: <font color="blue">Today is 2020.03.10</font>
3: 
4: <%
5: SimpleDateFormat  sf = new SimpleDateFormat("yyyy년MM월dd일 E요일 a hh:mm:ss");
6: today = sf.format(now);
7: %>
8: <%=today %>


JSP 파일 [/hi.jsp]의 [5] 행에서 오류가 발생했습니다.
SimpleDateFormat cannot be resolved to a type
2: <font color="blue">Today is 2020.03.10</font>
3: 
4: <%
5: SimpleDateFormat  sf = new SimpleDateFormat("yyyy년MM월dd일 E요일 a hh:mm:ss");
6: today = sf.format(now);
7: %>
8: <%=today %>


JSP 파일 [/hi.jsp]의 [6] 행에서 오류가 발생했습니다.
today cannot be resolved to a variable
3: 
4: <%
5: SimpleDateFormat  sf = new SimpleDateFormat("yyyy년MM월dd일 E요일 a hh:mm:ss");
6: today = sf.format(now);
7: %>
8: <%=today %>
9: <br>


JSP 파일 [/hi.jsp]의 [6] 행에서 오류가 발생했습니다.
now cannot be resolved to a variable
3: 
4: <%
5: SimpleDateFormat  sf = new SimpleDateFormat("yyyy년MM월dd일 E요일 a hh:mm:ss");
6: today = sf.format(now);
7: %>
8: <%=today %>
9: <br>


JSP 파일 [/hi.jsp]의 [8] 행에서 오류가 발생했습니다.
today cannot be resolved to a variable
5: SimpleDateFormat  sf = new SimpleDateFormat("yyyy년MM월dd일 E요일 a hh:mm:ss");
6: today = sf.format(now);
7: %>
8: <%=today %>
9: <br>
10: 
11: 


Stacktrace:
		at org.apache.jasper.compiler.DefaultErrorHandler.javacError(DefaultErrorHandler.java:102)
		at org.apache.jasper.compiler.ErrorDispatcher.javacError(ErrorDispatcher.java:212)
		at org.apache.jasper.compiler.JDTCompiler.generateClass(JDTCompiler.java:552)
		at org.apache.jasper.compiler.Compiler.compile(Compiler.java:381)
		at org.apache.jasper.compiler.Compiler.compile(Compiler.java:351)
		at org.apache.jasper.compiler.Compiler.compile(Compiler.java:335)
		at org.apache.jasper.JspCompilationContext.compile(JspCompilationContext.java:597)
		at org.apache.jasper.servlet.JspServletWrapper.service(JspServletWrapper.java:399)
		at org.apache.jasper.servlet.JspServlet.serviceJspFile(JspServlet.java:386)
		at org.apache.jasper.servlet.JspServlet.service(JspServlet.java:330)
		at javax.servlet.http.HttpServlet.service(HttpServlet.java:741)
		at org.apache.catalina.core.ApplicationFilterChain.internalDoFilter(ApplicationFilterChain.java:231)
		at org.apache.catalina.core.ApplicationFilterChain.doFilter(ApplicationFilterChain.java:166)
		at org.apache.tomcat.websocket.server.WsFilter.doFilter(WsFilter.java:52)
		at org.apache.catalina.core.ApplicationFilterChain.internalDoFilter(ApplicationFilterChain.java:193)
		at org.apache.catalina.core.ApplicationFilterChain.doFilter(ApplicationFilterChain.java:166)
		at org.apache.catalina.core.StandardWrapperValve.invoke(StandardWrapperValve.java:199)
		at org.apache.catalina.core.StandardContextValve.invoke(StandardContextValve.java:96)
		at org.apache.catalina.authenticator.AuthenticatorBase.invoke(AuthenticatorBase.java:543)
		at org.apache.catalina.core.StandardHostValve.invoke(StandardHostValve.java:139)
		at org.apache.catalina.valves.ErrorReportValve.invoke(ErrorReportValve.java:81)
		at org.apache.catalina.valves.AbstractAccessLogValve.invoke(AbstractAccessLogValve.java:688)
		at org.apache.catalina.core.StandardEngineValve.invoke(StandardEngineValve.java:87)
		at org.apache.catalina.connector.CoyoteAdapter.service(CoyoteAdapter.java:343)
		at org.apache.coyote.http11.Http11Processor.service(Http11Processor.java:609)
		at org.apache.coyote.AbstractProcessorLight.process(AbstractProcessorLight.java:65)
		at org.apache.coyote.AbstractProtocol$ConnectionHandler.process(AbstractProtocol.java:818)
		at org.apache.tomcat.util.net.NioEndpoint$SocketProcessor.doRun(NioEndpoint.java:1623)
		at org.apache.tomcat.util.net.SocketProcessorBase.run(SocketProcessorBase.java:49)
		at java.util.concurrent.ThreadPoolExecutor.runWorker(Unknown Source)
		at java.util.concurrent.ThreadPoolExecutor$Worker.run(Unknown Source)
		at org.apache.tomcat.util.threads.TaskThread$WrappingRunnable.run(TaskThread.java:61)
		at java.lang.Thread.run(Unknown Source)
11-Mar-2020 17:40:34.962 심각 [http-nio-80-exec-5] org.apache.catalina.core.StandardWrapperValve.invoke 경로 []의 컨텍스트 내의 서블릿 [jsp]을(를) 위한 Servlet.service() 호출이, 근본 원인(root cause)과 함께, 예외 [JSP를 위한 클래스를 컴파일할 수 없습니다.: 

JSP 파일 [/hi.jsp]의 [9] 행에서 오류가 발생했습니다.
today cannot be resolved to a variable
6: 
7: <%
8: SimpleDateFormat  sf = new SimpleDateFormat("yyyy년MM월dd일 E요일 a hh:mm:ss");
9: today = sf.format(now);
10: %>
11: <%=today %>
12: <br>


JSP 파일 [/hi.jsp]의 [9] 행에서 오류가 발생했습니다.
now cannot be resolved to a variable
6: 
7: <%
8: SimpleDateFormat  sf = new SimpleDateFormat("yyyy년MM월dd일 E요일 a hh:mm:ss");
9: today = sf.format(now);
10: %>
11: <%=today %>
12: <br>


JSP 파일 [/hi.jsp]의 [11] 행에서 오류가 발생했습니다.
today cannot be resolved to a variable
8: SimpleDateFormat  sf = new SimpleDateFormat("yyyy년MM월dd일 E요일 a hh:mm:ss");
9: today = sf.format(now);
10: %>
11: <%=today %>
12: <br>
13: 
14: 


Stacktrace:]을(를) 발생시켰습니다.
	org.apache.jasper.JasperException: JSP를 위한 클래스를 컴파일할 수 없습니다.: 

JSP 파일 [/hi.jsp]의 [9] 행에서 오류가 발생했습니다.
today cannot be resolved to a variable
6: 
7: <%
8: SimpleDateFormat  sf = new SimpleDateFormat("yyyy년MM월dd일 E요일 a hh:mm:ss");
9: today = sf.format(now);
10: %>
11: <%=today %>
12: <br>


JSP 파일 [/hi.jsp]의 [9] 행에서 오류가 발생했습니다.
now cannot be resolved to a variable
6: 
7: <%
8: SimpleDateFormat  sf = new SimpleDateFormat("yyyy년MM월dd일 E요일 a hh:mm:ss");
9: today = sf.format(now);
10: %>
11: <%=today %>
12: <br>


JSP 파일 [/hi.jsp]의 [11] 행에서 오류가 발생했습니다.
today cannot be resolved to a variable
8: SimpleDateFormat  sf = new SimpleDateFormat("yyyy년MM월dd일 E요일 a hh:mm:ss");
9: today = sf.format(now);
10: %>
11: <%=today %>
12: <br>
13: 
14: 


Stacktrace:
		at org.apache.jasper.compiler.DefaultErrorHandler.javacError(DefaultErrorHandler.java:102)
		at org.apache.jasper.compiler.ErrorDispatcher.javacError(ErrorDispatcher.java:212)
		at org.apache.jasper.compiler.JDTCompiler.generateClass(JDTCompiler.java:552)
		at org.apache.jasper.compiler.Compiler.compile(Compiler.java:381)
		at org.apache.jasper.compiler.Compiler.compile(Compiler.java:351)
		at org.apache.jasper.compiler.Compiler.compile(Compiler.java:335)
		at org.apache.jasper.JspCompilationContext.compile(JspCompilationContext.java:597)
		at org.apache.jasper.servlet.JspServletWrapper.service(JspServletWrapper.java:399)
		at org.apache.jasper.servlet.JspServlet.serviceJspFile(JspServlet.java:386)
		at org.apache.jasper.servlet.JspServlet.service(JspServlet.java:330)
		at javax.servlet.http.HttpServlet.service(HttpServlet.java:741)
		at org.apache.catalina.core.ApplicationFilterChain.internalDoFilter(ApplicationFilterChain.java:231)
		at org.apache.catalina.core.ApplicationFilterChain.doFilter(ApplicationFilterChain.java:166)
		at org.apache.tomcat.websocket.server.WsFilter.doFilter(WsFilter.java:52)
		at org.apache.catalina.core.ApplicationFilterChain.internalDoFilter(ApplicationFilterChain.java:193)
		at org.apache.catalina.core.ApplicationFilterChain.doFilter(ApplicationFilterChain.java:166)
		at org.apache.catalina.core.StandardWrapperValve.invoke(StandardWrapperValve.java:199)
		at org.apache.catalina.core.StandardContextValve.invoke(StandardContextValve.java:96)
		at org.apache.catalina.authenticator.AuthenticatorBase.invoke(AuthenticatorBase.java:543)
		at org.apache.catalina.core.StandardHostValve.invoke(StandardHostValve.java:139)
		at org.apache.catalina.valves.ErrorReportValve.invoke(ErrorReportValve.java:81)
		at org.apache.catalina.valves.AbstractAccessLogValve.invoke(AbstractAccessLogValve.java:688)
		at org.apache.catalina.core.StandardEngineValve.invoke(StandardEngineValve.java:87)
		at org.apache.catalina.connector.CoyoteAdapter.service(CoyoteAdapter.java:343)
		at org.apache.coyote.http11.Http11Processor.service(Http11Processor.java:609)
		at org.apache.coyote.AbstractProcessorLight.process(AbstractProcessorLight.java:65)
		at org.apache.coyote.AbstractProtocol$ConnectionHandler.process(AbstractProtocol.java:818)
		at org.apache.tomcat.util.net.NioEndpoint$SocketProcessor.doRun(NioEndpoint.java:1623)
		at org.apache.tomcat.util.net.SocketProcessorBase.run(SocketProcessorBase.java:49)
		at java.util.concurrent.ThreadPoolExecutor.runWorker(Unknown Source)
		at java.util.concurrent.ThreadPoolExecutor$Worker.run(Unknown Source)
		at org.apache.tomcat.util.threads.TaskThread$WrappingRunnable.run(TaskThread.java:61)
		at java.lang.Thread.run(Unknown Source)
11-Mar-2020 17:40:55.810 심각 [http-nio-80-exec-9] org.apache.catalina.core.StandardWrapperValve.invoke 경로 []의 컨텍스트 내의 서블릿 [jsp]을(를) 위한 Servlet.service() 호출이, 근본 원인(root cause)과 함께, 예외 [JSP를 위한 클래스를 컴파일할 수 없습니다.: 

JSP 파일 [/hi.jsp]의 [9] 행에서 오류가 발생했습니다.
now cannot be resolved to a variable
6: 
7: <%
8: SimpleDateFormat  sf = new SimpleDateFormat("yyyy년MM월dd일 E요일 a hh:mm:ss");
9: String today = sf.format(now);
10: %>
11: <%=today %>
12: <br>


Stacktrace:]을(를) 발생시켰습니다.
	org.apache.jasper.JasperException: JSP를 위한 클래스를 컴파일할 수 없습니다.: 

JSP 파일 [/hi.jsp]의 [9] 행에서 오류가 발생했습니다.
now cannot be resolved to a variable
6: 
7: <%
8: SimpleDateFormat  sf = new SimpleDateFormat("yyyy년MM월dd일 E요일 a hh:mm:ss");
9: String today = sf.format(now);
10: %>
11: <%=today %>
12: <br>


Stacktrace:
		at org.apache.jasper.compiler.DefaultErrorHandler.javacError(DefaultErrorHandler.java:102)
		at org.apache.jasper.compiler.ErrorDispatcher.javacError(ErrorDispatcher.java:212)
		at org.apache.jasper.compiler.JDTCompiler.generateClass(JDTCompiler.java:552)
		at org.apache.jasper.compiler.Compiler.compile(Compiler.java:381)
		at org.apache.jasper.compiler.Compiler.compile(Compiler.java:351)
		at org.apache.jasper.compiler.Compiler.compile(Compiler.java:335)
		at org.apache.jasper.JspCompilationContext.compile(JspCompilationContext.java:597)
		at org.apache.jasper.servlet.JspServletWrapper.service(JspServletWrapper.java:399)
		at org.apache.jasper.servlet.JspServlet.serviceJspFile(JspServlet.java:386)
		at org.apache.jasper.servlet.JspServlet.service(JspServlet.java:330)
		at javax.servlet.http.HttpServlet.service(HttpServlet.java:741)
		at org.apache.catalina.core.ApplicationFilterChain.internalDoFilter(ApplicationFilterChain.java:231)
		at org.apache.catalina.core.ApplicationFilterChain.doFilter(ApplicationFilterChain.java:166)
		at org.apache.tomcat.websocket.server.WsFilter.doFilter(WsFilter.java:52)
		at org.apache.catalina.core.ApplicationFilterChain.internalDoFilter(ApplicationFilterChain.java:193)
		at org.apache.catalina.core.ApplicationFilterChain.doFilter(ApplicationFilterChain.java:166)
		at org.apache.catalina.core.StandardWrapperValve.invoke(StandardWrapperValve.java:199)
		at org.apache.catalina.core.StandardContextValve.invoke(StandardContextValve.java:96)
		at org.apache.catalina.authenticator.AuthenticatorBase.invoke(AuthenticatorBase.java:543)
		at org.apache.catalina.core.StandardHostValve.invoke(StandardHostValve.java:139)
		at org.apache.catalina.valves.ErrorReportValve.invoke(ErrorReportValve.java:81)
		at org.apache.catalina.valves.AbstractAccessLogValve.invoke(AbstractAccessLogValve.java:688)
		at org.apache.catalina.core.StandardEngineValve.invoke(StandardEngineValve.java:87)
		at org.apache.catalina.connector.CoyoteAdapter.service(CoyoteAdapter.java:343)
		at org.apache.coyote.http11.Http11Processor.service(Http11Processor.java:609)
		at org.apache.coyote.AbstractProcessorLight.process(AbstractProcessorLight.java:65)
		at org.apache.coyote.AbstractProtocol$ConnectionHandler.process(AbstractProtocol.java:818)
		at org.apache.tomcat.util.net.NioEndpoint$SocketProcessor.doRun(NioEndpoint.java:1623)
		at org.apache.tomcat.util.net.SocketProcessorBase.run(SocketProcessorBase.java:49)
		at java.util.concurrent.ThreadPoolExecutor.runWorker(Unknown Source)
		at java.util.concurrent.ThreadPoolExecutor$Worker.run(Unknown Source)
		at org.apache.tomcat.util.threads.TaskThread$WrappingRunnable.run(TaskThread.java:61)
		at java.lang.Thread.run(Unknown Source)
11-Mar-2020 17:40:59.975 심각 [http-nio-80-exec-4] org.apache.catalina.core.StandardWrapperValve.invoke 경로 []의 컨텍스트 내의 서블릿 [jsp]을(를) 위한 Servlet.service() 호출이, 근본 원인(root cause)과 함께, 예외 [JSP를 위한 클래스를 컴파일할 수 없습니다.: 

JSP 파일 [/hi.jsp]의 [9] 행에서 오류가 발생했습니다.
now cannot be resolved to a variable
6: 
7: <%
8: SimpleDateFormat  sf = new SimpleDateFormat("yyyy년MM월dd일 E요일 a hh:mm:ss");
9: String today = sf.format(now);
10: %>
11: <%=today %>
12: <br>


Stacktrace:]을(를) 발생시켰습니다.
	org.apache.jasper.JasperException: JSP를 위한 클래스를 컴파일할 수 없습니다.: 

JSP 파일 [/hi.jsp]의 [9] 행에서 오류가 발생했습니다.
now cannot be resolved to a variable
6: 
7: <%
8: SimpleDateFormat  sf = new SimpleDateFormat("yyyy년MM월dd일 E요일 a hh:mm:ss");
9: String today = sf.format(now);
10: %>
11: <%=today %>
12: <br>


Stacktrace:
		at org.apache.jasper.compiler.DefaultErrorHandler.javacError(DefaultErrorHandler.java:102)
		at org.apache.jasper.compiler.ErrorDispatcher.javacError(ErrorDispatcher.java:212)
		at org.apache.jasper.compiler.JDTCompiler.generateClass(JDTCompiler.java:552)
		at org.apache.jasper.compiler.Compiler.compile(Compiler.java:381)
		at org.apache.jasper.compiler.Compiler.compile(Compiler.java:351)
		at org.apache.jasper.compiler.Compiler.compile(Compiler.java:335)
		at org.apache.jasper.JspCompilationContext.compile(JspCompilationContext.java:597)
		at org.apache.jasper.servlet.JspServletWrapper.service(JspServletWrapper.java:399)
		at org.apache.jasper.servlet.JspServlet.serviceJspFile(JspServlet.java:386)
		at org.apache.jasper.servlet.JspServlet.service(JspServlet.java:330)
		at javax.servlet.http.HttpServlet.service(HttpServlet.java:741)
		at org.apache.catalina.core.ApplicationFilterChain.internalDoFilter(ApplicationFilterChain.java:231)
		at org.apache.catalina.core.ApplicationFilterChain.doFilter(ApplicationFilterChain.java:166)
		at org.apache.tomcat.websocket.server.WsFilter.doFilter(WsFilter.java:52)
		at org.apache.catalina.core.ApplicationFilterChain.internalDoFilter(ApplicationFilterChain.java:193)
		at org.apache.catalina.core.ApplicationFilterChain.doFilter(ApplicationFilterChain.java:166)
		at org.apache.catalina.core.StandardWrapperValve.invoke(StandardWrapperValve.java:199)
		at org.apache.catalina.core.StandardContextValve.invoke(StandardContextValve.java:96)
		at org.apache.catalina.authenticator.AuthenticatorBase.invoke(AuthenticatorBase.java:543)
		at org.apache.catalina.core.StandardHostValve.invoke(StandardHostValve.java:139)
		at org.apache.catalina.valves.ErrorReportValve.invoke(ErrorReportValve.java:81)
		at org.apache.catalina.valves.AbstractAccessLogValve.invoke(AbstractAccessLogValve.java:688)
		at org.apache.catalina.core.StandardEngineValve.invoke(StandardEngineValve.java:87)
		at org.apache.catalina.connector.CoyoteAdapter.service(CoyoteAdapter.java:343)
		at org.apache.coyote.http11.Http11Processor.service(Http11Processor.java:609)
		at org.apache.coyote.AbstractProcessorLight.process(AbstractProcessorLight.java:65)
		at org.apache.coyote.AbstractProtocol$ConnectionHandler.process(AbstractProtocol.java:818)
		at org.apache.tomcat.util.net.NioEndpoint$SocketProcessor.doRun(NioEndpoint.java:1623)
		at org.apache.tomcat.util.net.SocketProcessorBase.run(SocketProcessorBase.java:49)
		at java.util.concurrent.ThreadPoolExecutor.runWorker(Unknown Source)
		at java.util.concurrent.ThreadPoolExecutor$Worker.run(Unknown Source)
		at org.apache.tomcat.util.threads.TaskThread$WrappingRunnable.run(TaskThread.java:61)
		at java.lang.Thread.run(Unknown Source)
11-Mar-2020 17:41:20.114 심각 [http-nio-80-exec-2] org.apache.catalina.core.StandardWrapperValve.invoke 경로 []의 컨텍스트 내의 서블릿 [jsp]을(를) 위한 Servlet.service() 호출이, 근본 원인(root cause)과 함께, 예외 [JSP를 위한 클래스를 컴파일할 수 없습니다.: 

JSP 파일 [/hi.jsp]의 [9] 행에서 오류가 발생했습니다.
now cannot be resolved to a variable
6: 
7: <%
8: SimpleDateFormat  sf = new SimpleDateFormat("yyyy년MM월dd일 E요일 a hh:mm:ss");
9: String today = sf.format(now);
10: %>
11: <%=today %>
12: <br>


Stacktrace:]을(를) 발생시켰습니다.
	org.apache.jasper.JasperException: JSP를 위한 클래스를 컴파일할 수 없습니다.: 

JSP 파일 [/hi.jsp]의 [9] 행에서 오류가 발생했습니다.
now cannot be resolved to a variable
6: 
7: <%
8: SimpleDateFormat  sf = new SimpleDateFormat("yyyy년MM월dd일 E요일 a hh:mm:ss");
9: String today = sf.format(now);
10: %>
11: <%=today %>
12: <br>


Stacktrace:
		at org.apache.jasper.compiler.DefaultErrorHandler.javacError(DefaultErrorHandler.java:102)
		at org.apache.jasper.compiler.ErrorDispatcher.javacError(ErrorDispatcher.java:212)
		at org.apache.jasper.compiler.JDTCompiler.generateClass(JDTCompiler.java:552)
		at org.apache.jasper.compiler.Compiler.compile(Compiler.java:381)
		at org.apache.jasper.compiler.Compiler.compile(Compiler.java:351)
		at org.apache.jasper.compiler.Compiler.compile(Compiler.java:335)
		at org.apache.jasper.JspCompilationContext.compile(JspCompilationContext.java:597)
		at org.apache.jasper.servlet.JspServletWrapper.service(JspServletWrapper.java:399)
		at org.apache.jasper.servlet.JspServlet.serviceJspFile(JspServlet.java:386)
		at org.apache.jasper.servlet.JspServlet.service(JspServlet.java:330)
		at javax.servlet.http.HttpServlet.service(HttpServlet.java:741)
		at org.apache.catalina.core.ApplicationFilterChain.internalDoFilter(ApplicationFilterChain.java:231)
		at org.apache.catalina.core.ApplicationFilterChain.doFilter(ApplicationFilterChain.java:166)
		at org.apache.tomcat.websocket.server.WsFilter.doFilter(WsFilter.java:52)
		at org.apache.catalina.core.ApplicationFilterChain.internalDoFilter(ApplicationFilterChain.java:193)
		at org.apache.catalina.core.ApplicationFilterChain.doFilter(ApplicationFilterChain.java:166)
		at org.apache.catalina.core.StandardWrapperValve.invoke(StandardWrapperValve.java:199)
		at org.apache.catalina.core.StandardContextValve.invoke(StandardContextValve.java:96)
		at org.apache.catalina.authenticator.AuthenticatorBase.invoke(AuthenticatorBase.java:543)
		at org.apache.catalina.core.StandardHostValve.invoke(StandardHostValve.java:139)
		at org.apache.catalina.valves.ErrorReportValve.invoke(ErrorReportValve.java:81)
		at org.apache.catalina.valves.AbstractAccessLogValve.invoke(AbstractAccessLogValve.java:688)
		at org.apache.catalina.core.StandardEngineValve.invoke(StandardEngineValve.java:87)
		at org.apache.catalina.connector.CoyoteAdapter.service(CoyoteAdapter.java:343)
		at org.apache.coyote.http11.Http11Processor.service(Http11Processor.java:609)
		at org.apache.coyote.AbstractProcessorLight.process(AbstractProcessorLight.java:65)
		at org.apache.coyote.AbstractProtocol$ConnectionHandler.process(AbstractProtocol.java:818)
		at org.apache.tomcat.util.net.NioEndpoint$SocketProcessor.doRun(NioEndpoint.java:1623)
		at org.apache.tomcat.util.net.SocketProcessorBase.run(SocketProcessorBase.java:49)
		at java.util.concurrent.ThreadPoolExecutor.runWorker(Unknown Source)
		at java.util.concurrent.ThreadPoolExecutor$Worker.run(Unknown Source)
		at org.apache.tomcat.util.threads.TaskThread$WrappingRunnable.run(TaskThread.java:61)
		at java.lang.Thread.run(Unknown Source)
