01-Apr-2020 13:58:59.022 정보 [localhost-startStop-1] org.apache.catalina.core.ApplicationContext.log ContextListener: contextInitialized()
01-Apr-2020 13:58:59.022 정보 [localhost-startStop-1] org.apache.catalina.core.ApplicationContext.log SessionListener: contextInitialized()
01-Apr-2020 13:58:59.030 정보 [localhost-startStop-1] org.apache.catalina.core.ApplicationContext.log ContextListener: attributeAdded('StockTicker', 'async.Stockticker@2a8a2f26')
01-Apr-2020 13:59:15.305 심각 [http-nio-8080-exec-3] org.apache.catalina.core.StandardWrapperValve.invoke 경로 []의 컨텍스트 내의 서블릿 [jsp]을(를) 위한 Servlet.service() 호출이, 근본 원인(root cause)과 함께, 예외 [/beanTest.jsp (행: [3], 열: [0]) useBean의 class 속성을 위한 값 [test.Item]은(는) 유효하지 않습니다.]을(를) 발생시켰습니다.
	org.apache.jasper.JasperException: /beanTest.jsp (행: [3], 열: [0]) useBean의 class 속성을 위한 값 [test.Item]은(는) 유효하지 않습니다.
		at org.apache.jasper.compiler.DefaultErrorHandler.jspError(DefaultErrorHandler.java:41)
		at org.apache.jasper.compiler.ErrorDispatcher.dispatch(ErrorDispatcher.java:291)
		at org.apache.jasper.compiler.ErrorDispatcher.jspError(ErrorDispatcher.java:114)
		at org.apache.jasper.compiler.Generator$GenerateVisitor.visit(Generator.java:1382)
		at org.apache.jasper.compiler.Node$UseBean.accept(Node.java:1186)
		at org.apache.jasper.compiler.Node$Nodes.visit(Node.java:2389)
		at org.apache.jasper.compiler.Node$Visitor.visitBody(Node.java:2441)
		at org.apache.jasper.compiler.Node$Visitor.visit(Node.java:2447)
		at org.apache.jasper.compiler.Node$Root.accept(Node.java:470)
		at org.apache.jasper.compiler.Node$Nodes.visit(Node.java:2389)
		at org.apache.jasper.compiler.Generator.generate(Generator.java:3667)
		at org.apache.jasper.compiler.Compiler.generateJava(Compiler.java:254)
		at org.apache.jasper.compiler.Compiler.compile(Compiler.java:375)
		at org.apache.jasper.compiler.Compiler.compile(Compiler.java:351)
		at org.apache.jasper.compiler.Compiler.compile(Compiler.java:335)
		at org.apache.jasper.JspCompilationContext.compile(JspCompilationContext.java:597)
		at org.apache.jasper.servlet.JspServletWrapper.service(JspServletWrapper.java:399)
		at org.apache.jasper.servlet.JspServlet.serviceJspFile(JspServlet.java:386)
		at org.apache.jasper.servlet.JspServlet.service(JspServlet.java:330)
		at javax.servlet.http.HttpServlet.service(HttpServlet.java:741)
		at org.apache.catalina.core.ApplicationFilterChain.internalDoFilter(ApplicationFilterChain.java:231)
		at org.apache.catalina.core.ApplicationFilterChain.doFilter(ApplicationFilterChain.java:166)
		at org.apache.tomcat.websocket.server.WsFilter.doFilter(WsFilter.java:52)
		at org.apache.catalina.core.ApplicationFilterChain.internalDoFilter(ApplicationFilterChain.java:193)
		at org.apache.catalina.core.ApplicationFilterChain.doFilter(ApplicationFilterChain.java:166)
		at org.apache.catalina.core.StandardWrapperValve.invoke(StandardWrapperValve.java:199)
		at org.apache.catalina.core.StandardContextValve.invoke(StandardContextValve.java:96)
		at org.apache.catalina.authenticator.AuthenticatorBase.invoke(AuthenticatorBase.java:543)
		at org.apache.catalina.core.StandardHostValve.invoke(StandardHostValve.java:139)
		at org.apache.catalina.valves.ErrorReportValve.invoke(ErrorReportValve.java:81)
		at org.apache.catalina.valves.AbstractAccessLogValve.invoke(AbstractAccessLogValve.java:688)
		at org.apache.catalina.core.StandardEngineValve.invoke(StandardEngineValve.java:87)
		at org.apache.catalina.connector.CoyoteAdapter.service(CoyoteAdapter.java:343)
		at org.apache.coyote.http11.Http11Processor.service(Http11Processor.java:609)
		at org.apache.coyote.AbstractProcessorLight.process(AbstractProcessorLight.java:65)
		at org.apache.coyote.AbstractProtocol$ConnectionHandler.process(AbstractProtocol.java:818)
		at org.apache.tomcat.util.net.NioEndpoint$SocketProcessor.doRun(NioEndpoint.java:1623)
		at org.apache.tomcat.util.net.SocketProcessorBase.run(SocketProcessorBase.java:49)
		at java.util.concurrent.ThreadPoolExecutor.runWorker(Unknown Source)
		at java.util.concurrent.ThreadPoolExecutor$Worker.run(Unknown Source)
		at org.apache.tomcat.util.threads.TaskThread$WrappingRunnable.run(TaskThread.java:61)
		at java.lang.Thread.run(Unknown Source)
01-Apr-2020 13:59:32.008 심각 [http-nio-8080-exec-4] org.apache.catalina.core.StandardWrapperValve.invoke 경로 []의 컨텍스트 내의 서블릿 [jsp]을(를) 위한 Servlet.service() 호출이, 근본 원인(root cause)과 함께, 예외 [타입이 [ezen.Item]인 bean의 프로퍼티 [Title]에 대한 정보를 찾을 수 없습니다.]을(를) 발생시켰습니다.
	org.apache.jasper.JasperException: 타입이 [ezen.Item]인 bean의 프로퍼티 [Title]에 대한 정보를 찾을 수 없습니다.
		at org.apache.jasper.runtime.JspRuntimeLibrary.introspecthelper(JspRuntimeLibrary.java:316)
		at org.apache.jsp.beanTest_jsp._jspService(beanTest_jsp.java:127)
		at org.apache.jasper.runtime.HttpJspBase.service(HttpJspBase.java:70)
		at javax.servlet.http.HttpServlet.service(HttpServlet.java:741)
		at org.apache.jasper.servlet.JspServletWrapper.service(JspServletWrapper.java:476)
		at org.apache.jasper.servlet.JspServlet.serviceJspFile(JspServlet.java:386)
		at org.apache.jasper.servlet.JspServlet.service(JspServlet.java:330)
		at javax.servlet.http.HttpServlet.service(HttpServlet.java:741)
		at org.apache.catalina.core.ApplicationFilterChain.internalDoFilter(ApplicationFilterChain.java:231)
		at org.apache.catalina.core.ApplicationFilterChain.doFilter(ApplicationFilterChain.java:166)
		at org.apache.tomcat.websocket.server.WsFilter.doFilter(WsFilter.java:52)
		at org.apache.catalina.core.ApplicationFilterChain.internalDoFilter(ApplicationFilterChain.java:193)
		at org.apache.catalina.core.ApplicationFilterChain.doFilter(ApplicationFilterChain.java:166)
		at org.apache.catalina.core.StandardWrapperValve.invoke(StandardWrapperValve.java:199)
		at org.apache.catalina.core.StandardContextValve.invoke(StandardContextValve.java:96)
		at org.apache.catalina.authenticator.AuthenticatorBase.invoke(AuthenticatorBase.java:543)
		at org.apache.catalina.core.StandardHostValve.invoke(StandardHostValve.java:139)
		at org.apache.catalina.valves.ErrorReportValve.invoke(ErrorReportValve.java:81)
		at org.apache.catalina.valves.AbstractAccessLogValve.invoke(AbstractAccessLogValve.java:688)
		at org.apache.catalina.core.StandardEngineValve.invoke(StandardEngineValve.java:87)
		at org.apache.catalina.connector.CoyoteAdapter.service(CoyoteAdapter.java:343)
		at org.apache.coyote.http11.Http11Processor.service(Http11Processor.java:609)
		at org.apache.coyote.AbstractProcessorLight.process(AbstractProcessorLight.java:65)
		at org.apache.coyote.AbstractProtocol$ConnectionHandler.process(AbstractProtocol.java:818)
		at org.apache.tomcat.util.net.NioEndpoint$SocketProcessor.doRun(NioEndpoint.java:1623)
		at org.apache.tomcat.util.net.SocketProcessorBase.run(SocketProcessorBase.java:49)
		at java.util.concurrent.ThreadPoolExecutor.runWorker(Unknown Source)
		at java.util.concurrent.ThreadPoolExecutor$Worker.run(Unknown Source)
		at org.apache.tomcat.util.threads.TaskThread$WrappingRunnable.run(TaskThread.java:61)
		at java.lang.Thread.run(Unknown Source)
01-Apr-2020 15:13:30.503 심각 [http-nio-8080-exec-12] org.apache.catalina.core.StandardWrapperValve.invoke 경로 [/bbs]의 컨텍스트 내의 서블릿 [jsp]을(를) 위한 Servlet.service() 호출이, 근본 원인(root cause)과 함께, 예외 [/test.jsp (행: [2], 열: [0]) useBean의 class 속성을 위한 값 [ezen.Item]은(는) 유효하지 않습니다.]을(를) 발생시켰습니다.
	org.apache.jasper.JasperException: /test.jsp (행: [2], 열: [0]) useBean의 class 속성을 위한 값 [ezen.Item]은(는) 유효하지 않습니다.
		at org.apache.jasper.compiler.DefaultErrorHandler.jspError(DefaultErrorHandler.java:41)
		at org.apache.jasper.compiler.ErrorDispatcher.dispatch(ErrorDispatcher.java:291)
		at org.apache.jasper.compiler.ErrorDispatcher.jspError(ErrorDispatcher.java:114)
		at org.apache.jasper.compiler.Generator$GenerateVisitor.visit(Generator.java:1382)
		at org.apache.jasper.compiler.Node$UseBean.accept(Node.java:1186)
		at org.apache.jasper.compiler.Node$Nodes.visit(Node.java:2389)
		at org.apache.jasper.compiler.Node$Visitor.visitBody(Node.java:2441)
		at org.apache.jasper.compiler.Node$Visitor.visit(Node.java:2447)
		at org.apache.jasper.compiler.Node$Root.accept(Node.java:470)
		at org.apache.jasper.compiler.Node$Nodes.visit(Node.java:2389)
		at org.apache.jasper.compiler.Generator.generate(Generator.java:3667)
		at org.apache.jasper.compiler.Compiler.generateJava(Compiler.java:254)
		at org.apache.jasper.compiler.Compiler.compile(Compiler.java:375)
		at org.apache.jasper.compiler.Compiler.compile(Compiler.java:351)
		at org.apache.jasper.compiler.Compiler.compile(Compiler.java:335)
		at org.apache.jasper.JspCompilationContext.compile(JspCompilationContext.java:597)
		at org.apache.jasper.servlet.JspServletWrapper.service(JspServletWrapper.java:399)
		at org.apache.jasper.servlet.JspServlet.serviceJspFile(JspServlet.java:386)
		at org.apache.jasper.servlet.JspServlet.service(JspServlet.java:330)
		at javax.servlet.http.HttpServlet.service(HttpServlet.java:741)
		at org.apache.catalina.core.ApplicationFilterChain.internalDoFilter(ApplicationFilterChain.java:231)
		at org.apache.catalina.core.ApplicationFilterChain.doFilter(ApplicationFilterChain.java:166)
		at org.apache.tomcat.websocket.server.WsFilter.doFilter(WsFilter.java:52)
		at org.apache.catalina.core.ApplicationFilterChain.internalDoFilter(ApplicationFilterChain.java:193)
		at org.apache.catalina.core.ApplicationFilterChain.doFilter(ApplicationFilterChain.java:166)
		at org.apache.catalina.core.StandardWrapperValve.invoke(StandardWrapperValve.java:199)
		at org.apache.catalina.core.StandardContextValve.invoke(StandardContextValve.java:96)
		at org.apache.catalina.authenticator.AuthenticatorBase.invoke(AuthenticatorBase.java:543)
		at org.apache.catalina.core.StandardHostValve.invoke(StandardHostValve.java:139)
		at org.apache.catalina.valves.ErrorReportValve.invoke(ErrorReportValve.java:81)
		at org.apache.catalina.valves.AbstractAccessLogValve.invoke(AbstractAccessLogValve.java:688)
		at org.apache.catalina.core.StandardEngineValve.invoke(StandardEngineValve.java:87)
		at org.apache.catalina.connector.CoyoteAdapter.service(CoyoteAdapter.java:343)
		at org.apache.coyote.http11.Http11Processor.service(Http11Processor.java:609)
		at org.apache.coyote.AbstractProcessorLight.process(AbstractProcessorLight.java:65)
		at org.apache.coyote.AbstractProtocol$ConnectionHandler.process(AbstractProtocol.java:818)
		at org.apache.tomcat.util.net.NioEndpoint$SocketProcessor.doRun(NioEndpoint.java:1623)
		at org.apache.tomcat.util.net.SocketProcessorBase.run(SocketProcessorBase.java:49)
		at java.util.concurrent.ThreadPoolExecutor.runWorker(Unknown Source)
		at java.util.concurrent.ThreadPoolExecutor$Worker.run(Unknown Source)
		at org.apache.tomcat.util.threads.TaskThread$WrappingRunnable.run(TaskThread.java:61)
		at java.lang.Thread.run(Unknown Source)
01-Apr-2020 15:28:51.227 심각 [http-nio-8080-exec-18] org.apache.catalina.core.StandardWrapperValve.invoke 경로 [/bbs]의 컨텍스트 내의 서블릿 [jsp]을(를) 위한 Servlet.service() 호출이, 근본 원인(root cause)과 함께, 예외 [JSP를 위한 클래스를 컴파일할 수 없습니다.: 

JSP 파일 [/test.jsp]의 [6] 행에서 오류가 발생했습니다.
The method printf(String) is undefined for the type JspWriter
3: <%
4: 	String mHTML = "aaa\nbbb\nccc";
5: 
6: 	out.printf(mHTML);
7: %>


Stacktrace:]을(를) 발생시켰습니다.
	org.apache.jasper.JasperException: JSP를 위한 클래스를 컴파일할 수 없습니다.: 

JSP 파일 [/test.jsp]의 [6] 행에서 오류가 발생했습니다.
The method printf(String) is undefined for the type JspWriter
3: <%
4: 	String mHTML = "aaa\nbbb\nccc";
5: 
6: 	out.printf(mHTML);
7: %>


Stacktrace:
		at org.apache.jasper.compiler.DefaultErrorHandler.javacError(DefaultErrorHandler.java:102)
		at org.apache.jasper.compiler.ErrorDispatcher.javacError(ErrorDispatcher.java:212)
		at org.apache.jasper.compiler.JDTCompiler.generateClass(JDTCompiler.java:552)
		at org.apache.jasper.compiler.Compiler.compile(Compiler.java:381)
		at org.apache.jasper.compiler.Compiler.compile(Compiler.java:351)
		at org.apache.jasper.compiler.Compiler.compile(Compiler.java:335)
		at org.apache.jasper.JspCompilationContext.compile(JspCompilationContext.java:597)
		at org.apache.jasper.servlet.JspServletWrapper.service(JspServletWrapper.java:399)
		at org.apache.jasper.servlet.JspServlet.serviceJspFile(JspServlet.java:386)
		at org.apache.jasper.servlet.JspServlet.service(JspServlet.java:330)
		at javax.servlet.http.HttpServlet.service(HttpServlet.java:741)
		at org.apache.catalina.core.ApplicationFilterChain.internalDoFilter(ApplicationFilterChain.java:231)
		at org.apache.catalina.core.ApplicationFilterChain.doFilter(ApplicationFilterChain.java:166)
		at org.apache.tomcat.websocket.server.WsFilter.doFilter(WsFilter.java:52)
		at org.apache.catalina.core.ApplicationFilterChain.internalDoFilter(ApplicationFilterChain.java:193)
		at org.apache.catalina.core.ApplicationFilterChain.doFilter(ApplicationFilterChain.java:166)
		at org.apache.catalina.core.StandardWrapperValve.invoke(StandardWrapperValve.java:199)
		at org.apache.catalina.core.StandardContextValve.invoke(StandardContextValve.java:96)
		at org.apache.catalina.authenticator.AuthenticatorBase.invoke(AuthenticatorBase.java:543)
		at org.apache.catalina.core.StandardHostValve.invoke(StandardHostValve.java:139)
		at org.apache.catalina.valves.ErrorReportValve.invoke(ErrorReportValve.java:81)
		at org.apache.catalina.valves.AbstractAccessLogValve.invoke(AbstractAccessLogValve.java:688)
		at org.apache.catalina.core.StandardEngineValve.invoke(StandardEngineValve.java:87)
		at org.apache.catalina.connector.CoyoteAdapter.service(CoyoteAdapter.java:343)
		at org.apache.coyote.http11.Http11Processor.service(Http11Processor.java:609)
		at org.apache.coyote.AbstractProcessorLight.process(AbstractProcessorLight.java:65)
		at org.apache.coyote.AbstractProtocol$ConnectionHandler.process(AbstractProtocol.java:818)
		at org.apache.tomcat.util.net.NioEndpoint$SocketProcessor.doRun(NioEndpoint.java:1623)
		at org.apache.tomcat.util.net.SocketProcessorBase.run(SocketProcessorBase.java:49)
		at java.util.concurrent.ThreadPoolExecutor.runWorker(Unknown Source)
		at java.util.concurrent.ThreadPoolExecutor$Worker.run(Unknown Source)
		at org.apache.tomcat.util.threads.TaskThread$WrappingRunnable.run(TaskThread.java:61)
		at java.lang.Thread.run(Unknown Source)
01-Apr-2020 16:18:54.283 심각 [http-nio-8080-exec-19] org.apache.catalina.core.StandardWrapperValve.invoke 경로 [/bbs]의 컨텍스트 내의 서블릿 [jsp]을(를) 위한 Servlet.service() 호출이, 근본 원인(root cause)과 함께, 예외 [JSP를 위한 클래스를 컴파일할 수 없습니다.: 

JSP 파일 [/test.jsp]의 [4] 행에서 오류가 발생했습니다.
Syntax error on token(s), misplaced construct(s)
1: <%@ page language="java" contentType="text/html; charset=UTF-8" %>
2: <jsp:useBean id="item" class="ezen.Item" scope="page" />
3: <jsp:setProperty name="item" property="title" value="this is title"/>
4: <%= <jsp:getProperty name="item" property="title"/> %>


JSP 파일 [/test.jsp]의 [4] 행에서 오류가 발생했습니다.
Syntax error on token(s), misplaced construct(s)
1: <%@ page language="java" contentType="text/html; charset=UTF-8" %>
2: <jsp:useBean id="item" class="ezen.Item" scope="page" />
3: <jsp:setProperty name="item" property="title" value="this is title"/>
4: <%= <jsp:getProperty name="item" property="title"/> %>


JSP 파일 [/test.jsp]의 [4] 행에서 오류가 발생했습니다.
Syntax error, insert ":: IdentifierOrNew" to complete ReferenceExpression
1: <%@ page language="java" contentType="text/html; charset=UTF-8" %>
2: <jsp:useBean id="item" class="ezen.Item" scope="page" />
3: <jsp:setProperty name="item" property="title" value="this is title"/>
4: <%= <jsp:getProperty name="item" property="title"/> %>


JSP 파일 [/test.jsp]의 [4] 행에서 오류가 발생했습니다.
Syntax error, insert "AssignmentOperator Expression" to complete Assignment
1: <%@ page language="java" contentType="text/html; charset=UTF-8" %>
2: <jsp:useBean id="item" class="ezen.Item" scope="page" />
3: <jsp:setProperty name="item" property="title" value="this is title"/>
4: <%= <jsp:getProperty name="item" property="title"/> %>


JSP 파일 [/test.jsp]의 [4] 행에서 오류가 발생했습니다.
Syntax error, insert ";" to complete Statement
1: <%@ page language="java" contentType="text/html; charset=UTF-8" %>
2: <jsp:useBean id="item" class="ezen.Item" scope="page" />
3: <jsp:setProperty name="item" property="title" value="this is title"/>
4: <%= <jsp:getProperty name="item" property="title"/> %>


JSP 파일 [/test.jsp]의 [4] 행에서 오류가 발생했습니다.
getProperty cannot be resolved to a variable
1: <%@ page language="java" contentType="text/html; charset=UTF-8" %>
2: <jsp:useBean id="item" class="ezen.Item" scope="page" />
3: <jsp:setProperty name="item" property="title" value="this is title"/>
4: <%= <jsp:getProperty name="item" property="title"/> %>


JSP 파일 [/test.jsp]의 [4] 행에서 오류가 발생했습니다.
name cannot be resolved to a variable
1: <%@ page language="java" contentType="text/html; charset=UTF-8" %>
2: <jsp:useBean id="item" class="ezen.Item" scope="page" />
3: <jsp:setProperty name="item" property="title" value="this is title"/>
4: <%= <jsp:getProperty name="item" property="title"/> %>


JSP 파일 [/test.jsp]의 [4] 행에서 오류가 발생했습니다.
Syntax error, insert ";" to complete Statement
1: <%@ page language="java" contentType="text/html; charset=UTF-8" %>
2: <jsp:useBean id="item" class="ezen.Item" scope="page" />
3: <jsp:setProperty name="item" property="title" value="this is title"/>
4: <%= <jsp:getProperty name="item" property="title"/> %>


JSP 파일 [/test.jsp]의 [4] 행에서 오류가 발생했습니다.
Syntax error on tokens, Expression expected instead
1: <%@ page language="java" contentType="text/html; charset=UTF-8" %>
2: <jsp:useBean id="item" class="ezen.Item" scope="page" />
3: <jsp:setProperty name="item" property="title" value="this is title"/>
4: <%= <jsp:getProperty name="item" property="title"/> %>


Stacktrace:]을(를) 발생시켰습니다.
	org.apache.jasper.JasperException: JSP를 위한 클래스를 컴파일할 수 없습니다.: 

JSP 파일 [/test.jsp]의 [4] 행에서 오류가 발생했습니다.
Syntax error on token(s), misplaced construct(s)
1: <%@ page language="java" contentType="text/html; charset=UTF-8" %>
2: <jsp:useBean id="item" class="ezen.Item" scope="page" />
3: <jsp:setProperty name="item" property="title" value="this is title"/>
4: <%= <jsp:getProperty name="item" property="title"/> %>


JSP 파일 [/test.jsp]의 [4] 행에서 오류가 발생했습니다.
Syntax error on token(s), misplaced construct(s)
1: <%@ page language="java" contentType="text/html; charset=UTF-8" %>
2: <jsp:useBean id="item" class="ezen.Item" scope="page" />
3: <jsp:setProperty name="item" property="title" value="this is title"/>
4: <%= <jsp:getProperty name="item" property="title"/> %>


JSP 파일 [/test.jsp]의 [4] 행에서 오류가 발생했습니다.
Syntax error, insert ":: IdentifierOrNew" to complete ReferenceExpression
1: <%@ page language="java" contentType="text/html; charset=UTF-8" %>
2: <jsp:useBean id="item" class="ezen.Item" scope="page" />
3: <jsp:setProperty name="item" property="title" value="this is title"/>
4: <%= <jsp:getProperty name="item" property="title"/> %>


JSP 파일 [/test.jsp]의 [4] 행에서 오류가 발생했습니다.
Syntax error, insert "AssignmentOperator Expression" to complete Assignment
1: <%@ page language="java" contentType="text/html; charset=UTF-8" %>
2: <jsp:useBean id="item" class="ezen.Item" scope="page" />
3: <jsp:setProperty name="item" property="title" value="this is title"/>
4: <%= <jsp:getProperty name="item" property="title"/> %>


JSP 파일 [/test.jsp]의 [4] 행에서 오류가 발생했습니다.
Syntax error, insert ";" to complete Statement
1: <%@ page language="java" contentType="text/html; charset=UTF-8" %>
2: <jsp:useBean id="item" class="ezen.Item" scope="page" />
3: <jsp:setProperty name="item" property="title" value="this is title"/>
4: <%= <jsp:getProperty name="item" property="title"/> %>


JSP 파일 [/test.jsp]의 [4] 행에서 오류가 발생했습니다.
getProperty cannot be resolved to a variable
1: <%@ page language="java" contentType="text/html; charset=UTF-8" %>
2: <jsp:useBean id="item" class="ezen.Item" scope="page" />
3: <jsp:setProperty name="item" property="title" value="this is title"/>
4: <%= <jsp:getProperty name="item" property="title"/> %>


JSP 파일 [/test.jsp]의 [4] 행에서 오류가 발생했습니다.
name cannot be resolved to a variable
1: <%@ page language="java" contentType="text/html; charset=UTF-8" %>
2: <jsp:useBean id="item" class="ezen.Item" scope="page" />
3: <jsp:setProperty name="item" property="title" value="this is title"/>
4: <%= <jsp:getProperty name="item" property="title"/> %>


JSP 파일 [/test.jsp]의 [4] 행에서 오류가 발생했습니다.
Syntax error, insert ";" to complete Statement
1: <%@ page language="java" contentType="text/html; charset=UTF-8" %>
2: <jsp:useBean id="item" class="ezen.Item" scope="page" />
3: <jsp:setProperty name="item" property="title" value="this is title"/>
4: <%= <jsp:getProperty name="item" property="title"/> %>


JSP 파일 [/test.jsp]의 [4] 행에서 오류가 발생했습니다.
Syntax error on tokens, Expression expected instead
1: <%@ page language="java" contentType="text/html; charset=UTF-8" %>
2: <jsp:useBean id="item" class="ezen.Item" scope="page" />
3: <jsp:setProperty name="item" property="title" value="this is title"/>
4: <%= <jsp:getProperty name="item" property="title"/> %>


Stacktrace:
		at org.apache.jasper.compiler.DefaultErrorHandler.javacError(DefaultErrorHandler.java:102)
		at org.apache.jasper.compiler.ErrorDispatcher.javacError(ErrorDispatcher.java:212)
		at org.apache.jasper.compiler.JDTCompiler.generateClass(JDTCompiler.java:552)
		at org.apache.jasper.compiler.Compiler.compile(Compiler.java:381)
		at org.apache.jasper.compiler.Compiler.compile(Compiler.java:351)
		at org.apache.jasper.compiler.Compiler.compile(Compiler.java:335)
		at org.apache.jasper.JspCompilationContext.compile(JspCompilationContext.java:597)
		at org.apache.jasper.servlet.JspServletWrapper.service(JspServletWrapper.java:399)
		at org.apache.jasper.servlet.JspServlet.serviceJspFile(JspServlet.java:386)
		at org.apache.jasper.servlet.JspServlet.service(JspServlet.java:330)
		at javax.servlet.http.HttpServlet.service(HttpServlet.java:741)
		at org.apache.catalina.core.ApplicationFilterChain.internalDoFilter(ApplicationFilterChain.java:231)
		at org.apache.catalina.core.ApplicationFilterChain.doFilter(ApplicationFilterChain.java:166)
		at org.apache.tomcat.websocket.server.WsFilter.doFilter(WsFilter.java:52)
		at org.apache.catalina.core.ApplicationFilterChain.internalDoFilter(ApplicationFilterChain.java:193)
		at org.apache.catalina.core.ApplicationFilterChain.doFilter(ApplicationFilterChain.java:166)
		at org.apache.catalina.core.StandardWrapperValve.invoke(StandardWrapperValve.java:199)
		at org.apache.catalina.core.StandardContextValve.invoke(StandardContextValve.java:96)
		at org.apache.catalina.authenticator.AuthenticatorBase.invoke(AuthenticatorBase.java:543)
		at org.apache.catalina.core.StandardHostValve.invoke(StandardHostValve.java:139)
		at org.apache.catalina.valves.ErrorReportValve.invoke(ErrorReportValve.java:81)
		at org.apache.catalina.valves.AbstractAccessLogValve.invoke(AbstractAccessLogValve.java:688)
		at org.apache.catalina.core.StandardEngineValve.invoke(StandardEngineValve.java:87)
		at org.apache.catalina.connector.CoyoteAdapter.service(CoyoteAdapter.java:343)
		at org.apache.coyote.http11.Http11Processor.service(Http11Processor.java:609)
		at org.apache.coyote.AbstractProcessorLight.process(AbstractProcessorLight.java:65)
		at org.apache.coyote.AbstractProtocol$ConnectionHandler.process(AbstractProtocol.java:818)
		at org.apache.tomcat.util.net.NioEndpoint$SocketProcessor.doRun(NioEndpoint.java:1623)
		at org.apache.tomcat.util.net.SocketProcessorBase.run(SocketProcessorBase.java:49)
		at java.util.concurrent.ThreadPoolExecutor.runWorker(Unknown Source)
		at java.util.concurrent.ThreadPoolExecutor$Worker.run(Unknown Source)
		at org.apache.tomcat.util.threads.TaskThread$WrappingRunnable.run(TaskThread.java:61)
		at java.lang.Thread.run(Unknown Source)
01-Apr-2020 16:21:27.115 심각 [http-nio-8080-exec-11] org.apache.catalina.core.StandardWrapperValve.invoke 경로 [/bbs]의 컨텍스트 내의 서블릿 [jsp]을(를) 위한 Servlet.service() 호출이, 근본 원인(root cause)과 함께, 예외 [/test.jsp (행: [1], 열: [17]) 등호("=")가 요구됩니다.]을(를) 발생시켰습니다.
	org.apache.jasper.JasperException: /test.jsp (행: [1], 열: [17]) 등호("=")가 요구됩니다.
		at org.apache.jasper.compiler.DefaultErrorHandler.jspError(DefaultErrorHandler.java:41)
		at org.apache.jasper.compiler.ErrorDispatcher.dispatch(ErrorDispatcher.java:291)
		at org.apache.jasper.compiler.ErrorDispatcher.jspError(ErrorDispatcher.java:97)
		at org.apache.jasper.compiler.Parser.parseAttribute(Parser.java:232)
		at org.apache.jasper.compiler.Parser.parseAttributes(Parser.java:168)
		at org.apache.jasper.compiler.Parser.parseAttributes(Parser.java:196)
		at org.apache.jasper.compiler.ParserController.getPageEncodingForJspSyntax(ParserController.java:460)
		at org.apache.jasper.compiler.ParserController.determineSyntaxAndEncoding(ParserController.java:401)
		at org.apache.jasper.compiler.ParserController.doParse(ParserController.java:200)
		at org.apache.jasper.compiler.ParserController.parseDirectives(ParserController.java:127)
		at org.apache.jasper.compiler.Compiler.generateJava(Compiler.java:198)
		at org.apache.jasper.compiler.Compiler.compile(Compiler.java:375)
		at org.apache.jasper.compiler.Compiler.compile(Compiler.java:351)
		at org.apache.jasper.compiler.Compiler.compile(Compiler.java:335)
		at org.apache.jasper.JspCompilationContext.compile(JspCompilationContext.java:597)
		at org.apache.jasper.servlet.JspServletWrapper.service(JspServletWrapper.java:399)
		at org.apache.jasper.servlet.JspServlet.serviceJspFile(JspServlet.java:386)
		at org.apache.jasper.servlet.JspServlet.service(JspServlet.java:330)
		at javax.servlet.http.HttpServlet.service(HttpServlet.java:741)
		at org.apache.catalina.core.ApplicationFilterChain.internalDoFilter(ApplicationFilterChain.java:231)
		at org.apache.catalina.core.ApplicationFilterChain.doFilter(ApplicationFilterChain.java:166)
		at org.apache.tomcat.websocket.server.WsFilter.doFilter(WsFilter.java:52)
		at org.apache.catalina.core.ApplicationFilterChain.internalDoFilter(ApplicationFilterChain.java:193)
		at org.apache.catalina.core.ApplicationFilterChain.doFilter(ApplicationFilterChain.java:166)
		at org.apache.catalina.core.StandardWrapperValve.invoke(StandardWrapperValve.java:199)
		at org.apache.catalina.core.StandardContextValve.invoke(StandardContextValve.java:96)
		at org.apache.catalina.authenticator.AuthenticatorBase.invoke(AuthenticatorBase.java:543)
		at org.apache.catalina.core.StandardHostValve.invoke(StandardHostValve.java:139)
		at org.apache.catalina.valves.ErrorReportValve.invoke(ErrorReportValve.java:81)
		at org.apache.catalina.valves.AbstractAccessLogValve.invoke(AbstractAccessLogValve.java:688)
		at org.apache.catalina.core.StandardEngineValve.invoke(StandardEngineValve.java:87)
		at org.apache.catalina.connector.CoyoteAdapter.service(CoyoteAdapter.java:343)
		at org.apache.coyote.http11.Http11Processor.service(Http11Processor.java:609)
		at org.apache.coyote.AbstractProcessorLight.process(AbstractProcessorLight.java:65)
		at org.apache.coyote.AbstractProtocol$ConnectionHandler.process(AbstractProtocol.java:818)
		at org.apache.tomcat.util.net.NioEndpoint$SocketProcessor.doRun(NioEndpoint.java:1623)
		at org.apache.tomcat.util.net.SocketProcessorBase.run(SocketProcessorBase.java:49)
		at java.util.concurrent.ThreadPoolExecutor.runWorker(Unknown Source)
		at java.util.concurrent.ThreadPoolExecutor$Worker.run(Unknown Source)
		at org.apache.tomcat.util.threads.TaskThread$WrappingRunnable.run(TaskThread.java:61)
		at java.lang.Thread.run(Unknown Source)
01-Apr-2020 17:42:59.852 정보 [localhost-startStop-1] org.apache.catalina.core.ApplicationContext.log ContextListener: contextInitialized()
01-Apr-2020 17:42:59.852 정보 [localhost-startStop-1] org.apache.catalina.core.ApplicationContext.log SessionListener: contextInitialized()
01-Apr-2020 17:42:59.852 정보 [localhost-startStop-1] org.apache.catalina.core.ApplicationContext.log ContextListener: attributeAdded('StockTicker', 'async.Stockticker@227968f3')
