08-Apr-2020 13:59:46.166 정보 [localhost-startStop-1] org.apache.catalina.core.ApplicationContext.log ContextListener: contextInitialized()
08-Apr-2020 13:59:46.166 정보 [localhost-startStop-1] org.apache.catalina.core.ApplicationContext.log SessionListener: contextInitialized()
08-Apr-2020 13:59:46.166 정보 [localhost-startStop-1] org.apache.catalina.core.ApplicationContext.log ContextListener: attributeAdded('StockTicker', 'async.Stockticker@40367236')
08-Apr-2020 14:30:43.248 심각 [http-nio-8090-exec-10] org.apache.catalina.core.StandardWrapperValve.invoke 경로 [/board]의 컨텍스트 내의 서블릿 [jsp]을(를) 위한 Servlet.service() 호출이, 근본 원인(root cause)과 함께, 예외 [JSP를 위한 클래스를 컴파일할 수 없습니다.: 

JSP 파일 [/write_proc.jsp]의 [23] 행에서 오류가 발생했습니다.
Connection cannot be resolved to a type
20: 			return;
21: 		}
22: 
23: 		Connection mConnection;
24: 		try
25: 		{
26: 			mConnection = DriverManager.getConnection( dbstring, user ,pass );


JSP 파일 [/write_proc.jsp]의 [26] 행에서 오류가 발생했습니다.
DriverManager cannot be resolved
23: 		Connection mConnection;
24: 		try
25: 		{
26: 			mConnection = DriverManager.getConnection( dbstring, user ,pass );
27: 		}
28: 		catch (SQLException ex)
29: 		{


JSP 파일 [/write_proc.jsp]의 [28] 행에서 오류가 발생했습니다.
SQLException cannot be resolved to a type
25: 		{
26: 			mConnection = DriverManager.getConnection( dbstring, user ,pass );
27: 		}
28: 		catch (SQLException ex)
29: 		{
30: 			out.print("ERROR:" + ex.getMessage());
31: 			return;


JSP 파일 [/write_proc.jsp]의 [39] 행에서 오류가 발생했습니다.
PreparedStatement cannot be resolved to a type
36: 		out.print(mInsertSQL);
37: 		try
38: 		{
39: 			PreparedStatement mStatment  = mConnection.prepareStatement(mInsertSQL,ResultSet.TYPE_SCROLL_INSENSITIVE,ResultSet.CONCUR_UPDATABLE);
40: 			mStatment.executeUpdate();
41: 		}
42: 		catch (SQLException ex)


JSP 파일 [/write_proc.jsp]의 [39] 행에서 오류가 발생했습니다.
ResultSet.TYPE_SCROLL_INSENSITIVE cannot be resolved to a type
36: 		out.print(mInsertSQL);
37: 		try
38: 		{
39: 			PreparedStatement mStatment  = mConnection.prepareStatement(mInsertSQL,ResultSet.TYPE_SCROLL_INSENSITIVE,ResultSet.CONCUR_UPDATABLE);
40: 			mStatment.executeUpdate();
41: 		}
42: 		catch (SQLException ex)


JSP 파일 [/write_proc.jsp]의 [39] 행에서 오류가 발생했습니다.
ResultSet.CONCUR_UPDATABLE cannot be resolved to a type
36: 		out.print(mInsertSQL);
37: 		try
38: 		{
39: 			PreparedStatement mStatment  = mConnection.prepareStatement(mInsertSQL,ResultSet.TYPE_SCROLL_INSENSITIVE,ResultSet.CONCUR_UPDATABLE);
40: 			mStatment.executeUpdate();
41: 		}
42: 		catch (SQLException ex)


JSP 파일 [/write_proc.jsp]의 [42] 행에서 오류가 발생했습니다.
SQLException cannot be resolved to a type
39: 			PreparedStatement mStatment  = mConnection.prepareStatement(mInsertSQL,ResultSet.TYPE_SCROLL_INSENSITIVE,ResultSet.CONCUR_UPDATABLE);
40: 			mStatment.executeUpdate();
41: 		}
42: 		catch (SQLException ex)
43: 		{
44: 			System.out.print("ERROR:" + ex.getMessage());
45: 			return;


JSP 파일 [/write_proc.jsp]의 [52] 행에서 오류가 발생했습니다.
SQLException cannot be resolved to a type
49: 		{
50: 			mConnection.close();
51: 		}
52: 		catch (SQLException ex)
53: 		{
54: 		}
55: 


Stacktrace:]을(를) 발생시켰습니다.
	org.apache.jasper.JasperException: JSP를 위한 클래스를 컴파일할 수 없습니다.: 

JSP 파일 [/write_proc.jsp]의 [23] 행에서 오류가 발생했습니다.
Connection cannot be resolved to a type
20: 			return;
21: 		}
22: 
23: 		Connection mConnection;
24: 		try
25: 		{
26: 			mConnection = DriverManager.getConnection( dbstring, user ,pass );


JSP 파일 [/write_proc.jsp]의 [26] 행에서 오류가 발생했습니다.
DriverManager cannot be resolved
23: 		Connection mConnection;
24: 		try
25: 		{
26: 			mConnection = DriverManager.getConnection( dbstring, user ,pass );
27: 		}
28: 		catch (SQLException ex)
29: 		{


JSP 파일 [/write_proc.jsp]의 [28] 행에서 오류가 발생했습니다.
SQLException cannot be resolved to a type
25: 		{
26: 			mConnection = DriverManager.getConnection( dbstring, user ,pass );
27: 		}
28: 		catch (SQLException ex)
29: 		{
30: 			out.print("ERROR:" + ex.getMessage());
31: 			return;


JSP 파일 [/write_proc.jsp]의 [39] 행에서 오류가 발생했습니다.
PreparedStatement cannot be resolved to a type
36: 		out.print(mInsertSQL);
37: 		try
38: 		{
39: 			PreparedStatement mStatment  = mConnection.prepareStatement(mInsertSQL,ResultSet.TYPE_SCROLL_INSENSITIVE,ResultSet.CONCUR_UPDATABLE);
40: 			mStatment.executeUpdate();
41: 		}
42: 		catch (SQLException ex)


JSP 파일 [/write_proc.jsp]의 [39] 행에서 오류가 발생했습니다.
ResultSet.TYPE_SCROLL_INSENSITIVE cannot be resolved to a type
36: 		out.print(mInsertSQL);
37: 		try
38: 		{
39: 			PreparedStatement mStatment  = mConnection.prepareStatement(mInsertSQL,ResultSet.TYPE_SCROLL_INSENSITIVE,ResultSet.CONCUR_UPDATABLE);
40: 			mStatment.executeUpdate();
41: 		}
42: 		catch (SQLException ex)


JSP 파일 [/write_proc.jsp]의 [39] 행에서 오류가 발생했습니다.
ResultSet.CONCUR_UPDATABLE cannot be resolved to a type
36: 		out.print(mInsertSQL);
37: 		try
38: 		{
39: 			PreparedStatement mStatment  = mConnection.prepareStatement(mInsertSQL,ResultSet.TYPE_SCROLL_INSENSITIVE,ResultSet.CONCUR_UPDATABLE);
40: 			mStatment.executeUpdate();
41: 		}
42: 		catch (SQLException ex)


JSP 파일 [/write_proc.jsp]의 [42] 행에서 오류가 발생했습니다.
SQLException cannot be resolved to a type
39: 			PreparedStatement mStatment  = mConnection.prepareStatement(mInsertSQL,ResultSet.TYPE_SCROLL_INSENSITIVE,ResultSet.CONCUR_UPDATABLE);
40: 			mStatment.executeUpdate();
41: 		}
42: 		catch (SQLException ex)
43: 		{
44: 			System.out.print("ERROR:" + ex.getMessage());
45: 			return;


JSP 파일 [/write_proc.jsp]의 [52] 행에서 오류가 발생했습니다.
SQLException cannot be resolved to a type
49: 		{
50: 			mConnection.close();
51: 		}
52: 		catch (SQLException ex)
53: 		{
54: 		}
55: 


Stacktrace:
		at org.apache.jasper.compiler.DefaultErrorHandler.javacError(DefaultErrorHandler.java:102)
		at org.apache.jasper.compiler.ErrorDispatcher.javacError(ErrorDispatcher.java:212)
		at org.apache.jasper.compiler.JDTCompiler.generateClass(JDTCompiler.java:552)
		at org.apache.jasper.compiler.Compiler.compile(Compiler.java:381)
		at org.apache.jasper.compiler.Compiler.compile(Compiler.java:351)
		at org.apache.jasper.compiler.Compiler.compile(Compiler.java:335)
		at org.apache.jasper.JspCompilationContext.compile(JspCompilationContext.java:597)
		at org.apache.jasper.servlet.JspServletWrapper.service(JspServletWrapper.java:399)
		at org.apache.jasper.servlet.JspServlet.serviceJspFile(JspServlet.java:386)
		at org.apache.jasper.servlet.JspServlet.service(JspServlet.java:330)
		at javax.servlet.http.HttpServlet.service(HttpServlet.java:741)
		at org.apache.catalina.core.ApplicationFilterChain.internalDoFilter(ApplicationFilterChain.java:231)
		at org.apache.catalina.core.ApplicationFilterChain.doFilter(ApplicationFilterChain.java:166)
		at org.apache.tomcat.websocket.server.WsFilter.doFilter(WsFilter.java:52)
		at org.apache.catalina.core.ApplicationFilterChain.internalDoFilter(ApplicationFilterChain.java:193)
		at org.apache.catalina.core.ApplicationFilterChain.doFilter(ApplicationFilterChain.java:166)
		at org.apache.catalina.core.StandardWrapperValve.invoke(StandardWrapperValve.java:199)
		at org.apache.catalina.core.StandardContextValve.invoke(StandardContextValve.java:96)
		at org.apache.catalina.authenticator.AuthenticatorBase.invoke(AuthenticatorBase.java:543)
		at org.apache.catalina.core.StandardHostValve.invoke(StandardHostValve.java:139)
		at org.apache.catalina.valves.ErrorReportValve.invoke(ErrorReportValve.java:81)
		at org.apache.catalina.valves.AbstractAccessLogValve.invoke(AbstractAccessLogValve.java:688)
		at org.apache.catalina.core.StandardEngineValve.invoke(StandardEngineValve.java:87)
		at org.apache.catalina.connector.CoyoteAdapter.service(CoyoteAdapter.java:343)
		at org.apache.coyote.http11.Http11Processor.service(Http11Processor.java:609)
		at org.apache.coyote.AbstractProcessorLight.process(AbstractProcessorLight.java:65)
		at org.apache.coyote.AbstractProtocol$ConnectionHandler.process(AbstractProtocol.java:818)
		at org.apache.tomcat.util.net.NioEndpoint$SocketProcessor.doRun(NioEndpoint.java:1623)
		at org.apache.tomcat.util.net.SocketProcessorBase.run(SocketProcessorBase.java:49)
		at java.util.concurrent.ThreadPoolExecutor.runWorker(Unknown Source)
		at java.util.concurrent.ThreadPoolExecutor$Worker.run(Unknown Source)
		at org.apache.tomcat.util.threads.TaskThread$WrappingRunnable.run(TaskThread.java:61)
		at java.lang.Thread.run(Unknown Source)
08-Apr-2020 14:31:08.364 심각 [http-nio-8090-exec-1] org.apache.catalina.core.StandardWrapperValve.invoke 경로 [/board]의 컨텍스트 내의 서블릿 [jsp]을(를) 위한 Servlet.service() 호출이, 근본 원인(root cause)과 함께, 예외 [JSP를 위한 클래스를 컴파일할 수 없습니다.: 

JSP 파일 [/write_proc.jsp]의 [23] 행에서 오류가 발생했습니다.
Connection cannot be resolved to a type
20: 			return;
21: 		}
22: 
23: 		Connection mConnection;
24: 		try
25: 		{
26: 			mConnection = DriverManager.getConnection( dbstring, user ,pass );


JSP 파일 [/write_proc.jsp]의 [26] 행에서 오류가 발생했습니다.
DriverManager cannot be resolved
23: 		Connection mConnection;
24: 		try
25: 		{
26: 			mConnection = DriverManager.getConnection( dbstring, user ,pass );
27: 		}
28: 		catch (SQLException ex)
29: 		{


JSP 파일 [/write_proc.jsp]의 [28] 행에서 오류가 발생했습니다.
SQLException cannot be resolved to a type
25: 		{
26: 			mConnection = DriverManager.getConnection( dbstring, user ,pass );
27: 		}
28: 		catch (SQLException ex)
29: 		{
30: 			out.print("ERROR:" + ex.getMessage());
31: 			return;


JSP 파일 [/write_proc.jsp]의 [39] 행에서 오류가 발생했습니다.
PreparedStatement cannot be resolved to a type
36: 		out.print(mInsertSQL);
37: 		try
38: 		{
39: 			PreparedStatement mStatment  = mConnection.prepareStatement(mInsertSQL,ResultSet.TYPE_SCROLL_INSENSITIVE,ResultSet.CONCUR_UPDATABLE);
40: 			mStatment.executeUpdate();
41: 		}
42: 		catch (SQLException ex)


JSP 파일 [/write_proc.jsp]의 [39] 행에서 오류가 발생했습니다.
ResultSet.TYPE_SCROLL_INSENSITIVE cannot be resolved to a type
36: 		out.print(mInsertSQL);
37: 		try
38: 		{
39: 			PreparedStatement mStatment  = mConnection.prepareStatement(mInsertSQL,ResultSet.TYPE_SCROLL_INSENSITIVE,ResultSet.CONCUR_UPDATABLE);
40: 			mStatment.executeUpdate();
41: 		}
42: 		catch (SQLException ex)


JSP 파일 [/write_proc.jsp]의 [39] 행에서 오류가 발생했습니다.
ResultSet.CONCUR_UPDATABLE cannot be resolved to a type
36: 		out.print(mInsertSQL);
37: 		try
38: 		{
39: 			PreparedStatement mStatment  = mConnection.prepareStatement(mInsertSQL,ResultSet.TYPE_SCROLL_INSENSITIVE,ResultSet.CONCUR_UPDATABLE);
40: 			mStatment.executeUpdate();
41: 		}
42: 		catch (SQLException ex)


JSP 파일 [/write_proc.jsp]의 [42] 행에서 오류가 발생했습니다.
SQLException cannot be resolved to a type
39: 			PreparedStatement mStatment  = mConnection.prepareStatement(mInsertSQL,ResultSet.TYPE_SCROLL_INSENSITIVE,ResultSet.CONCUR_UPDATABLE);
40: 			mStatment.executeUpdate();
41: 		}
42: 		catch (SQLException ex)
43: 		{
44: 			out.print("ERROR:" + ex.getMessage());
45: 			return;


JSP 파일 [/write_proc.jsp]의 [52] 행에서 오류가 발생했습니다.
SQLException cannot be resolved to a type
49: 		{
50: 			mConnection.close();
51: 		}
52: 		catch (SQLException ex)
53: 		{
54: 		}
55: 


Stacktrace:]을(를) 발생시켰습니다.
	org.apache.jasper.JasperException: JSP를 위한 클래스를 컴파일할 수 없습니다.: 

JSP 파일 [/write_proc.jsp]의 [23] 행에서 오류가 발생했습니다.
Connection cannot be resolved to a type
20: 			return;
21: 		}
22: 
23: 		Connection mConnection;
24: 		try
25: 		{
26: 			mConnection = DriverManager.getConnection( dbstring, user ,pass );


JSP 파일 [/write_proc.jsp]의 [26] 행에서 오류가 발생했습니다.
DriverManager cannot be resolved
23: 		Connection mConnection;
24: 		try
25: 		{
26: 			mConnection = DriverManager.getConnection( dbstring, user ,pass );
27: 		}
28: 		catch (SQLException ex)
29: 		{


JSP 파일 [/write_proc.jsp]의 [28] 행에서 오류가 발생했습니다.
SQLException cannot be resolved to a type
25: 		{
26: 			mConnection = DriverManager.getConnection( dbstring, user ,pass );
27: 		}
28: 		catch (SQLException ex)
29: 		{
30: 			out.print("ERROR:" + ex.getMessage());
31: 			return;


JSP 파일 [/write_proc.jsp]의 [39] 행에서 오류가 발생했습니다.
PreparedStatement cannot be resolved to a type
36: 		out.print(mInsertSQL);
37: 		try
38: 		{
39: 			PreparedStatement mStatment  = mConnection.prepareStatement(mInsertSQL,ResultSet.TYPE_SCROLL_INSENSITIVE,ResultSet.CONCUR_UPDATABLE);
40: 			mStatment.executeUpdate();
41: 		}
42: 		catch (SQLException ex)


JSP 파일 [/write_proc.jsp]의 [39] 행에서 오류가 발생했습니다.
ResultSet.TYPE_SCROLL_INSENSITIVE cannot be resolved to a type
36: 		out.print(mInsertSQL);
37: 		try
38: 		{
39: 			PreparedStatement mStatment  = mConnection.prepareStatement(mInsertSQL,ResultSet.TYPE_SCROLL_INSENSITIVE,ResultSet.CONCUR_UPDATABLE);
40: 			mStatment.executeUpdate();
41: 		}
42: 		catch (SQLException ex)


JSP 파일 [/write_proc.jsp]의 [39] 행에서 오류가 발생했습니다.
ResultSet.CONCUR_UPDATABLE cannot be resolved to a type
36: 		out.print(mInsertSQL);
37: 		try
38: 		{
39: 			PreparedStatement mStatment  = mConnection.prepareStatement(mInsertSQL,ResultSet.TYPE_SCROLL_INSENSITIVE,ResultSet.CONCUR_UPDATABLE);
40: 			mStatment.executeUpdate();
41: 		}
42: 		catch (SQLException ex)


JSP 파일 [/write_proc.jsp]의 [42] 행에서 오류가 발생했습니다.
SQLException cannot be resolved to a type
39: 			PreparedStatement mStatment  = mConnection.prepareStatement(mInsertSQL,ResultSet.TYPE_SCROLL_INSENSITIVE,ResultSet.CONCUR_UPDATABLE);
40: 			mStatment.executeUpdate();
41: 		}
42: 		catch (SQLException ex)
43: 		{
44: 			out.print("ERROR:" + ex.getMessage());
45: 			return;


JSP 파일 [/write_proc.jsp]의 [52] 행에서 오류가 발생했습니다.
SQLException cannot be resolved to a type
49: 		{
50: 			mConnection.close();
51: 		}
52: 		catch (SQLException ex)
53: 		{
54: 		}
55: 


Stacktrace:
		at org.apache.jasper.compiler.DefaultErrorHandler.javacError(DefaultErrorHandler.java:102)
		at org.apache.jasper.compiler.ErrorDispatcher.javacError(ErrorDispatcher.java:212)
		at org.apache.jasper.compiler.JDTCompiler.generateClass(JDTCompiler.java:552)
		at org.apache.jasper.compiler.Compiler.compile(Compiler.java:381)
		at org.apache.jasper.compiler.Compiler.compile(Compiler.java:351)
		at org.apache.jasper.compiler.Compiler.compile(Compiler.java:335)
		at org.apache.jasper.JspCompilationContext.compile(JspCompilationContext.java:597)
		at org.apache.jasper.servlet.JspServletWrapper.service(JspServletWrapper.java:399)
		at org.apache.jasper.servlet.JspServlet.serviceJspFile(JspServlet.java:386)
		at org.apache.jasper.servlet.JspServlet.service(JspServlet.java:330)
		at javax.servlet.http.HttpServlet.service(HttpServlet.java:741)
		at org.apache.catalina.core.ApplicationFilterChain.internalDoFilter(ApplicationFilterChain.java:231)
		at org.apache.catalina.core.ApplicationFilterChain.doFilter(ApplicationFilterChain.java:166)
		at org.apache.tomcat.websocket.server.WsFilter.doFilter(WsFilter.java:52)
		at org.apache.catalina.core.ApplicationFilterChain.internalDoFilter(ApplicationFilterChain.java:193)
		at org.apache.catalina.core.ApplicationFilterChain.doFilter(ApplicationFilterChain.java:166)
		at org.apache.catalina.core.StandardWrapperValve.invoke(StandardWrapperValve.java:199)
		at org.apache.catalina.core.StandardContextValve.invoke(StandardContextValve.java:96)
		at org.apache.catalina.authenticator.AuthenticatorBase.invoke(AuthenticatorBase.java:543)
		at org.apache.catalina.core.StandardHostValve.invoke(StandardHostValve.java:139)
		at org.apache.catalina.valves.ErrorReportValve.invoke(ErrorReportValve.java:81)
		at org.apache.catalina.valves.AbstractAccessLogValve.invoke(AbstractAccessLogValve.java:688)
		at org.apache.catalina.core.StandardEngineValve.invoke(StandardEngineValve.java:87)
		at org.apache.catalina.connector.CoyoteAdapter.service(CoyoteAdapter.java:343)
		at org.apache.coyote.http11.Http11Processor.service(Http11Processor.java:609)
		at org.apache.coyote.AbstractProcessorLight.process(AbstractProcessorLight.java:65)
		at org.apache.coyote.AbstractProtocol$ConnectionHandler.process(AbstractProtocol.java:818)
		at org.apache.tomcat.util.net.NioEndpoint$SocketProcessor.doRun(NioEndpoint.java:1623)
		at org.apache.tomcat.util.net.SocketProcessorBase.run(SocketProcessorBase.java:49)
		at java.util.concurrent.ThreadPoolExecutor.runWorker(Unknown Source)
		at java.util.concurrent.ThreadPoolExecutor$Worker.run(Unknown Source)
		at org.apache.tomcat.util.threads.TaskThread$WrappingRunnable.run(TaskThread.java:61)
		at java.lang.Thread.run(Unknown Source)
08-Apr-2020 14:31:22.248 심각 [http-nio-8090-exec-2] org.apache.catalina.core.StandardWrapperValve.invoke 경로 [/board]의 컨텍스트 내의 서블릿 [jsp]을(를) 위한 Servlet.service() 호출이, 근본 원인(root cause)과 함께, 예외 [JSP를 위한 클래스를 컴파일할 수 없습니다.: 

JSP 파일 [/write_proc.jsp]의 [23] 행에서 오류가 발생했습니다.
Connection cannot be resolved to a type
20: 			return;
21: 		}
22: 
23: 		Connection mConnection;
24: 		try
25: 		{
26: 			mConnection = DriverManager.getConnection( dbstring, user ,pass );


JSP 파일 [/write_proc.jsp]의 [26] 행에서 오류가 발생했습니다.
DriverManager cannot be resolved
23: 		Connection mConnection;
24: 		try
25: 		{
26: 			mConnection = DriverManager.getConnection( dbstring, user ,pass );
27: 		}
28: 		catch (SQLException ex)
29: 		{


JSP 파일 [/write_proc.jsp]의 [28] 행에서 오류가 발생했습니다.
SQLException cannot be resolved to a type
25: 		{
26: 			mConnection = DriverManager.getConnection( dbstring, user ,pass );
27: 		}
28: 		catch (SQLException ex)
29: 		{
30: 			out.print("ERROR:" + ex.getMessage());
31: 			return;


JSP 파일 [/write_proc.jsp]의 [39] 행에서 오류가 발생했습니다.
PreparedStatement cannot be resolved to a type
36: 		out.print(mInsertSQL);
37: 		try
38: 		{
39: 			PreparedStatement mStatment  = mConnection.prepareStatement(mInsertSQL,ResultSet.TYPE_SCROLL_INSENSITIVE,ResultSet.CONCUR_UPDATABLE);
40: 			mStatment.executeUpdate();
41: 		}
42: 		catch (SQLException ex)


JSP 파일 [/write_proc.jsp]의 [39] 행에서 오류가 발생했습니다.
ResultSet.TYPE_SCROLL_INSENSITIVE cannot be resolved to a type
36: 		out.print(mInsertSQL);
37: 		try
38: 		{
39: 			PreparedStatement mStatment  = mConnection.prepareStatement(mInsertSQL,ResultSet.TYPE_SCROLL_INSENSITIVE,ResultSet.CONCUR_UPDATABLE);
40: 			mStatment.executeUpdate();
41: 		}
42: 		catch (SQLException ex)


JSP 파일 [/write_proc.jsp]의 [39] 행에서 오류가 발생했습니다.
ResultSet.CONCUR_UPDATABLE cannot be resolved to a type
36: 		out.print(mInsertSQL);
37: 		try
38: 		{
39: 			PreparedStatement mStatment  = mConnection.prepareStatement(mInsertSQL,ResultSet.TYPE_SCROLL_INSENSITIVE,ResultSet.CONCUR_UPDATABLE);
40: 			mStatment.executeUpdate();
41: 		}
42: 		catch (SQLException ex)


JSP 파일 [/write_proc.jsp]의 [42] 행에서 오류가 발생했습니다.
SQLException cannot be resolved to a type
39: 			PreparedStatement mStatment  = mConnection.prepareStatement(mInsertSQL,ResultSet.TYPE_SCROLL_INSENSITIVE,ResultSet.CONCUR_UPDATABLE);
40: 			mStatment.executeUpdate();
41: 		}
42: 		catch (SQLException ex)
43: 		{
44: 			out.print("ERROR:" + ex.getMessage());
45: 			return;


JSP 파일 [/write_proc.jsp]의 [52] 행에서 오류가 발생했습니다.
SQLException cannot be resolved to a type
49: 		{
50: 			mConnection.close();
51: 		}
52: 		catch (SQLException ex)
53: 		{
54: 		}
55: 


Stacktrace:]을(를) 발생시켰습니다.
	org.apache.jasper.JasperException: JSP를 위한 클래스를 컴파일할 수 없습니다.: 

JSP 파일 [/write_proc.jsp]의 [23] 행에서 오류가 발생했습니다.
Connection cannot be resolved to a type
20: 			return;
21: 		}
22: 
23: 		Connection mConnection;
24: 		try
25: 		{
26: 			mConnection = DriverManager.getConnection( dbstring, user ,pass );


JSP 파일 [/write_proc.jsp]의 [26] 행에서 오류가 발생했습니다.
DriverManager cannot be resolved
23: 		Connection mConnection;
24: 		try
25: 		{
26: 			mConnection = DriverManager.getConnection( dbstring, user ,pass );
27: 		}
28: 		catch (SQLException ex)
29: 		{


JSP 파일 [/write_proc.jsp]의 [28] 행에서 오류가 발생했습니다.
SQLException cannot be resolved to a type
25: 		{
26: 			mConnection = DriverManager.getConnection( dbstring, user ,pass );
27: 		}
28: 		catch (SQLException ex)
29: 		{
30: 			out.print("ERROR:" + ex.getMessage());
31: 			return;


JSP 파일 [/write_proc.jsp]의 [39] 행에서 오류가 발생했습니다.
PreparedStatement cannot be resolved to a type
36: 		out.print(mInsertSQL);
37: 		try
38: 		{
39: 			PreparedStatement mStatment  = mConnection.prepareStatement(mInsertSQL,ResultSet.TYPE_SCROLL_INSENSITIVE,ResultSet.CONCUR_UPDATABLE);
40: 			mStatment.executeUpdate();
41: 		}
42: 		catch (SQLException ex)


JSP 파일 [/write_proc.jsp]의 [39] 행에서 오류가 발생했습니다.
ResultSet.TYPE_SCROLL_INSENSITIVE cannot be resolved to a type
36: 		out.print(mInsertSQL);
37: 		try
38: 		{
39: 			PreparedStatement mStatment  = mConnection.prepareStatement(mInsertSQL,ResultSet.TYPE_SCROLL_INSENSITIVE,ResultSet.CONCUR_UPDATABLE);
40: 			mStatment.executeUpdate();
41: 		}
42: 		catch (SQLException ex)


JSP 파일 [/write_proc.jsp]의 [39] 행에서 오류가 발생했습니다.
ResultSet.CONCUR_UPDATABLE cannot be resolved to a type
36: 		out.print(mInsertSQL);
37: 		try
38: 		{
39: 			PreparedStatement mStatment  = mConnection.prepareStatement(mInsertSQL,ResultSet.TYPE_SCROLL_INSENSITIVE,ResultSet.CONCUR_UPDATABLE);
40: 			mStatment.executeUpdate();
41: 		}
42: 		catch (SQLException ex)


JSP 파일 [/write_proc.jsp]의 [42] 행에서 오류가 발생했습니다.
SQLException cannot be resolved to a type
39: 			PreparedStatement mStatment  = mConnection.prepareStatement(mInsertSQL,ResultSet.TYPE_SCROLL_INSENSITIVE,ResultSet.CONCUR_UPDATABLE);
40: 			mStatment.executeUpdate();
41: 		}
42: 		catch (SQLException ex)
43: 		{
44: 			out.print("ERROR:" + ex.getMessage());
45: 			return;


JSP 파일 [/write_proc.jsp]의 [52] 행에서 오류가 발생했습니다.
SQLException cannot be resolved to a type
49: 		{
50: 			mConnection.close();
51: 		}
52: 		catch (SQLException ex)
53: 		{
54: 		}
55: 


Stacktrace:
		at org.apache.jasper.compiler.DefaultErrorHandler.javacError(DefaultErrorHandler.java:102)
		at org.apache.jasper.compiler.ErrorDispatcher.javacError(ErrorDispatcher.java:212)
		at org.apache.jasper.compiler.JDTCompiler.generateClass(JDTCompiler.java:552)
		at org.apache.jasper.compiler.Compiler.compile(Compiler.java:381)
		at org.apache.jasper.compiler.Compiler.compile(Compiler.java:351)
		at org.apache.jasper.compiler.Compiler.compile(Compiler.java:335)
		at org.apache.jasper.JspCompilationContext.compile(JspCompilationContext.java:597)
		at org.apache.jasper.servlet.JspServletWrapper.service(JspServletWrapper.java:399)
		at org.apache.jasper.servlet.JspServlet.serviceJspFile(JspServlet.java:386)
		at org.apache.jasper.servlet.JspServlet.service(JspServlet.java:330)
		at javax.servlet.http.HttpServlet.service(HttpServlet.java:741)
		at org.apache.catalina.core.ApplicationFilterChain.internalDoFilter(ApplicationFilterChain.java:231)
		at org.apache.catalina.core.ApplicationFilterChain.doFilter(ApplicationFilterChain.java:166)
		at org.apache.tomcat.websocket.server.WsFilter.doFilter(WsFilter.java:52)
		at org.apache.catalina.core.ApplicationFilterChain.internalDoFilter(ApplicationFilterChain.java:193)
		at org.apache.catalina.core.ApplicationFilterChain.doFilter(ApplicationFilterChain.java:166)
		at org.apache.catalina.core.StandardWrapperValve.invoke(StandardWrapperValve.java:199)
		at org.apache.catalina.core.StandardContextValve.invoke(StandardContextValve.java:96)
		at org.apache.catalina.authenticator.AuthenticatorBase.invoke(AuthenticatorBase.java:543)
		at org.apache.catalina.core.StandardHostValve.invoke(StandardHostValve.java:139)
		at org.apache.catalina.valves.ErrorReportValve.invoke(ErrorReportValve.java:81)
		at org.apache.catalina.valves.AbstractAccessLogValve.invoke(AbstractAccessLogValve.java:688)
		at org.apache.catalina.core.StandardEngineValve.invoke(StandardEngineValve.java:87)
		at org.apache.catalina.connector.CoyoteAdapter.service(CoyoteAdapter.java:343)
		at org.apache.coyote.http11.Http11Processor.service(Http11Processor.java:609)
		at org.apache.coyote.AbstractProcessorLight.process(AbstractProcessorLight.java:65)
		at org.apache.coyote.AbstractProtocol$ConnectionHandler.process(AbstractProtocol.java:818)
		at org.apache.tomcat.util.net.NioEndpoint$SocketProcessor.doRun(NioEndpoint.java:1623)
		at org.apache.tomcat.util.net.SocketProcessorBase.run(SocketProcessorBase.java:49)
		at java.util.concurrent.ThreadPoolExecutor.runWorker(Unknown Source)
		at java.util.concurrent.ThreadPoolExecutor$Worker.run(Unknown Source)
		at org.apache.tomcat.util.threads.TaskThread$WrappingRunnable.run(TaskThread.java:61)
		at java.lang.Thread.run(Unknown Source)
08-Apr-2020 14:31:32.528 심각 [http-nio-8090-exec-3] org.apache.catalina.core.StandardWrapperValve.invoke 경로 [/board]의 컨텍스트 내의 서블릿 [jsp]을(를) 위한 Servlet.service() 호출이, 근본 원인(root cause)과 함께, 예외 [JSP를 위한 클래스를 컴파일할 수 없습니다.: 

JSP 파일 [/write_proc.jsp]의 [23] 행에서 오류가 발생했습니다.
Connection cannot be resolved to a type
20: 			return;
21: 		}
22: 
23: 		Connection mConnection;
24: 		try
25: 		{
26: 			mConnection = DriverManager.getConnection( dbstring, user ,pass );


JSP 파일 [/write_proc.jsp]의 [26] 행에서 오류가 발생했습니다.
DriverManager cannot be resolved
23: 		Connection mConnection;
24: 		try
25: 		{
26: 			mConnection = DriverManager.getConnection( dbstring, user ,pass );
27: 		}
28: 		catch (SQLException ex)
29: 		{


JSP 파일 [/write_proc.jsp]의 [28] 행에서 오류가 발생했습니다.
SQLException cannot be resolved to a type
25: 		{
26: 			mConnection = DriverManager.getConnection( dbstring, user ,pass );
27: 		}
28: 		catch (SQLException ex)
29: 		{
30: 			out.print("ERROR:" + ex.getMessage());
31: 			return;


JSP 파일 [/write_proc.jsp]의 [39] 행에서 오류가 발생했습니다.
PreparedStatement cannot be resolved to a type
36: 		out.print(mInsertSQL);
37: 		try
38: 		{
39: 			PreparedStatement mStatment  = mConnection.prepareStatement(mInsertSQL,ResultSet.TYPE_SCROLL_INSENSITIVE,ResultSet.CONCUR_UPDATABLE);
40: 			mStatment.executeUpdate();
41: 		}
42: 		catch (SQLException ex)


JSP 파일 [/write_proc.jsp]의 [39] 행에서 오류가 발생했습니다.
ResultSet.TYPE_SCROLL_INSENSITIVE cannot be resolved to a type
36: 		out.print(mInsertSQL);
37: 		try
38: 		{
39: 			PreparedStatement mStatment  = mConnection.prepareStatement(mInsertSQL,ResultSet.TYPE_SCROLL_INSENSITIVE,ResultSet.CONCUR_UPDATABLE);
40: 			mStatment.executeUpdate();
41: 		}
42: 		catch (SQLException ex)


JSP 파일 [/write_proc.jsp]의 [39] 행에서 오류가 발생했습니다.
ResultSet.CONCUR_UPDATABLE cannot be resolved to a type
36: 		out.print(mInsertSQL);
37: 		try
38: 		{
39: 			PreparedStatement mStatment  = mConnection.prepareStatement(mInsertSQL,ResultSet.TYPE_SCROLL_INSENSITIVE,ResultSet.CONCUR_UPDATABLE);
40: 			mStatment.executeUpdate();
41: 		}
42: 		catch (SQLException ex)


JSP 파일 [/write_proc.jsp]의 [42] 행에서 오류가 발생했습니다.
SQLException cannot be resolved to a type
39: 			PreparedStatement mStatment  = mConnection.prepareStatement(mInsertSQL,ResultSet.TYPE_SCROLL_INSENSITIVE,ResultSet.CONCUR_UPDATABLE);
40: 			mStatment.executeUpdate();
41: 		}
42: 		catch (SQLException ex)
43: 		{
44: 			out.print("ERROR:" + ex.getMessage());
45: 			return;


JSP 파일 [/write_proc.jsp]의 [52] 행에서 오류가 발생했습니다.
SQLException cannot be resolved to a type
49: 		{
50: 			mConnection.close();
51: 		}
52: 		catch (SQLException ex)
53: 		{
54: 		}
55: 


Stacktrace:]을(를) 발생시켰습니다.
	org.apache.jasper.JasperException: JSP를 위한 클래스를 컴파일할 수 없습니다.: 

JSP 파일 [/write_proc.jsp]의 [23] 행에서 오류가 발생했습니다.
Connection cannot be resolved to a type
20: 			return;
21: 		}
22: 
23: 		Connection mConnection;
24: 		try
25: 		{
26: 			mConnection = DriverManager.getConnection( dbstring, user ,pass );


JSP 파일 [/write_proc.jsp]의 [26] 행에서 오류가 발생했습니다.
DriverManager cannot be resolved
23: 		Connection mConnection;
24: 		try
25: 		{
26: 			mConnection = DriverManager.getConnection( dbstring, user ,pass );
27: 		}
28: 		catch (SQLException ex)
29: 		{


JSP 파일 [/write_proc.jsp]의 [28] 행에서 오류가 발생했습니다.
SQLException cannot be resolved to a type
25: 		{
26: 			mConnection = DriverManager.getConnection( dbstring, user ,pass );
27: 		}
28: 		catch (SQLException ex)
29: 		{
30: 			out.print("ERROR:" + ex.getMessage());
31: 			return;


JSP 파일 [/write_proc.jsp]의 [39] 행에서 오류가 발생했습니다.
PreparedStatement cannot be resolved to a type
36: 		out.print(mInsertSQL);
37: 		try
38: 		{
39: 			PreparedStatement mStatment  = mConnection.prepareStatement(mInsertSQL,ResultSet.TYPE_SCROLL_INSENSITIVE,ResultSet.CONCUR_UPDATABLE);
40: 			mStatment.executeUpdate();
41: 		}
42: 		catch (SQLException ex)


JSP 파일 [/write_proc.jsp]의 [39] 행에서 오류가 발생했습니다.
ResultSet.TYPE_SCROLL_INSENSITIVE cannot be resolved to a type
36: 		out.print(mInsertSQL);
37: 		try
38: 		{
39: 			PreparedStatement mStatment  = mConnection.prepareStatement(mInsertSQL,ResultSet.TYPE_SCROLL_INSENSITIVE,ResultSet.CONCUR_UPDATABLE);
40: 			mStatment.executeUpdate();
41: 		}
42: 		catch (SQLException ex)


JSP 파일 [/write_proc.jsp]의 [39] 행에서 오류가 발생했습니다.
ResultSet.CONCUR_UPDATABLE cannot be resolved to a type
36: 		out.print(mInsertSQL);
37: 		try
38: 		{
39: 			PreparedStatement mStatment  = mConnection.prepareStatement(mInsertSQL,ResultSet.TYPE_SCROLL_INSENSITIVE,ResultSet.CONCUR_UPDATABLE);
40: 			mStatment.executeUpdate();
41: 		}
42: 		catch (SQLException ex)


JSP 파일 [/write_proc.jsp]의 [42] 행에서 오류가 발생했습니다.
SQLException cannot be resolved to a type
39: 			PreparedStatement mStatment  = mConnection.prepareStatement(mInsertSQL,ResultSet.TYPE_SCROLL_INSENSITIVE,ResultSet.CONCUR_UPDATABLE);
40: 			mStatment.executeUpdate();
41: 		}
42: 		catch (SQLException ex)
43: 		{
44: 			out.print("ERROR:" + ex.getMessage());
45: 			return;


JSP 파일 [/write_proc.jsp]의 [52] 행에서 오류가 발생했습니다.
SQLException cannot be resolved to a type
49: 		{
50: 			mConnection.close();
51: 		}
52: 		catch (SQLException ex)
53: 		{
54: 		}
55: 


Stacktrace:
		at org.apache.jasper.compiler.DefaultErrorHandler.javacError(DefaultErrorHandler.java:102)
		at org.apache.jasper.compiler.ErrorDispatcher.javacError(ErrorDispatcher.java:212)
		at org.apache.jasper.compiler.JDTCompiler.generateClass(JDTCompiler.java:552)
		at org.apache.jasper.compiler.Compiler.compile(Compiler.java:381)
		at org.apache.jasper.compiler.Compiler.compile(Compiler.java:351)
		at org.apache.jasper.compiler.Compiler.compile(Compiler.java:335)
		at org.apache.jasper.JspCompilationContext.compile(JspCompilationContext.java:597)
		at org.apache.jasper.servlet.JspServletWrapper.service(JspServletWrapper.java:399)
		at org.apache.jasper.servlet.JspServlet.serviceJspFile(JspServlet.java:386)
		at org.apache.jasper.servlet.JspServlet.service(JspServlet.java:330)
		at javax.servlet.http.HttpServlet.service(HttpServlet.java:741)
		at org.apache.catalina.core.ApplicationFilterChain.internalDoFilter(ApplicationFilterChain.java:231)
		at org.apache.catalina.core.ApplicationFilterChain.doFilter(ApplicationFilterChain.java:166)
		at org.apache.tomcat.websocket.server.WsFilter.doFilter(WsFilter.java:52)
		at org.apache.catalina.core.ApplicationFilterChain.internalDoFilter(ApplicationFilterChain.java:193)
		at org.apache.catalina.core.ApplicationFilterChain.doFilter(ApplicationFilterChain.java:166)
		at org.apache.catalina.core.StandardWrapperValve.invoke(StandardWrapperValve.java:199)
		at org.apache.catalina.core.StandardContextValve.invoke(StandardContextValve.java:96)
		at org.apache.catalina.authenticator.AuthenticatorBase.invoke(AuthenticatorBase.java:543)
		at org.apache.catalina.core.StandardHostValve.invoke(StandardHostValve.java:139)
		at org.apache.catalina.valves.ErrorReportValve.invoke(ErrorReportValve.java:81)
		at org.apache.catalina.valves.AbstractAccessLogValve.invoke(AbstractAccessLogValve.java:688)
		at org.apache.catalina.core.StandardEngineValve.invoke(StandardEngineValve.java:87)
		at org.apache.catalina.connector.CoyoteAdapter.service(CoyoteAdapter.java:343)
		at org.apache.coyote.http11.Http11Processor.service(Http11Processor.java:609)
		at org.apache.coyote.AbstractProcessorLight.process(AbstractProcessorLight.java:65)
		at org.apache.coyote.AbstractProtocol$ConnectionHandler.process(AbstractProtocol.java:818)
		at org.apache.tomcat.util.net.NioEndpoint$SocketProcessor.doRun(NioEndpoint.java:1623)
		at org.apache.tomcat.util.net.SocketProcessorBase.run(SocketProcessorBase.java:49)
		at java.util.concurrent.ThreadPoolExecutor.runWorker(Unknown Source)
		at java.util.concurrent.ThreadPoolExecutor$Worker.run(Unknown Source)
		at org.apache.tomcat.util.threads.TaskThread$WrappingRunnable.run(TaskThread.java:61)
		at java.lang.Thread.run(Unknown Source)
08-Apr-2020 15:02:30.871 심각 [http-nio-8090-exec-9] org.apache.catalina.core.StandardWrapperValve.invoke 경로 [/board]의 컨텍스트 내의 서블릿 [jsp]을(를) 위한 Servlet.service() 호출이, 근본 원인(root cause)과 함께, 예외 [JSP를 위한 클래스를 컴파일할 수 없습니다.: 

JSP 파일 [/list.jsp]의 [105] 행에서 오류가 발생했습니다.
Syntax error, insert ")" to complete MethodInvocation
102: 				String title =  mResultSet.getString("title");
103: 				out.println("<tr>");
104: 				out.println("<td>" + id + "</td>");
105: 				out.println("<td><a href="view.jsp">" + title + "</a></td>");
106: 				out.println("</tr>");
107: 			}
108: 


JSP 파일 [/list.jsp]의 [105] 행에서 오류가 발생했습니다.
Syntax error, insert ";" to complete Statement
102: 				String title =  mResultSet.getString("title");
103: 				out.println("<tr>");
104: 				out.println("<td>" + id + "</td>");
105: 				out.println("<td><a href="view.jsp">" + title + "</a></td>");
106: 				out.println("</tr>");
107: 			}
108: 


JSP 파일 [/list.jsp]의 [105] 행에서 오류가 발생했습니다.
view cannot be resolved
102: 				String title =  mResultSet.getString("title");
103: 				out.println("<tr>");
104: 				out.println("<td>" + id + "</td>");
105: 				out.println("<td><a href="view.jsp">" + title + "</a></td>");
106: 				out.println("</tr>");
107: 			}
108: 


JSP 파일 [/list.jsp]의 [105] 행에서 오류가 발생했습니다.
Syntax error on token "jsp", ( expected after this token
102: 				String title =  mResultSet.getString("title");
103: 				out.println("<tr>");
104: 				out.println("<td>" + id + "</td>");
105: 				out.println("<td><a href="view.jsp">" + title + "</a></td>");
106: 				out.println("</tr>");
107: 			}
108: 


Stacktrace:]을(를) 발생시켰습니다.
	org.apache.jasper.JasperException: JSP를 위한 클래스를 컴파일할 수 없습니다.: 

JSP 파일 [/list.jsp]의 [105] 행에서 오류가 발생했습니다.
Syntax error, insert ")" to complete MethodInvocation
102: 				String title =  mResultSet.getString("title");
103: 				out.println("<tr>");
104: 				out.println("<td>" + id + "</td>");
105: 				out.println("<td><a href="view.jsp">" + title + "</a></td>");
106: 				out.println("</tr>");
107: 			}
108: 


JSP 파일 [/list.jsp]의 [105] 행에서 오류가 발생했습니다.
Syntax error, insert ";" to complete Statement
102: 				String title =  mResultSet.getString("title");
103: 				out.println("<tr>");
104: 				out.println("<td>" + id + "</td>");
105: 				out.println("<td><a href="view.jsp">" + title + "</a></td>");
106: 				out.println("</tr>");
107: 			}
108: 


JSP 파일 [/list.jsp]의 [105] 행에서 오류가 발생했습니다.
view cannot be resolved
102: 				String title =  mResultSet.getString("title");
103: 				out.println("<tr>");
104: 				out.println("<td>" + id + "</td>");
105: 				out.println("<td><a href="view.jsp">" + title + "</a></td>");
106: 				out.println("</tr>");
107: 			}
108: 


JSP 파일 [/list.jsp]의 [105] 행에서 오류가 발생했습니다.
Syntax error on token "jsp", ( expected after this token
102: 				String title =  mResultSet.getString("title");
103: 				out.println("<tr>");
104: 				out.println("<td>" + id + "</td>");
105: 				out.println("<td><a href="view.jsp">" + title + "</a></td>");
106: 				out.println("</tr>");
107: 			}
108: 


Stacktrace:
		at org.apache.jasper.compiler.DefaultErrorHandler.javacError(DefaultErrorHandler.java:102)
		at org.apache.jasper.compiler.ErrorDispatcher.javacError(ErrorDispatcher.java:212)
		at org.apache.jasper.compiler.JDTCompiler.generateClass(JDTCompiler.java:552)
		at org.apache.jasper.compiler.Compiler.compile(Compiler.java:381)
		at org.apache.jasper.compiler.Compiler.compile(Compiler.java:351)
		at org.apache.jasper.compiler.Compiler.compile(Compiler.java:335)
		at org.apache.jasper.JspCompilationContext.compile(JspCompilationContext.java:597)
		at org.apache.jasper.servlet.JspServletWrapper.service(JspServletWrapper.java:399)
		at org.apache.jasper.servlet.JspServlet.serviceJspFile(JspServlet.java:386)
		at org.apache.jasper.servlet.JspServlet.service(JspServlet.java:330)
		at javax.servlet.http.HttpServlet.service(HttpServlet.java:741)
		at org.apache.catalina.core.ApplicationFilterChain.internalDoFilter(ApplicationFilterChain.java:231)
		at org.apache.catalina.core.ApplicationFilterChain.doFilter(ApplicationFilterChain.java:166)
		at org.apache.tomcat.websocket.server.WsFilter.doFilter(WsFilter.java:52)
		at org.apache.catalina.core.ApplicationFilterChain.internalDoFilter(ApplicationFilterChain.java:193)
		at org.apache.catalina.core.ApplicationFilterChain.doFilter(ApplicationFilterChain.java:166)
		at org.apache.catalina.core.StandardWrapperValve.invoke(StandardWrapperValve.java:199)
		at org.apache.catalina.core.StandardContextValve.invoke(StandardContextValve.java:96)
		at org.apache.catalina.authenticator.AuthenticatorBase.invoke(AuthenticatorBase.java:543)
		at org.apache.catalina.core.StandardHostValve.invoke(StandardHostValve.java:139)
		at org.apache.catalina.valves.ErrorReportValve.invoke(ErrorReportValve.java:81)
		at org.apache.catalina.valves.AbstractAccessLogValve.invoke(AbstractAccessLogValve.java:688)
		at org.apache.catalina.core.StandardEngineValve.invoke(StandardEngineValve.java:87)
		at org.apache.catalina.connector.CoyoteAdapter.service(CoyoteAdapter.java:343)
		at org.apache.coyote.http11.Http11Processor.service(Http11Processor.java:609)
		at org.apache.coyote.AbstractProcessorLight.process(AbstractProcessorLight.java:65)
		at org.apache.coyote.AbstractProtocol$ConnectionHandler.process(AbstractProtocol.java:818)
		at org.apache.tomcat.util.net.NioEndpoint$SocketProcessor.doRun(NioEndpoint.java:1623)
		at org.apache.tomcat.util.net.SocketProcessorBase.run(SocketProcessorBase.java:49)
		at java.util.concurrent.ThreadPoolExecutor.runWorker(Unknown Source)
		at java.util.concurrent.ThreadPoolExecutor$Worker.run(Unknown Source)
		at org.apache.tomcat.util.threads.TaskThread$WrappingRunnable.run(TaskThread.java:61)
		at java.lang.Thread.run(Unknown Source)
08-Apr-2020 15:12:03.268 심각 [http-nio-8090-exec-7] org.apache.catalina.core.StandardWrapperValve.invoke 경로 [/board]의 컨텍스트 내의 서블릿 [jsp]을(를) 위한 Servlet.service() 호출이, 근본 원인(root cause)과 함께, 예외 [JSP를 위한 클래스를 컴파일할 수 없습니다.: 

JSP 파일 [/view.jsp]의 [21] 행에서 오류가 발생했습니다.
Connection cannot be resolved to a type
18: 			return;
19: 		}
20: 
21: 		Connection mConnection;
22: 		try
23: 		{
24: 			mConnection = DriverManager.getConnection( dbstring, user ,pass );


JSP 파일 [/view.jsp]의 [24] 행에서 오류가 발생했습니다.
DriverManager cannot be resolved
21: 		Connection mConnection;
22: 		try
23: 		{
24: 			mConnection = DriverManager.getConnection( dbstring, user ,pass );
25: 		}
26: 		catch (SQLException ex)
27: 		{


JSP 파일 [/view.jsp]의 [26] 행에서 오류가 발생했습니다.
SQLException cannot be resolved to a type
23: 		{
24: 			mConnection = DriverManager.getConnection( dbstring, user ,pass );
25: 		}
26: 		catch (SQLException ex)
27: 		{
28: 			out.print("ERROR:" + ex.getMessage());
29: 			return;


JSP 파일 [/view.jsp]의 [45] 행에서 오류가 발생했습니다.
SQLException cannot be resolved to a type
42: 		{
43: 			mConnection.close();
44: 		}
45: 		catch (SQLException ex)
46: 		{
47: 		}
48: %>


Stacktrace:]을(를) 발생시켰습니다.
	org.apache.jasper.JasperException: JSP를 위한 클래스를 컴파일할 수 없습니다.: 

JSP 파일 [/view.jsp]의 [21] 행에서 오류가 발생했습니다.
Connection cannot be resolved to a type
18: 			return;
19: 		}
20: 
21: 		Connection mConnection;
22: 		try
23: 		{
24: 			mConnection = DriverManager.getConnection( dbstring, user ,pass );


JSP 파일 [/view.jsp]의 [24] 행에서 오류가 발생했습니다.
DriverManager cannot be resolved
21: 		Connection mConnection;
22: 		try
23: 		{
24: 			mConnection = DriverManager.getConnection( dbstring, user ,pass );
25: 		}
26: 		catch (SQLException ex)
27: 		{


JSP 파일 [/view.jsp]의 [26] 행에서 오류가 발생했습니다.
SQLException cannot be resolved to a type
23: 		{
24: 			mConnection = DriverManager.getConnection( dbstring, user ,pass );
25: 		}
26: 		catch (SQLException ex)
27: 		{
28: 			out.print("ERROR:" + ex.getMessage());
29: 			return;


JSP 파일 [/view.jsp]의 [45] 행에서 오류가 발생했습니다.
SQLException cannot be resolved to a type
42: 		{
43: 			mConnection.close();
44: 		}
45: 		catch (SQLException ex)
46: 		{
47: 		}
48: %>


Stacktrace:
		at org.apache.jasper.compiler.DefaultErrorHandler.javacError(DefaultErrorHandler.java:102)
		at org.apache.jasper.compiler.ErrorDispatcher.javacError(ErrorDispatcher.java:212)
		at org.apache.jasper.compiler.JDTCompiler.generateClass(JDTCompiler.java:552)
		at org.apache.jasper.compiler.Compiler.compile(Compiler.java:381)
		at org.apache.jasper.compiler.Compiler.compile(Compiler.java:351)
		at org.apache.jasper.compiler.Compiler.compile(Compiler.java:335)
		at org.apache.jasper.JspCompilationContext.compile(JspCompilationContext.java:597)
		at org.apache.jasper.servlet.JspServletWrapper.service(JspServletWrapper.java:399)
		at org.apache.jasper.servlet.JspServlet.serviceJspFile(JspServlet.java:386)
		at org.apache.jasper.servlet.JspServlet.service(JspServlet.java:330)
		at javax.servlet.http.HttpServlet.service(HttpServlet.java:741)
		at org.apache.catalina.core.ApplicationFilterChain.internalDoFilter(ApplicationFilterChain.java:231)
		at org.apache.catalina.core.ApplicationFilterChain.doFilter(ApplicationFilterChain.java:166)
		at org.apache.tomcat.websocket.server.WsFilter.doFilter(WsFilter.java:52)
		at org.apache.catalina.core.ApplicationFilterChain.internalDoFilter(ApplicationFilterChain.java:193)
		at org.apache.catalina.core.ApplicationFilterChain.doFilter(ApplicationFilterChain.java:166)
		at org.apache.catalina.core.StandardWrapperValve.invoke(StandardWrapperValve.java:199)
		at org.apache.catalina.core.StandardContextValve.invoke(StandardContextValve.java:96)
		at org.apache.catalina.authenticator.AuthenticatorBase.invoke(AuthenticatorBase.java:543)
		at org.apache.catalina.core.StandardHostValve.invoke(StandardHostValve.java:139)
		at org.apache.catalina.valves.ErrorReportValve.invoke(ErrorReportValve.java:81)
		at org.apache.catalina.valves.AbstractAccessLogValve.invoke(AbstractAccessLogValve.java:688)
		at org.apache.catalina.core.StandardEngineValve.invoke(StandardEngineValve.java:87)
		at org.apache.catalina.connector.CoyoteAdapter.service(CoyoteAdapter.java:343)
		at org.apache.coyote.http11.Http11Processor.service(Http11Processor.java:609)
		at org.apache.coyote.AbstractProcessorLight.process(AbstractProcessorLight.java:65)
		at org.apache.coyote.AbstractProtocol$ConnectionHandler.process(AbstractProtocol.java:818)
		at org.apache.tomcat.util.net.NioEndpoint$SocketProcessor.doRun(NioEndpoint.java:1623)
		at org.apache.tomcat.util.net.SocketProcessorBase.run(SocketProcessorBase.java:49)
		at java.util.concurrent.ThreadPoolExecutor.runWorker(Unknown Source)
		at java.util.concurrent.ThreadPoolExecutor$Worker.run(Unknown Source)
		at org.apache.tomcat.util.threads.TaskThread$WrappingRunnable.run(TaskThread.java:61)
		at java.lang.Thread.run(Unknown Source)
08-Apr-2020 15:13:36.010 심각 [http-nio-8090-exec-10] org.apache.catalina.core.StandardWrapperValve.invoke 경로 [/board]의 컨텍스트 내의 서블릿 [jsp]을(를) 위한 Servlet.service() 호출이, 근본 원인(root cause)과 함께, 예외 [JSP를 위한 클래스를 컴파일할 수 없습니다.: 

JSP 파일 [/view.jsp]의 [38] 행에서 오류가 발생했습니다.
startpage cannot be resolved to a variable
35:       String mSelectSQL = "select id,title from board ";
36: 	   mSelectSQL += "order by title ";
37: 	   //mSelectSQL += "limit 12,6 ";
38: 	   mSelectSQL += "limit " + startpage + "," + perpage;
39: 
40: 		try
41: 		{


JSP 파일 [/view.jsp]의 [38] 행에서 오류가 발생했습니다.
perpage cannot be resolved to a variable
35:       String mSelectSQL = "select id,title from board ";
36: 	   mSelectSQL += "order by title ";
37: 	   //mSelectSQL += "limit 12,6 ";
38: 	   mSelectSQL += "limit " + startpage + "," + perpage;
39: 
40: 		try
41: 		{


Stacktrace:]을(를) 발생시켰습니다.
	org.apache.jasper.JasperException: JSP를 위한 클래스를 컴파일할 수 없습니다.: 

JSP 파일 [/view.jsp]의 [38] 행에서 오류가 발생했습니다.
startpage cannot be resolved to a variable
35:       String mSelectSQL = "select id,title from board ";
36: 	   mSelectSQL += "order by title ";
37: 	   //mSelectSQL += "limit 12,6 ";
38: 	   mSelectSQL += "limit " + startpage + "," + perpage;
39: 
40: 		try
41: 		{


JSP 파일 [/view.jsp]의 [38] 행에서 오류가 발생했습니다.
perpage cannot be resolved to a variable
35:       String mSelectSQL = "select id,title from board ";
36: 	   mSelectSQL += "order by title ";
37: 	   //mSelectSQL += "limit 12,6 ";
38: 	   mSelectSQL += "limit " + startpage + "," + perpage;
39: 
40: 		try
41: 		{


Stacktrace:
		at org.apache.jasper.compiler.DefaultErrorHandler.javacError(DefaultErrorHandler.java:102)
		at org.apache.jasper.compiler.ErrorDispatcher.javacError(ErrorDispatcher.java:212)
		at org.apache.jasper.compiler.JDTCompiler.generateClass(JDTCompiler.java:552)
		at org.apache.jasper.compiler.Compiler.compile(Compiler.java:381)
		at org.apache.jasper.compiler.Compiler.compile(Compiler.java:351)
		at org.apache.jasper.compiler.Compiler.compile(Compiler.java:335)
		at org.apache.jasper.JspCompilationContext.compile(JspCompilationContext.java:597)
		at org.apache.jasper.servlet.JspServletWrapper.service(JspServletWrapper.java:399)
		at org.apache.jasper.servlet.JspServlet.serviceJspFile(JspServlet.java:386)
		at org.apache.jasper.servlet.JspServlet.service(JspServlet.java:330)
		at javax.servlet.http.HttpServlet.service(HttpServlet.java:741)
		at org.apache.catalina.core.ApplicationFilterChain.internalDoFilter(ApplicationFilterChain.java:231)
		at org.apache.catalina.core.ApplicationFilterChain.doFilter(ApplicationFilterChain.java:166)
		at org.apache.tomcat.websocket.server.WsFilter.doFilter(WsFilter.java:52)
		at org.apache.catalina.core.ApplicationFilterChain.internalDoFilter(ApplicationFilterChain.java:193)
		at org.apache.catalina.core.ApplicationFilterChain.doFilter(ApplicationFilterChain.java:166)
		at org.apache.catalina.core.StandardWrapperValve.invoke(StandardWrapperValve.java:199)
		at org.apache.catalina.core.StandardContextValve.invoke(StandardContextValve.java:96)
		at org.apache.catalina.authenticator.AuthenticatorBase.invoke(AuthenticatorBase.java:543)
		at org.apache.catalina.core.StandardHostValve.invoke(StandardHostValve.java:139)
		at org.apache.catalina.valves.ErrorReportValve.invoke(ErrorReportValve.java:81)
		at org.apache.catalina.valves.AbstractAccessLogValve.invoke(AbstractAccessLogValve.java:688)
		at org.apache.catalina.core.StandardEngineValve.invoke(StandardEngineValve.java:87)
		at org.apache.catalina.connector.CoyoteAdapter.service(CoyoteAdapter.java:343)
		at org.apache.coyote.http11.Http11Processor.service(Http11Processor.java:609)
		at org.apache.coyote.AbstractProcessorLight.process(AbstractProcessorLight.java:65)
		at org.apache.coyote.AbstractProtocol$ConnectionHandler.process(AbstractProtocol.java:818)
		at org.apache.tomcat.util.net.NioEndpoint$SocketProcessor.doRun(NioEndpoint.java:1623)
		at org.apache.tomcat.util.net.SocketProcessorBase.run(SocketProcessorBase.java:49)
		at java.util.concurrent.ThreadPoolExecutor.runWorker(Unknown Source)
		at java.util.concurrent.ThreadPoolExecutor$Worker.run(Unknown Source)
		at org.apache.tomcat.util.threads.TaskThread$WrappingRunnable.run(TaskThread.java:61)
		at java.lang.Thread.run(Unknown Source)
08-Apr-2020 15:14:05.119 심각 [http-nio-8090-exec-3] org.apache.catalina.core.StandardWrapperValve.invoke 경로 [/board]의 컨텍스트 내의 서블릿 [jsp]을(를) 위한 Servlet.service() 호출이, 근본 원인(root cause)과 함께, 예외 [JSP를 위한 클래스를 컴파일할 수 없습니다.: 

JSP 파일 [/view.jsp]의 [38] 행에서 오류가 발생했습니다.
startpage cannot be resolved to a variable
35:       String mSelectSQL = "select id,title from board ";
36: 	   mSelectSQL += "order by title ";
37: 	   //mSelectSQL += "limit 12,6 ";
38: 	   mSelectSQL += "limit " + startpage + "," + perpage;
39: 
40: 		try
41: 		{


JSP 파일 [/view.jsp]의 [38] 행에서 오류가 발생했습니다.
perpage cannot be resolved to a variable
35:       String mSelectSQL = "select id,title from board ";
36: 	   mSelectSQL += "order by title ";
37: 	   //mSelectSQL += "limit 12,6 ";
38: 	   mSelectSQL += "limit " + startpage + "," + perpage;
39: 
40: 		try
41: 		{


Stacktrace:]을(를) 발생시켰습니다.
	org.apache.jasper.JasperException: JSP를 위한 클래스를 컴파일할 수 없습니다.: 

JSP 파일 [/view.jsp]의 [38] 행에서 오류가 발생했습니다.
startpage cannot be resolved to a variable
35:       String mSelectSQL = "select id,title from board ";
36: 	   mSelectSQL += "order by title ";
37: 	   //mSelectSQL += "limit 12,6 ";
38: 	   mSelectSQL += "limit " + startpage + "," + perpage;
39: 
40: 		try
41: 		{


JSP 파일 [/view.jsp]의 [38] 행에서 오류가 발생했습니다.
perpage cannot be resolved to a variable
35:       String mSelectSQL = "select id,title from board ";
36: 	   mSelectSQL += "order by title ";
37: 	   //mSelectSQL += "limit 12,6 ";
38: 	   mSelectSQL += "limit " + startpage + "," + perpage;
39: 
40: 		try
41: 		{


Stacktrace:
		at org.apache.jasper.compiler.DefaultErrorHandler.javacError(DefaultErrorHandler.java:102)
		at org.apache.jasper.compiler.ErrorDispatcher.javacError(ErrorDispatcher.java:212)
		at org.apache.jasper.compiler.JDTCompiler.generateClass(JDTCompiler.java:552)
		at org.apache.jasper.compiler.Compiler.compile(Compiler.java:381)
		at org.apache.jasper.compiler.Compiler.compile(Compiler.java:351)
		at org.apache.jasper.compiler.Compiler.compile(Compiler.java:335)
		at org.apache.jasper.JspCompilationContext.compile(JspCompilationContext.java:597)
		at org.apache.jasper.servlet.JspServletWrapper.service(JspServletWrapper.java:399)
		at org.apache.jasper.servlet.JspServlet.serviceJspFile(JspServlet.java:386)
		at org.apache.jasper.servlet.JspServlet.service(JspServlet.java:330)
		at javax.servlet.http.HttpServlet.service(HttpServlet.java:741)
		at org.apache.catalina.core.ApplicationFilterChain.internalDoFilter(ApplicationFilterChain.java:231)
		at org.apache.catalina.core.ApplicationFilterChain.doFilter(ApplicationFilterChain.java:166)
		at org.apache.tomcat.websocket.server.WsFilter.doFilter(WsFilter.java:52)
		at org.apache.catalina.core.ApplicationFilterChain.internalDoFilter(ApplicationFilterChain.java:193)
		at org.apache.catalina.core.ApplicationFilterChain.doFilter(ApplicationFilterChain.java:166)
		at org.apache.catalina.core.StandardWrapperValve.invoke(StandardWrapperValve.java:199)
		at org.apache.catalina.core.StandardContextValve.invoke(StandardContextValve.java:96)
		at org.apache.catalina.authenticator.AuthenticatorBase.invoke(AuthenticatorBase.java:543)
		at org.apache.catalina.core.StandardHostValve.invoke(StandardHostValve.java:139)
		at org.apache.catalina.valves.ErrorReportValve.invoke(ErrorReportValve.java:81)
		at org.apache.catalina.valves.AbstractAccessLogValve.invoke(AbstractAccessLogValve.java:688)
		at org.apache.catalina.core.StandardEngineValve.invoke(StandardEngineValve.java:87)
		at org.apache.catalina.connector.CoyoteAdapter.service(CoyoteAdapter.java:343)
		at org.apache.coyote.http11.Http11Processor.service(Http11Processor.java:609)
		at org.apache.coyote.AbstractProcessorLight.process(AbstractProcessorLight.java:65)
		at org.apache.coyote.AbstractProtocol$ConnectionHandler.process(AbstractProtocol.java:818)
		at org.apache.tomcat.util.net.NioEndpoint$SocketProcessor.doRun(NioEndpoint.java:1623)
		at org.apache.tomcat.util.net.SocketProcessorBase.run(SocketProcessorBase.java:49)
		at java.util.concurrent.ThreadPoolExecutor.runWorker(Unknown Source)
		at java.util.concurrent.ThreadPoolExecutor$Worker.run(Unknown Source)
		at org.apache.tomcat.util.threads.TaskThread$WrappingRunnable.run(TaskThread.java:61)
		at java.lang.Thread.run(Unknown Source)
08-Apr-2020 15:50:28.437 심각 [http-nio-8090-exec-7] org.apache.catalina.core.StandardWrapperValve.invoke 경로 [/board]의 컨텍스트 내의 서블릿 [jsp]을(를) 위한 Servlet.service() 호출이, 근본 원인(root cause)과 함께, 예외 [JSP를 위한 클래스를 컴파일할 수 없습니다.: 

JSP 파일 [/update_proc.jsp]의 [43] 행에서 오류가 발생했습니다.
mInsertSQL cannot be resolved to a variable
40: 		out.print(mUpdateSQL);
41: 		try
42: 		{
43: 			PreparedStatement mStatment  = mConnection.prepareStatement(mInsertSQL,ResultSet.TYPE_SCROLL_INSENSITIVE,ResultSet.CONCUR_UPDATABLE);
44: 			mStatment.executeUpdate();
45: 		}
46: 		catch (SQLException ex)


Stacktrace:]을(를) 발생시켰습니다.
	org.apache.jasper.JasperException: JSP를 위한 클래스를 컴파일할 수 없습니다.: 

JSP 파일 [/update_proc.jsp]의 [43] 행에서 오류가 발생했습니다.
mInsertSQL cannot be resolved to a variable
40: 		out.print(mUpdateSQL);
41: 		try
42: 		{
43: 			PreparedStatement mStatment  = mConnection.prepareStatement(mInsertSQL,ResultSet.TYPE_SCROLL_INSENSITIVE,ResultSet.CONCUR_UPDATABLE);
44: 			mStatment.executeUpdate();
45: 		}
46: 		catch (SQLException ex)


Stacktrace:
		at org.apache.jasper.compiler.DefaultErrorHandler.javacError(DefaultErrorHandler.java:102)
		at org.apache.jasper.compiler.ErrorDispatcher.javacError(ErrorDispatcher.java:212)
		at org.apache.jasper.compiler.JDTCompiler.generateClass(JDTCompiler.java:552)
		at org.apache.jasper.compiler.Compiler.compile(Compiler.java:381)
		at org.apache.jasper.compiler.Compiler.compile(Compiler.java:351)
		at org.apache.jasper.compiler.Compiler.compile(Compiler.java:335)
		at org.apache.jasper.JspCompilationContext.compile(JspCompilationContext.java:597)
		at org.apache.jasper.servlet.JspServletWrapper.service(JspServletWrapper.java:399)
		at org.apache.jasper.servlet.JspServlet.serviceJspFile(JspServlet.java:386)
		at org.apache.jasper.servlet.JspServlet.service(JspServlet.java:330)
		at javax.servlet.http.HttpServlet.service(HttpServlet.java:741)
		at org.apache.catalina.core.ApplicationFilterChain.internalDoFilter(ApplicationFilterChain.java:231)
		at org.apache.catalina.core.ApplicationFilterChain.doFilter(ApplicationFilterChain.java:166)
		at org.apache.tomcat.websocket.server.WsFilter.doFilter(WsFilter.java:52)
		at org.apache.catalina.core.ApplicationFilterChain.internalDoFilter(ApplicationFilterChain.java:193)
		at org.apache.catalina.core.ApplicationFilterChain.doFilter(ApplicationFilterChain.java:166)
		at org.apache.catalina.core.StandardWrapperValve.invoke(StandardWrapperValve.java:199)
		at org.apache.catalina.core.StandardContextValve.invoke(StandardContextValve.java:96)
		at org.apache.catalina.authenticator.AuthenticatorBase.invoke(AuthenticatorBase.java:543)
		at org.apache.catalina.core.StandardHostValve.invoke(StandardHostValve.java:139)
		at org.apache.catalina.valves.ErrorReportValve.invoke(ErrorReportValve.java:81)
		at org.apache.catalina.valves.AbstractAccessLogValve.invoke(AbstractAccessLogValve.java:688)
		at org.apache.catalina.core.StandardEngineValve.invoke(StandardEngineValve.java:87)
		at org.apache.catalina.connector.CoyoteAdapter.service(CoyoteAdapter.java:343)
		at org.apache.coyote.http11.Http11Processor.service(Http11Processor.java:609)
		at org.apache.coyote.AbstractProcessorLight.process(AbstractProcessorLight.java:65)
		at org.apache.coyote.AbstractProtocol$ConnectionHandler.process(AbstractProtocol.java:818)
		at org.apache.tomcat.util.net.NioEndpoint$SocketProcessor.doRun(NioEndpoint.java:1623)
		at org.apache.tomcat.util.net.SocketProcessorBase.run(SocketProcessorBase.java:49)
		at java.util.concurrent.ThreadPoolExecutor.runWorker(Unknown Source)
		at java.util.concurrent.ThreadPoolExecutor$Worker.run(Unknown Source)
		at org.apache.tomcat.util.threads.TaskThread$WrappingRunnable.run(TaskThread.java:61)
		at java.lang.Thread.run(Unknown Source)
